#
# There is insufficient memory for the Java Runtime Environment to continue.
# Native memory allocation (malloc) failed to allocate 23928832 bytes for committing reserved memory.
# Possible reasons:
#   The system is out of physical RAM or swap space
#   In 32 bit mode, the process size limit was hit
# Possible solutions:
#   Reduce memory load on the system
#   Increase physical memory or swap space
#   Check if swap backing store is full
#   Use 64 bit Java on a 64 bit OS
#   Decrease Java heap size (-Xmx/-Xms)
#   Decrease number of Java threads
#   Decrease Java thread stack sizes (-Xss)
#   Set larger code cache with -XX:ReservedCodeCacheSize=
# This output file may be truncated or incomplete.
#
#  Out of Memory Error (os_linux.cpp:2809), pid=23867, tid=3021663040
#
# JRE version: OpenJDK Runtime Environment (7.0_79-b14) (build 1.7.0_79-b14)
# Java VM: OpenJDK Client VM (24.79-b02 mixed mode, sharing linux-x86 )
# Derivative: IcedTea 2.5.6
# Distribution: Ubuntu 14.04 LTS, package 7u79-2.5.6-0ubuntu1.14.04.1
# Failed to write core dump. Core dumps have been disabled. To enable core dumping, try "ulimit -c unlimited" before starting Java again
#

---------------  T H R E A D  ---------------

Current thread (0xb6837400):  VMThread [stack: 0xb412e000,0xb41af000] [id=23888]

Stack: [0xb412e000,0xb41af000]
VM_Operation (0xb1683da8): GenCollectForAllocation, mode: safepoint, requested by thread 0xb1a40400


---------------  P R O C E S S  ---------------

Java Threads: ( => current thread )
  0xb1a4ec00 JavaThread "CacheReplicationMonitor(19231891)" [_thread_blocked, id=23930, stack(0xb135b000,0xb13ac000)]
  0xb1a4d400 JavaThread "org.apache.hadoop.hdfs.server.namenode.FSNamesystem$LazyPersistFileScrubber@1b0dad9" daemon [_thread_blocked, id=23929, stack(0xb13ac000,0xb13fd000)]
  0xb1a4b800 JavaThread "org.apache.hadoop.hdfs.server.namenode.FSNamesystem$NameNodeEditLogRoller@9278d5" daemon [_thread_blocked, id=23928, stack(0xb13fd000,0xb144e000)]
  0xb1a49c00 JavaThread "org.apache.hadoop.hdfs.server.namenode.FSNamesystem$NameNodeResourceMonitor@1fe0f27" daemon [_thread_blocked, id=23927, stack(0xb144e000,0xb149f000)]
  0xb1a48400 JavaThread "org.apache.hadoop.hdfs.server.namenode.LeaseManager$Monitor@106eae8" daemon [_thread_blocked, id=23926, stack(0xb149f000,0xb14f0000)]
  0xb1a46800 JavaThread "IPC Server handler 9 on 9000" daemon [_thread_blocked, id=23925, stack(0xb14f0000,0xb1541000)]
  0xb1a44c00 JavaThread "IPC Server handler 8 on 9000" daemon [_thread_blocked, id=23924, stack(0xb1541000,0xb1592000)]
  0xb1a43400 JavaThread "IPC Server handler 7 on 9000" daemon [_thread_blocked, id=23923, stack(0xb1592000,0xb15e3000)]
  0xb1a41c00 JavaThread "IPC Server handler 6 on 9000" daemon [_thread_blocked, id=23922, stack(0xb15e3000,0xb1634000)]
  0xb1a40400 JavaThread "IPC Server handler 5 on 9000" daemon [_thread_blocked, id=23921, stack(0xb1634000,0xb1685000)]
  0xb1a3e800 JavaThread "IPC Server handler 4 on 9000" daemon [_thread_blocked, id=23920, stack(0xb1685000,0xb16d6000)]
  0xb1a3d000 JavaThread "IPC Server handler 3 on 9000" daemon [_thread_blocked, id=23919, stack(0xb16d6000,0xb1727000)]
  0xb1a3b400 JavaThread "IPC Server handler 2 on 9000" daemon [_thread_blocked, id=23918, stack(0xb1727000,0xb1778000)]
  0xb1a39c00 JavaThread "IPC Server handler 1 on 9000" daemon [_thread_blocked, id=23917, stack(0xb1778000,0xb17c9000)]
  0xb1a38000 JavaThread "IPC Server handler 0 on 9000" daemon [_thread_blocked, id=23916, stack(0xb17c9000,0xb181a000)]
  0xb1a35400 JavaThread "IPC Server listener on 9000" daemon [_thread_blocked, id=23915, stack(0xb181a000,0xb186b000)]
  0xb1a32400 JavaThread "IPC Server Responder" daemon [_thread_in_native, id=23914, stack(0xb186b000,0xb18bc000)]
  0xb1a28800 JavaThread "org.apache.hadoop.hdfs.server.blockmanagement.BlockManager$ReplicationMonitor@1573e93" daemon [_thread_blocked, id=23913, stack(0xb18bc000,0xb190d000)]
  0xb1a25000 JavaThread "org.apache.hadoop.hdfs.server.blockmanagement.HeartbeatManager$Monitor@299c3e" daemon [_thread_blocked, id=23912, stack(0xb190d000,0xb195e000)]
  0xb1a26000 JavaThread "DecommissionMonitor-0" daemon [_thread_blocked, id=23911, stack(0xb195e000,0xb19af000)]
  0xb1a21c00 JavaThread "org.apache.hadoop.hdfs.server.blockmanagement.PendingReplicationBlocks$PendingReplicationMonitor@1feee93" daemon [_thread_blocked, id=23910, stack(0xb19af000,0xb1a00000)]
  0xb1a1e800 JavaThread "org.apache.hadoop.util.JvmPauseMonitor$Monitor@300a3c" daemon [_thread_blocked, id=23907, stack(0xb1b02000,0xb1b53000)]
  0xb1fa3800 JavaThread "IPC Server idle connection scanner for port 9000" daemon [_thread_blocked, id=23906, stack(0xb20af000,0xb2100000)]
  0xb1fa2800 JavaThread "Socket Reader #1 for port 9000" [_thread_blocked, id=23905, stack(0xb250d000,0xb255e000)]
  0xb24b0000 JavaThread "Timer-0" daemon [_thread_blocked, id=23904, stack(0xb255e000,0xb25af000)]
  0xb24aa400 JavaThread "27071314@qtp-18109172-1 - Acceptor0 HttpServer2$SelectChannelConnectorWithSafeStartup@0.0.0.0:50070" daemon [_thread_blocked, id=23903, stack(0xb25af000,0xb2600000)]
  0xb24a9400 JavaThread "7097360@qtp-18109172-0" daemon [_thread_blocked, id=23902, stack(0xb270d000,0xb275e000)]
  0xb245bc00 JavaThread "pool-1-thread-1" [_thread_blocked, id=23899, stack(0xb275e000,0xb27af000)]
  0xb28c3c00 JavaThread "Timer for 'NameNode' metrics system" daemon [_thread_blocked, id=23898, stack(0xb27af000,0xb2800000)]
  0xb6853800 JavaThread "Service Thread" daemon [_thread_blocked, id=23893, stack(0xb3b2e000,0xb3b7f000)]
  0xb6851c00 JavaThread "C1 CompilerThread0" daemon [_thread_blocked, id=23892, stack(0xb3b7f000,0xb3c00000)]
  0xb6850000 JavaThread "Signal Dispatcher" daemon [_thread_blocked, id=23891, stack(0xb3f0d000,0xb3f5e000)]
  0xb683a400 JavaThread "Finalizer" daemon [_thread_blocked, id=23890, stack(0xb3f5e000,0xb3faf000)]
  0xb6838c00 JavaThread "Reference Handler" daemon [_thread_blocked, id=23889, stack(0xb3faf000,0xb4000000)]
  0xb680e800 JavaThread "main" [_thread_blocked, id=23887, stack(0xb6949000,0xb699a000)]

Other Threads:
=>0xb6837400 VMThread [stack: 0xb412e000,0xb41af000] [id=23888]
  0xb6856000 WatcherThread [stack: 0xb3aad000,0xb3b2e000] [id=23894]

VM state:at safepoint (normal execution)

VM Mutex/Monitor currently owned by a thread:  ([mutex/lock_event])
[0xb680beb8] Threads_lock - owner thread: 0xb6837400
[0xb680c2c8] Heap_lock - owner thread: 0xb1a40400

Heap
 def new generation   total 15552K, used 115K [0x50000000, 0x510e0000, 0x64d50000)
  eden space 13824K,   0% used [0x50000000, 0x5001cd40, 0x50d80000)
  from space 1728K,   0% used [0x50f30000, 0x50f30000, 0x510e0000)
  to   space 1728K,   0% used [0x50d80000, 0x50d80000, 0x50f30000)
 tenured generation   total 35052K, used 35050K [0x64d50000, 0x66f8b000, 0x8e800000)
   the space 35052K,  99% used [0x64d50000, 0x66f8a820, 0x66f8aa00, 0x66f8b000)
 compacting perm gen  total 15872K, used 15764K [0x8e800000, 0x8f780000, 0x92800000)
   the space 15872K,  99% used [0x8e800000, 0x8f7651a0, 0x8f765200, 0x8f780000)
    ro space 10240K,  58% used [0x92800000, 0x92de1330, 0x92de1400, 0x93200000)
    rw space 12288K,  59% used [0x93200000, 0x93916340, 0x93916400, 0x93e00000)

Card table byte_map: [0xb4525000,0xb4745000] byte_map_base: 0xb42a5000

Polling page: 0xb773c000

Code Cache  [0xb47c5000, 0xb4a15000, 0xb67c5000)
 total_blobs=1369 nmethods=1133 adapters=172 free_code_cache=30428Kb largest_free_block=31156864

Compilation events (10 events):
Event: 191.069 Thread 0xb6851c00 1155             java.nio.Buffer::rewind (12 bytes)
Event: 191.070 Thread 0xb6851c00 nmethod 1155 0xb4a0d5c8 code [0xb4a0d6c0, 0xb4a0d750]
Event: 191.074 Thread 0xb6851c00 1156             sun.nio.ch.Util$BufferCache::next (8 bytes)
Event: 191.074 Thread 0xb6851c00 nmethod 1156 0xb4a0d788 code [0xb4a0d880, 0xb4a0d920]
Event: 191.098 Thread 0xb6851c00 1157             java.util.HashMap$KeySet::iterator (8 bytes)
Event: 191.100 Thread 0xb6851c00 nmethod 1157 0xb4a0d988 code [0xb4a0da90, 0xb4a0db2c]
Event: 191.914 Thread 0xb6851c00 1158             sun.nio.ch.Util$BufferCache::get (143 bytes)
Event: 191.954 Thread 0xb6851c00 nmethod 1158 0xb4a0db88 code [0xb4a0dcb0, 0xb4a0df3c]
Event: 191.954 Thread 0xb6851c00 1159             sun.nio.ch.Util$BufferCache::offerFirst (52 bytes)
Event: 191.969 Thread 0xb6851c00 nmethod 1159 0xb4a0e208 code [0xb4a0e310, 0xb4a0e470]

GC Heap History (10 events):
Event: 1.930 GC heap after
Heap after GC invocations=33 (full 2):
 def new generation   total 15552K, used 1035K [0x50000000, 0x510e0000, 0x64d50000)
  eden space 13824K,   0% used [0x50000000, 0x50000000, 0x50d80000)
  from space 1728K,  59% used [0x50d80000, 0x50e82f30, 0x50f30000)
  to   space 1728K,   0% used [0x50f30000, 0x50f30000, 0x510e0000)
 tenured generation   total 34540K, used 33292K [0x64d50000, 0x66f0b000, 0x8e800000)
   the space 34540K,  96% used [0x64d50000, 0x66dd3038, 0x66dd3200, 0x66f0b000)
 compacting perm gen  total 12288K, used 11486K [0x8e800000, 0x8f400000, 0x92800000)
   the space 12288K,  93% used [0x8e800000, 0x8f3378f8, 0x8f337a00, 0x8f400000)
    ro space 10240K,  58% used [0x92800000, 0x92de1330, 0x92de1400, 0x93200000)
    rw space 12288K,  59% used [0x93200000, 0x93916340, 0x93916400, 0x93e00000)
}
Event: 2.032 GC heap before
{Heap before GC invocations=33 (full 2):
 def new generation   total 15552K, used 14859K [0x50000000, 0x510e0000, 0x64d50000)
  eden space 13824K, 100% used [0x50000000, 0x50d80000, 0x50d80000)
  from space 1728K,  59% used [0x50d80000, 0x50e82f30, 0x50f30000)
  to   space 1728K,   0% used [0x50f30000, 0x50f30000, 0x510e0000)
 tenured generation   total 34540K, used 33292K [0x64d50000, 0x66f0b000, 0x8e800000)
   the space 34540K,  96% used [0x64d50000, 0x66dd3038, 0x66dd3200, 0x66f0b000)
 compacting perm gen  total 12288K, used 12284K [0x8e800000, 0x8f400000, 0x92800000)
   the space 12288K,  99% used [0x8e800000, 0x8f3ff290, 0x8f3ff400, 0x8f400000)
    ro space 10240K,  58% used [0x92800000, 0x92de1330, 0x92de1400, 0x93200000)
    rw space 12288K,  59% used [0x93200000, 0x93916340, 0x93916400, 0x93e00000)
Event: 2.037 GC heap after
Heap after GC invocations=34 (full 2):
 def new generation   total 15552K, used 1511K [0x50000000, 0x510e0000, 0x64d50000)
  eden space 13824K,   0% used [0x50000000, 0x50000000, 0x50d80000)
  from space 1728K,  87% used [0x50f30000, 0x510a9ec8, 0x510e0000)
  to   space 1728K,   0% used [0x50d80000, 0x50d80000, 0x50f30000)
 tenured generation   total 34540K, used 33350K [0x64d50000, 0x66f0b000, 0x8e800000)
   the space 34540K,  96% used [0x64d50000, 0x66de1bf0, 0x66de1c00, 0x66f0b000)
 compacting perm gen  total 12288K, used 12284K [0x8e800000, 0x8f400000, 0x92800000)
   the space 12288K,  99% used [0x8e800000, 0x8f3ff290, 0x8f3ff400, 0x8f400000)
    ro space 10240K,  58% used [0x92800000, 0x92de1330, 0x92de1400, 0x93200000)
    rw space 12288K,  59% used [0x93200000, 0x93916340, 0x93916400, 0x93e00000)
}
Event: 2.278 GC heap before
{Heap before GC invocations=34 (full 2):
 def new generation   total 15552K, used 15335K [0x50000000, 0x510e0000, 0x64d50000)
  eden space 13824K, 100% used [0x50000000, 0x50d80000, 0x50d80000)
  from space 1728K,  87% used [0x50f30000, 0x510a9ec8, 0x510e0000)
  to   space 1728K,   0% used [0x50d80000, 0x50d80000, 0x50f30000)
 tenured generation   total 34540K, used 33350K [0x64d50000, 0x66f0b000, 0x8e800000)
   the space 34540K,  96% used [0x64d50000, 0x66de1bf0, 0x66de1c00, 0x66f0b000)
 compacting perm gen  total 13568K, used 13383K [0x8e800000, 0x8f540000, 0x92800000)
   the space 13568K,  98% used [0x8e800000, 0x8f511fe8, 0x8f512000, 0x8f540000)
    ro space 10240K,  58% used [0x92800000, 0x92de1330, 0x92de1400, 0x93200000)
    rw space 12288K,  59% used [0x93200000, 0x93916340, 0x93916400, 0x93e00000)
Event: 2.283 GC heap after
Heap after GC invocations=35 (full 2):
 def new generation   total 15552K, used 1581K [0x50000000, 0x510e0000, 0x64d50000)
  eden space 13824K,   0% used [0x50000000, 0x50000000, 0x50d80000)
  from space 1728K,  91% used [0x50d80000, 0x50f0b700, 0x50f30000)
  to   space 1728K,   0% used [0x50f30000, 0x50f30000, 0x510e0000)
 tenured generation   total 34540K, used 33936K [0x64d50000, 0x66f0b000, 0x8e800000)
   the space 34540K,  98% used [0x64d50000, 0x66e742e8, 0x66e74400, 0x66f0b000)
 compacting perm gen  total 13568K, used 13383K [0x8e800000, 0x8f540000, 0x92800000)
   the space 13568K,  98% used [0x8e800000, 0x8f511fe8, 0x8f512000, 0x8f540000)
    ro space 10240K,  58% used [0x92800000, 0x92de1330, 0x92de1400, 0x93200000)
    rw space 12288K,  59% used [0x93200000, 0x93916340, 0x93916400, 0x93e00000)
}
Event: 3.188 GC heap before
{Heap before GC invocations=35 (full 2):
 def new generation   total 15552K, used 15405K [0x50000000, 0x510e0000, 0x64d50000)
  eden space 13824K, 100% used [0x50000000, 0x50d80000, 0x50d80000)
  from space 1728K,  91% used [0x50d80000, 0x50f0b700, 0x50f30000)
  to   space 1728K,   0% used [0x50f30000, 0x50f30000, 0x510e0000)
 tenured generation   total 34540K, used 33936K [0x64d50000, 0x66f0b000, 0x8e800000)
   the space 34540K,  98% used [0x64d50000, 0x66e742e8, 0x66e74400, 0x66f0b000)
 compacting perm gen  total 14336K, used 14282K [0x8e800000, 0x8f600000, 0x92800000)
   the space 14336K,  99% used [0x8e800000, 0x8f5f29e0, 0x8f5f2a00, 0x8f600000)
    ro space 10240K,  58% used [0x92800000, 0x92de1330, 0x92de1400, 0x93200000)
    rw space 12288K,  59% used [0x93200000, 0x93916340, 0x93916400, 0x93e00000)
Event: 3.194 GC heap after
Heap after GC invocations=36 (full 2):
 def new generation   total 15552K, used 1232K [0x50000000, 0x510e0000, 0x64d50000)
  eden space 13824K,   0% used [0x50000000, 0x50000000, 0x50d80000)
  from space 1728K,  71% used [0x50f30000, 0x51064360, 0x510e0000)
  to   space 1728K,   0% used [0x50d80000, 0x50d80000, 0x50f30000)
 tenured generation   total 34540K, used 34278K [0x64d50000, 0x66f0b000, 0x8e800000)
   the space 34540K,  99% used [0x64d50000, 0x66ec9818, 0x66ec9a00, 0x66f0b000)
 compacting perm gen  total 14336K, used 14282K [0x8e800000, 0x8f600000, 0x92800000)
   the space 14336K,  99% used [0x8e800000, 0x8f5f29e0, 0x8f5f2a00, 0x8f600000)
    ro space 10240K,  58% used [0x92800000, 0x92de1330, 0x92de1400, 0x93200000)
    rw space 12288K,  59% used [0x93200000, 0x93916340, 0x93916400, 0x93e00000)
}
Event: 99.301 GC heap before
{Heap before GC invocations=36 (full 2):
 def new generation   total 15552K, used 15056K [0x50000000, 0x510e0000, 0x64d50000)
  eden space 13824K, 100% used [0x50000000, 0x50d80000, 0x50d80000)
  from space 1728K,  71% used [0x50f30000, 0x51064360, 0x510e0000)
  to   space 1728K,   0% used [0x50d80000, 0x50d80000, 0x50f30000)
 tenured generation   total 34540K, used 34278K [0x64d50000, 0x66f0b000, 0x8e800000)
   the space 34540K,  99% used [0x64d50000, 0x66ec9818, 0x66ec9a00, 0x66f0b000)
 compacting perm gen  total 15360K, used 15137K [0x8e800000, 0x8f700000, 0x92800000)
   the space 15360K,  98% used [0x8e800000, 0x8f6c87a8, 0x8f6c8800, 0x8f700000)
    ro space 10240K,  58% used [0x92800000, 0x92de1330, 0x92de1400, 0x93200000)
    rw space 12288K,  59% used [0x93200000, 0x93916340, 0x93916400, 0x93e00000)
Event: 99.305 GC heap after
Heap after GC invocations=37 (full 2):
 def new generation   total 15552K, used 1415K [0x50000000, 0x510e0000, 0x64d50000)
  eden space 13824K,   0% used [0x50000000, 0x50000000, 0x50d80000)
  from space 1728K,  81% used [0x50d80000, 0x50ee1f40, 0x50f30000)
  to   space 1728K,   0% used [0x50f30000, 0x50f30000, 0x510e0000)
 tenured generation   total 34540K, used 34456K [0x64d50000, 0x66f0b000, 0x8e800000)
   the space 34540K,  99% used [0x64d50000, 0x66ef6208, 0x66ef6400, 0x66f0b000)
 compacting perm gen  total 15360K, used 15137K [0x8e800000, 0x8f700000, 0x92800000)
   the space 15360K,  98% used [0x8e800000, 0x8f6c87a8, 0x8f6c8800, 0x8f700000)
    ro space 10240K,  58% used [0x92800000, 0x92de1330, 0x92de1400, 0x93200000)
    rw space 12288K,  59% used [0x93200000, 0x93916340, 0x93916400, 0x93e00000)
}
Event: 193.529 GC heap before
{Heap before GC invocations=37 (full 2):
 def new generation   total 15552K, used 15239K [0x50000000, 0x510e0000, 0x64d50000)
  eden space 13824K, 100% used [0x50000000, 0x50d80000, 0x50d80000)
  from space 1728K,  81% used [0x50d80000, 0x50ee1f40, 0x50f30000)
  to   space 1728K,   0% used [0x50f30000, 0x50f30000, 0x510e0000)
 tenured generation   total 34540K, used 34456K [0x64d50000, 0x66f0b000, 0x8e800000)
   the space 34540K,  99% used [0x64d50000, 0x66ef6208, 0x66ef6400, 0x66f0b000)
 compacting perm gen  total 15872K, used 15764K [0x8e800000, 0x8f780000, 0x92800000)
   the space 15872K,  99% used [0x8e800000, 0x8f7651a0, 0x8f765200, 0x8f780000)
    ro space 10240K,  58% used [0x92800000, 0x92de1330, 0x92de1400, 0x93200000)
    rw space 12288K,  59% used [0x93200000, 0x93916340, 0x93916400, 0x93e00000)

Deoptimization events (0 events):
No events

Internal exceptions (10 events):
Event: 118.978 Thread 0xb1a40400 Threw 0x50836b88 at /build/openjdk-7-OXg_HK/openjdk-7-7u79-2.5.6/build/openjdk/hotspot/src/share/vm/prims/jvm.cpp:1284
Event: 119.625 Thread 0xb1a40400 Threw 0x50895a20 at /build/openjdk-7-OXg_HK/openjdk-7-7u79-2.5.6/build/openjdk/hotspot/src/share/vm/prims/jvm.cpp:1284
Event: 119.802 Thread 0xb1a40400 Threw 0x508bec80 at /build/openjdk-7-OXg_HK/openjdk-7-7u79-2.5.6/build/openjdk/hotspot/src/share/vm/prims/jvm.cpp:1284
Event: 119.834 Thread 0xb1a40400 Threw 0x508d26a8 at /build/openjdk-7-OXg_HK/openjdk-7-7u79-2.5.6/build/openjdk/hotspot/src/share/vm/prims/jvm.cpp:1284
Event: 136.950 Thread 0xb1a1e800 Threw 0x5047d560 at /build/openjdk-7-OXg_HK/openjdk-7-7u79-2.5.6/build/openjdk/hotspot/src/share/vm/prims/jvm.cpp:1284
Event: 137.247 Thread 0xb1a41c00 Threw 0x509b0c48 at /build/openjdk-7-OXg_HK/openjdk-7-7u79-2.5.6/build/openjdk/hotspot/src/share/vm/prims/jvm.cpp:1284
Event: 137.668 Thread 0xb1a1e800 Threw 0x509e7728 at /build/openjdk-7-OXg_HK/openjdk-7-7u79-2.5.6/build/openjdk/hotspot/src/share/vm/prims/jvm.cpp:1284
Event: 137.982 Thread 0xb1a41c00 Threw 0x50a04400 at /build/openjdk-7-OXg_HK/openjdk-7-7u79-2.5.6/build/openjdk/hotspot/src/share/vm/prims/jvm.cpp:1284
Event: 138.131 Thread 0xb1a41c00 Threw 0x50a19c90 at /build/openjdk-7-OXg_HK/openjdk-7-7u79-2.5.6/build/openjdk/hotspot/src/share/vm/prims/jvm.cpp:1284
Event: 138.170 Thread 0xb1a41c00 Threw 0x50a2e668 at /build/openjdk-7-OXg_HK/openjdk-7-7u79-2.5.6/build/openjdk/hotspot/src/share/vm/prims/jvm.cpp:1284

Events (10 events):
Event: 191.898 Executing VM operation: RevokeBias done
Event: 192.006 Executing VM operation: RevokeBias
Event: 192.006 Executing VM operation: RevokeBias done
Event: 192.613 Executing VM operation: RevokeBias
Event: 192.617 Executing VM operation: RevokeBias done
Event: 192.649 Executing VM operation: RevokeBias
Event: 192.649 Executing VM operation: RevokeBias done
Event: 193.483 Executing VM operation: RevokeBias
Event: 193.516 Executing VM operation: RevokeBias done
Event: 193.529 Executing VM operation: GenCollectForAllocation


Dynamic libraries:
08048000-08049000 r-xp 00000000 08:01 292954     /usr/lib/jvm/java-7-openjdk-i386/jre/bin/java
08049000-0804a000 r--p 00000000 08:01 292954     /usr/lib/jvm/java-7-openjdk-i386/jre/bin/java
0804a000-0804b000 rw-p 00001000 08:01 292954     /usr/lib/jvm/java-7-openjdk-i386/jre/bin/java
0873f000-087f1000 rw-p 00000000 00:00 0          [heap]
50000000-510e0000 rw-p 00000000 00:00 0 
510e0000-64d50000 rw-p 00000000 00:00 0 
64d50000-66f8b000 rw-p 00000000 00:00 0 
6865d000-8e800000 rw-p 00000000 00:00 0 
8e800000-8f780000 rw-p 00000000 00:00 0 
8f780000-92800000 rw-p 00000000 00:00 0 
92800000-92de2000 r--p 00001000 08:01 293343     /usr/lib/jvm/java-7-openjdk-i386/jre/lib/i386/client/classes.jsa
92de2000-93200000 rw-p 00000000 00:00 0 
93200000-93917000 rw-p 005e3000 08:01 293343     /usr/lib/jvm/java-7-openjdk-i386/jre/lib/i386/client/classes.jsa
93917000-93e00000 rw-p 00000000 00:00 0 
93e00000-94112000 rw-p 00cfa000 08:01 293343     /usr/lib/jvm/java-7-openjdk-i386/jre/lib/i386/client/classes.jsa
94112000-94200000 rw-p 00000000 00:00 0 
94200000-94209000 r-xp 0100c000 08:01 293343     /usr/lib/jvm/java-7-openjdk-i386/jre/lib/i386/client/classes.jsa
94209000-94600000 rw-p 00000000 00:00 0 
b12b9000-b12bc000 ---p 00000000 00:00 0 
b12bc000-b130a000 rw-p 00000000 00:00 0 
b130a000-b130d000 ---p 00000000 00:00 0 
b130d000-b135b000 rw-p 00000000 00:00 0 
b135b000-b135e000 ---p 00000000 00:00 0 
b135e000-b13ac000 rw-p 00000000 00:00 0          [stack:23930]
b13ac000-b13af000 ---p 00000000 00:00 0 
b13af000-b13fd000 rw-p 00000000 00:00 0          [stack:23929]
b13fd000-b1400000 ---p 00000000 00:00 0 
b1400000-b144e000 rw-p 00000000 00:00 0          [stack:23928]
b144e000-b1451000 ---p 00000000 00:00 0 
b1451000-b149f000 rw-p 00000000 00:00 0          [stack:23927]
b149f000-b14a2000 ---p 00000000 00:00 0 
b14a2000-b14f0000 rw-p 00000000 00:00 0          [stack:23926]
b14f0000-b14f3000 ---p 00000000 00:00 0 
b14f3000-b1541000 rw-p 00000000 00:00 0          [stack:23925]
b1541000-b1544000 ---p 00000000 00:00 0 
b1544000-b1592000 rw-p 00000000 00:00 0          [stack:23924]
b1592000-b1595000 ---p 00000000 00:00 0 
b1595000-b15e3000 rw-p 00000000 00:00 0          [stack:23923]
b15e3000-b15e6000 ---p 00000000 00:00 0 
b15e6000-b1634000 rw-p 00000000 00:00 0          [stack:23922]
b1634000-b1637000 ---p 00000000 00:00 0 
b1637000-b1685000 rw-p 00000000 00:00 0          [stack:23921]
b1685000-b1688000 ---p 00000000 00:00 0 
b1688000-b16d6000 rw-p 00000000 00:00 0          [stack:23920]
b16d6000-b16d9000 ---p 00000000 00:00 0 
b16d9000-b1727000 rw-p 00000000 00:00 0          [stack:23919]
b1727000-b172a000 ---p 00000000 00:00 0 
b172a000-b1778000 rw-p 00000000 00:00 0          [stack:23918]
b1778000-b177b000 ---p 00000000 00:00 0 
b177b000-b17c9000 rw-p 00000000 00:00 0          [stack:23917]
b17c9000-b17cc000 ---p 00000000 00:00 0 
b17cc000-b181a000 rw-p 00000000 00:00 0          [stack:23916]
b181a000-b181d000 ---p 00000000 00:00 0 
b181d000-b186b000 rw-p 00000000 00:00 0          [stack:23915]
b186b000-b186e000 ---p 00000000 00:00 0 
b186e000-b18bc000 rw-p 00000000 00:00 0          [stack:23914]
b18bc000-b18bf000 ---p 00000000 00:00 0 
b18bf000-b190d000 rw-p 00000000 00:00 0          [stack:23913]
b190d000-b1910000 ---p 00000000 00:00 0 
b1910000-b195e000 rw-p 00000000 00:00 0          [stack:23912]
b195e000-b1961000 ---p 00000000 00:00 0 
b1961000-b19af000 rw-p 00000000 00:00 0          [stack:23911]
b19af000-b19b2000 ---p 00000000 00:00 0 
b19b2000-b1a00000 rw-p 00000000 00:00 0          [stack:23910]
b1a00000-b1a78000 rw-p 00000000 00:00 0 
b1a78000-b1b00000 ---p 00000000 00:00 0 
b1b02000-b1b05000 ---p 00000000 00:00 0 
b1b05000-b1b53000 rw-p 00000000 00:00 0          [stack:23907]
b1b53000-b1bb7000 r-xp 00000000 08:01 7610       /usr/lib/i386-linux-gnu/nss/libfreebl3.so
b1bb7000-b1bb8000 r--p 00063000 08:01 7610       /usr/lib/i386-linux-gnu/nss/libfreebl3.so
b1bb8000-b1bb9000 rw-p 00064000 08:01 7610       /usr/lib/i386-linux-gnu/nss/libfreebl3.so
b1bb9000-b1bbd000 rw-p 00000000 00:00 0 
b1bbd000-b1c76000 r-xp 00000000 08:01 6715       /usr/lib/i386-linux-gnu/libsqlite3.so.0.8.6
b1c76000-b1c78000 r--p 000b8000 08:01 6715       /usr/lib/i386-linux-gnu/libsqlite3.so.0.8.6
b1c78000-b1c79000 rw-p 000ba000 08:01 6715       /usr/lib/i386-linux-gnu/libsqlite3.so.0.8.6
b1c79000-b1c7a000 rw-p 00000000 00:00 0 
b1c7a000-b1cb9000 r-xp 00000000 08:01 7616       /usr/lib/i386-linux-gnu/nss/libsoftokn3.so
b1cb9000-b1cba000 ---p 0003f000 08:01 7616       /usr/lib/i386-linux-gnu/nss/libsoftokn3.so
b1cba000-b1cbb000 r--p 0003f000 08:01 7616       /usr/lib/i386-linux-gnu/nss/libsoftokn3.so
b1cbb000-b1cbc000 rw-p 00040000 08:01 7616       /usr/lib/i386-linux-gnu/nss/libsoftokn3.so
b1cbc000-b1dfa000 r-xp 00000000 08:01 6518       /usr/lib/i386-linux-gnu/libnss3.so
b1dfa000-b1dfd000 r--p 0013e000 08:01 6518       /usr/lib/i386-linux-gnu/libnss3.so
b1dfd000-b1dfe000 rw-p 00141000 08:01 6518       /usr/lib/i386-linux-gnu/libnss3.so
b1dfe000-b1f00000 rw-p 00000000 00:00 0 
b1f00000-b2000000 rw-p 00000000 00:00 0 
b2039000-b2072000 r-xp 00000000 08:01 6517       /usr/lib/i386-linux-gnu/libnspr4.so
b2072000-b2073000 r--p 00039000 08:01 6517       /usr/lib/i386-linux-gnu/libnspr4.so
b2073000-b2074000 rw-p 0003a000 08:01 6517       /usr/lib/i386-linux-gnu/libnspr4.so
b2074000-b2076000 rw-p 00000000 00:00 0 
b2076000-b2097000 r-xp 00000000 08:01 6526       /usr/lib/i386-linux-gnu/libnssutil3.so
b2097000-b209a000 r--p 00020000 08:01 6526       /usr/lib/i386-linux-gnu/libnssutil3.so
b209a000-b209b000 rw-p 00023000 08:01 6526       /usr/lib/i386-linux-gnu/libnssutil3.so
b20af000-b20b2000 ---p 00000000 00:00 0 
b20b2000-b2100000 rw-p 00000000 00:00 0          [stack:23906]
b2100000-b2138000 rw-p 00000000 00:00 0 
b2138000-b2200000 ---p 00000000 00:00 0 
b2200000-b22e5000 rw-p 00000000 00:00 0 
b22e5000-b2300000 ---p 00000000 00:00 0 
b2300000-b23fe000 rw-p 00000000 00:00 0 
b23fe000-b2400000 ---p 00000000 00:00 0 
b2400000-b2500000 rw-p 00000000 00:00 0 
b250d000-b2510000 ---p 00000000 00:00 0 
b2510000-b255e000 rw-p 00000000 00:00 0          [stack:23905]
b255e000-b2561000 ---p 00000000 00:00 0 
b2561000-b25af000 rw-p 00000000 00:00 0          [stack:23904]
b25af000-b25b2000 ---p 00000000 00:00 0 
b25b2000-b2600000 rw-p 00000000 00:00 0          [stack:23903]
b2600000-b2700000 rw-p 00000000 00:00 0 
b270d000-b2710000 ---p 00000000 00:00 0 
b2710000-b275e000 rw-p 00000000 00:00 0          [stack:23902]
b275e000-b2761000 ---p 00000000 00:00 0 
b2761000-b27af000 rw-p 00000000 00:00 0          [stack:23899]
b27af000-b27b2000 ---p 00000000 00:00 0 
b27b2000-b2800000 rw-p 00000000 00:00 0          [stack:23898]
b2800000-b2900000 rw-p 00000000 00:00 0 
b2908000-b2919000 r-xp 00000000 08:01 292872     /usr/lib/jvm/java-7-openjdk-i386/jre/lib/i386/libj2pkcs11.so
b2919000-b291a000 r--p 00010000 08:01 292872     /usr/lib/jvm/java-7-openjdk-i386/jre/lib/i386/libj2pkcs11.so
b291a000-b291b000 rw-p 00011000 08:01 292872     /usr/lib/jvm/java-7-openjdk-i386/jre/lib/i386/libj2pkcs11.so
b291b000-b2920000 r-xp 00000000 08:01 918698     /lib/i386-linux-gnu/libnss_dns-2.19.so
b2920000-b2921000 r--p 00004000 08:01 918698     /lib/i386-linux-gnu/libnss_dns-2.19.so
b2921000-b2922000 rw-p 00005000 08:01 918698     /lib/i386-linux-gnu/libnss_dns-2.19.so
b2928000-b292b000 r-xp 00000000 08:01 6581       /usr/lib/i386-linux-gnu/libplds4.so
b292b000-b292c000 r--p 00002000 08:01 6581       /usr/lib/i386-linux-gnu/libplds4.so
b292c000-b292d000 rw-p 00003000 08:01 6581       /usr/lib/i386-linux-gnu/libplds4.so
b292d000-b2931000 r-xp 00000000 08:01 6580       /usr/lib/i386-linux-gnu/libplc4.so
b2931000-b2932000 r--p 00003000 08:01 6580       /usr/lib/i386-linux-gnu/libplc4.so
b2932000-b2933000 rw-p 00004000 08:01 6580       /usr/lib/i386-linux-gnu/libplc4.so
b2933000-b2936000 r--s 00017000 08:01 292893     /usr/lib/jvm/java-7-openjdk-i386/jre/lib/jce.jar
b2936000-b2939000 ---p 00000000 00:00 0 
b2939000-b294f000 rw-p 00000000 00:00 0 
b294f000-b298b000 r-xp 00000000 08:01 918728     /lib/i386-linux-gnu/libpcre.so.3.13.1
b298b000-b298c000 r--p 0003b000 08:01 918728     /lib/i386-linux-gnu/libpcre.so.3.13.1
b298c000-b298d000 rw-p 0003c000 08:01 918728     /lib/i386-linux-gnu/libpcre.so.3.13.1
b298d000-b2992000 r-xp 00000000 08:01 6103       /usr/lib/i386-linux-gnu/libffi.so.6.0.1
b2992000-b2993000 r--p 00005000 08:01 6103       /usr/lib/i386-linux-gnu/libffi.so.6.0.1
b2993000-b2994000 rw-p 00006000 08:01 6103       /usr/lib/i386-linux-gnu/libffi.so.6.0.1
b2994000-b29a7000 r-xp 00000000 08:01 918751     /lib/i386-linux-gnu/libresolv-2.19.so
b29a7000-b29a8000 ---p 00013000 08:01 918751     /lib/i386-linux-gnu/libresolv-2.19.so
b29a8000-b29a9000 r--p 00013000 08:01 918751     /lib/i386-linux-gnu/libresolv-2.19.so
b29a9000-b29aa000 rw-p 00014000 08:01 918751     /lib/i386-linux-gnu/libresolv-2.19.so
b29aa000-b29ac000 rw-p 00000000 00:00 0 
b29ac000-b29cc000 r-xp 00000000 08:01 918755     /lib/i386-linux-gnu/libselinux.so.1
b29cc000-b29cd000 r--p 0001f000 08:01 918755     /lib/i386-linux-gnu/libselinux.so.1
b29cd000-b29ce000 rw-p 00020000 08:01 918755     /lib/i386-linux-gnu/libselinux.so.1
b29ce000-b29cf000 rw-p 00000000 00:00 0 
b29cf000-b29d2000 r-xp 00000000 08:01 6216       /usr/lib/i386-linux-gnu/libgmodule-2.0.so.0.4002.0
b29d2000-b29d3000 r--p 00002000 08:01 6216       /usr/lib/i386-linux-gnu/libgmodule-2.0.so.0.4002.0
b29d3000-b29d4000 rw-p 00003000 08:01 6216       /usr/lib/i386-linux-gnu/libgmodule-2.0.so.0.4002.0
b29d4000-b2ade000 r-xp 00000000 08:01 918656     /lib/i386-linux-gnu/libglib-2.0.so.0.4002.0
b2ade000-b2adf000 r--p 00109000 08:01 918656     /lib/i386-linux-gnu/libglib-2.0.so.0.4002.0
b2adf000-b2ae0000 rw-p 0010a000 08:01 918656     /lib/i386-linux-gnu/libglib-2.0.so.0.4002.0
b2ae0000-b2b30000 r-xp 00000000 08:01 6232       /usr/lib/i386-linux-gnu/libgobject-2.0.so.0.4002.0
b2b30000-b2b31000 r--p 0004f000 08:01 6232       /usr/lib/i386-linux-gnu/libgobject-2.0.so.0.4002.0
b2b31000-b2b32000 rw-p 00050000 08:01 6232       /usr/lib/i386-linux-gnu/libgobject-2.0.so.0.4002.0
b2b32000-b2caf000 r-xp 00000000 08:01 6204       /usr/lib/i386-linux-gnu/libgio-2.0.so.0.4002.0
b2caf000-b2cb1000 r--p 0017d000 08:01 6204       /usr/lib/i386-linux-gnu/libgio-2.0.so.0.4002.0
b2cb1000-b2cb2000 rw-p 0017f000 08:01 6204       /usr/lib/i386-linux-gnu/libgio-2.0.so.0.4002.0
b2cb2000-b2cb3000 rw-p 00000000 00:00 0 
b2cb3000-b2cb5000 r-xp 00000000 08:01 918706     /lib/i386-linux-gnu/libnss_mdns4_minimal.so.2
b2cb5000-b2cb6000 r--p 00001000 08:01 918706     /lib/i386-linux-gnu/libnss_mdns4_minimal.so.2
b2cb6000-b2cb7000 rw-p 00002000 08:01 918706     /lib/i386-linux-gnu/libnss_mdns4_minimal.so.2
b2cb7000-b2cbc000 r--s 0004d000 08:01 292846     /usr/lib/jvm/java-7-openjdk-i386/jre/lib/jsse.jar
b2cbc000-b2cc5000 r-xp 00000000 08:01 292874     /usr/lib/jvm/java-7-openjdk-i386/jre/lib/i386/libmanagement.so
b2cc5000-b2cc6000 r--p 00008000 08:01 292874     /usr/lib/jvm/java-7-openjdk-i386/jre/lib/i386/libmanagement.so
b2cc6000-b2cc7000 rw-p 00009000 08:01 292874     /usr/lib/jvm/java-7-openjdk-i386/jre/lib/i386/libmanagement.so
b2cc7000-b2cde000 r-xp 00000000 08:01 292880     /usr/lib/jvm/java-7-openjdk-i386/jre/lib/i386/libnet.so
b2cde000-b2cdf000 r--p 00017000 08:01 292880     /usr/lib/jvm/java-7-openjdk-i386/jre/lib/i386/libnet.so
b2cdf000-b2ce0000 rw-p 00018000 08:01 292880     /usr/lib/jvm/java-7-openjdk-i386/jre/lib/i386/libnet.so
b2ce0000-b2cf1000 r-xp 00000000 08:01 292885     /usr/lib/jvm/java-7-openjdk-i386/jre/lib/i386/libnio.so
b2cf1000-b2cf2000 r--p 00010000 08:01 292885     /usr/lib/jvm/java-7-openjdk-i386/jre/lib/i386/libnio.so
b2cf2000-b2cf3000 rw-p 00011000 08:01 292885     /usr/lib/jvm/java-7-openjdk-i386/jre/lib/i386/libnio.so
b2cf3000-b2d00000 r--s 000ab000 08:01 410393     /usr/local/hadoop-2.7.1/share/hadoop/mapreduce/hadoop-mapreduce-client-common-2.7.1.jar
b2d00000-b2df0000 rw-p 00000000 00:00 0 
b2df0000-b2e00000 ---p 00000000 00:00 0 
b2e00000-b2f00000 rw-p 00000000 00:00 0 
b2f00000-b2f01000 r-xp 00000000 08:01 292859     /usr/lib/jvm/java-7-openjdk-i386/jre/lib/i386/libjaas_unix.so
b2f01000-b2f02000 r--p 00000000 08:01 292859     /usr/lib/jvm/java-7-openjdk-i386/jre/lib/i386/libjaas_unix.so
b2f02000-b2f03000 rw-p 00001000 08:01 292859     /usr/lib/jvm/java-7-openjdk-i386/jre/lib/i386/libjaas_unix.so
b2f03000-b2f04000 r--s 0000a000 08:01 410398     /usr/local/hadoop-2.7.1/share/hadoop/mapreduce/hadoop-mapreduce-client-shuffle-2.7.1.jar
b2f04000-b2f06000 r--s 00000000 08:01 410392     /usr/local/hadoop-2.7.1/share/hadoop/mapreduce/hadoop-mapreduce-client-hs-plugins-2.7.1.jar
b2f06000-b2f10000 r--s 00074000 08:01 410394     /usr/local/hadoop-2.7.1/share/hadoop/mapreduce/hadoop-mapreduce-client-app-2.7.1.jar
b2f10000-b2f27000 r--s 00160000 08:01 410397     /usr/local/hadoop-2.7.1/share/hadoop/mapreduce/hadoop-mapreduce-client-jobclient-2.7.1-tests.jar
b2f27000-b2f3f000 r--s 0015e000 08:01 410371     /usr/local/hadoop-2.7.1/share/hadoop/mapreduce/hadoop-mapreduce-client-core-2.7.1.jar
b2f3f000-b2f42000 r--s 00025000 08:01 410372     /usr/local/hadoop-2.7.1/share/hadoop/mapreduce/hadoop-mapreduce-client-hs-2.7.1.jar
b2f42000-b2f47000 r--s 0003e000 08:01 410396     /usr/local/hadoop-2.7.1/share/hadoop/mapreduce/hadoop-mapreduce-examples-2.7.1.jar
b2f47000-b2f49000 r--s 00008000 08:01 410395     /usr/local/hadoop-2.7.1/share/hadoop/mapreduce/hadoop-mapreduce-client-jobclient-2.7.1.jar
b2f49000-b2f4a000 r--s 00000000 08:01 410422     /usr/local/hadoop-2.7.1/share/hadoop/mapreduce/lib/javax.inject-1.jar
b2f4a000-b2f52000 r--s 0007b000 08:01 410406     /usr/local/hadoop-2.7.1/share/hadoop/mapreduce/lib/protobuf-java-2.5.0.jar
b2f52000-b2f58000 r--s 00036000 08:01 410419     /usr/local/hadoop-2.7.1/share/hadoop/mapreduce/lib/junit-4.11.jar
b2f58000-b2f5f000 r--s 00044000 08:01 410405     /usr/local/hadoop-2.7.1/share/hadoop/mapreduce/lib/avro-1.7.4.jar
b2f5f000-b2f6e000 r--s 0009f000 08:01 410413     /usr/local/hadoop-2.7.1/share/hadoop/mapreduce/lib/guice-3.0.jar
b2f6e000-b2f6f000 r--s 0000a000 08:01 410415     /usr/local/hadoop-2.7.1/share/hadoop/mapreduce/lib/asm-3.2.jar
b2f6f000-b2f71000 r--s 000f2000 08:01 410417     /usr/local/hadoop-2.7.1/share/hadoop/mapreduce/lib/snappy-java-1.0.4.1.jar
b2f71000-b2f75000 r--s 00035000 08:01 410421     /usr/local/hadoop-2.7.1/share/hadoop/mapreduce/lib/jackson-core-asl-1.9.13.jar
b2f75000-b2f7f000 r--s 00066000 08:01 410411     /usr/local/hadoop-2.7.1/share/hadoop/mapreduce/lib/jersey-core-1.9.jar
b2f7f000-b2f83000 r--s 0002a000 08:01 410400     /usr/local/hadoop-2.7.1/share/hadoop/mapreduce/lib/commons-io-2.4.jar
b2f83000-b2f8c000 r--s 0006f000 08:01 410402     /usr/local/hadoop-2.7.1/share/hadoop/mapreduce/lib/log4j-1.2.17.jar
b2f8c000-b2f8e000 r--s 00000000 08:01 410408     /usr/local/hadoop-2.7.1/share/hadoop/mapreduce/lib/aopalliance-1.0.jar
b2f8e000-b2f9c000 r--s 000b1000 08:01 410404     /usr/local/hadoop-2.7.1/share/hadoop/mapreduce/lib/jackson-mapper-asl-1.9.13.jar
b2f9c000-b2fa1000 r--s 00036000 08:01 410410     /usr/local/hadoop-2.7.1/share/hadoop/mapreduce/lib/commons-compress-1.4.1.jar
b2fa1000-b2fb3000 r--s 0009d000 08:01 410403     /usr/local/hadoop-2.7.1/share/hadoop/mapreduce/lib/jersey-server-1.9.jar
b2fb3000-b2fb5000 r--s 0000e000 08:01 410416     /usr/local/hadoop-2.7.1/share/hadoop/mapreduce/lib/guice-servlet-3.0.jar
b2fb5000-b2fcc000 r--s 0010e000 08:01 410409     /usr/local/hadoop-2.7.1/share/hadoop/mapreduce/lib/netty-3.6.2.Final.jar
b2fcc000-b2fce000 r--s 00009000 08:01 410418     /usr/local/hadoop-2.7.1/share/hadoop/mapreduce/lib/hamcrest-core-1.3.jar
b2fce000-b2fd2000 r--s 00014000 08:01 410414     /usr/local/hadoop-2.7.1/share/hadoop/mapreduce/lib/xz-1.0.jar
b2fd2000-b2fea000 r--s 0017d000 08:01 409759     /usr/local/hadoop-2.7.1/share/hadoop/yarn/hadoop-yarn-common-2.7.1.jar
b2fea000-b3000000 r--s 00118000 08:01 409785     /usr/local/hadoop-2.7.1/share/hadoop/yarn/hadoop-yarn-server-resourcemanager-2.7.1.jar
b3000000-b30fb000 rw-p 00000000 00:00 0 
b30fb000-b3100000 ---p 00000000 00:00 0 
b3100000-b3101000 r--s 00003000 08:01 410412     /usr/local/hadoop-2.7.1/share/hadoop/mapreduce/lib/jersey-guice-1.9.jar
b3101000-b3103000 r--s 00006000 08:01 410401     /usr/local/hadoop-2.7.1/share/hadoop/mapreduce/lib/paranamer-2.3.jar
b3103000-b3106000 r--s 000fd000 08:01 410420     /usr/local/hadoop-2.7.1/share/hadoop/mapreduce/lib/leveldbjni-all-1.8.jar
b3106000-b3108000 r--s 00003000 08:01 410407     /usr/local/hadoop-2.7.1/share/hadoop/mapreduce/lib/hadoop-annotations-2.7.1.jar
b3108000-b310a000 r--s 0000a000 08:01 409792     /usr/local/hadoop-2.7.1/share/hadoop/yarn/hadoop-yarn-applications-distributedshell-2.7.1.jar
b310a000-b310c000 r--s 00008000 08:01 409791     /usr/local/hadoop-2.7.1/share/hadoop/yarn/hadoop-yarn-server-tests-2.7.1.jar
b310c000-b310f000 r--s 00015000 08:01 409786     /usr/local/hadoop-2.7.1/share/hadoop/yarn/hadoop-yarn-registry-2.7.1.jar
b310f000-b312c000 r--s 001ce000 08:01 409760     /usr/local/hadoop-2.7.1/share/hadoop/yarn/hadoop-yarn-api-2.7.1.jar
b312c000-b3133000 r--s 00052000 08:01 409757     /usr/local/hadoop-2.7.1/share/hadoop/yarn/hadoop-yarn-server-common-2.7.1.jar
b3133000-b3140000 r--s 0009b000 08:01 409832     /usr/local/hadoop-2.7.1/share/hadoop/yarn/hadoop-yarn-server-nodemanager-2.7.1.jar
b3140000-b3143000 r--s 00020000 08:01 409762     /usr/local/hadoop-2.7.1/share/hadoop/yarn/hadoop-yarn-client-2.7.1.jar
b3143000-b3144000 r--s 00003000 08:01 409761     /usr/local/hadoop-2.7.1/share/hadoop/yarn/hadoop-yarn-applications-unmanaged-am-launcher-2.7.1.jar
b3144000-b3145000 r--s 00007000 08:01 409787     /usr/local/hadoop-2.7.1/share/hadoop/yarn/hadoop-yarn-server-web-proxy-2.7.1.jar
b3145000-b3147000 r--s 0000b000 08:01 409788     /usr/local/hadoop-2.7.1/share/hadoop/yarn/hadoop-yarn-server-sharedcachemanager-2.7.1.jar
b3147000-b314c000 r--s 0002c000 08:01 409758     /usr/local/hadoop-2.7.1/share/hadoop/yarn/hadoop-yarn-server-applicationhistoryservice-2.7.1.jar
b314c000-b315f000 r--s 000c7000 08:01 409796     /usr/local/hadoop-2.7.1/share/hadoop/yarn/lib/jaxb-impl-2.2.3-1.jar
b315f000-b3160000 r--s 00000000 08:01 409831     /usr/local/hadoop-2.7.1/share/hadoop/yarn/lib/javax.inject-1.jar
b3160000-b3164000 r--s 00021000 08:01 409821     /usr/local/hadoop-2.7.1/share/hadoop/yarn/lib/jersey-json-1.9.jar
b3164000-b316c000 r--s 0007b000 08:01 409807     /usr/local/hadoop-2.7.1/share/hadoop/yarn/lib/protobuf-java-2.5.0.jar
b316c000-b3175000 r--s 0007b000 08:01 409801     /usr/local/hadoop-2.7.1/share/hadoop/yarn/lib/zookeeper-3.4.6-tests.jar
b3175000-b317a000 r--s 00041000 08:01 409827     /usr/local/hadoop-2.7.1/share/hadoop/yarn/lib/commons-lang-2.6.jar
b317a000-b3189000 r--s 0009f000 08:01 409815     /usr/local/hadoop-2.7.1/share/hadoop/yarn/lib/guice-3.0.jar
b3189000-b318c000 r--s 0001d000 08:01 409808     /usr/local/hadoop-2.7.1/share/hadoop/yarn/lib/jersey-client-1.9.jar
b318c000-b318d000 r--s 0000a000 08:01 409818     /usr/local/hadoop-2.7.1/share/hadoop/yarn/lib/asm-3.2.jar
b318d000-b3199000 r--s 000b6000 08:01 409799     /usr/local/hadoop-2.7.1/share/hadoop/yarn/lib/zookeeper-3.4.6.jar
b3199000-b31a7000 r--s 0007f000 08:01 409824     /usr/local/hadoop-2.7.1/share/hadoop/yarn/lib/commons-collections-3.2.1.jar
b31a7000-b31a9000 r--s 00018000 08:01 409830     /usr/local/hadoop-2.7.1/share/hadoop/yarn/lib/servlet-api-2.5.jar
b31a9000-b31ad000 r--s 00035000 08:01 409829     /usr/local/hadoop-2.7.1/share/hadoop/yarn/lib/jackson-core-asl-1.9.13.jar
b31ad000-b31b0000 r--s 00017000 08:01 409826     /usr/local/hadoop-2.7.1/share/hadoop/yarn/lib/jaxb-api-2.2.2.jar
b31b0000-b31b1000 r--s 00006000 08:01 409819     /usr/local/hadoop-2.7.1/share/hadoop/yarn/lib/jackson-xc-1.9.13.jar
b31b1000-b31bb000 r--s 00066000 08:01 409813     /usr/local/hadoop-2.7.1/share/hadoop/yarn/lib/jersey-core-1.9.jar
b31bb000-b31bf000 r--s 0002a000 08:01 409797     /usr/local/hadoop-2.7.1/share/hadoop/yarn/lib/commons-io-2.4.jar
b31bf000-b31c8000 r--s 0006f000 08:01 409798     /usr/local/hadoop-2.7.1/share/hadoop/yarn/lib/log4j-1.2.17.jar
b31c8000-b31ca000 r--s 00000000 08:01 409809     /usr/local/hadoop-2.7.1/share/hadoop/yarn/lib/aopalliance-1.0.jar
b31ca000-b31ce000 r--s 00028000 08:01 409806     /usr/local/hadoop-2.7.1/share/hadoop/yarn/lib/jetty-util-6.1.26.jar
b31ce000-b31d0000 r--s 0000e000 08:01 409794     /usr/local/hadoop-2.7.1/share/hadoop/yarn/lib/activation-1.1.jar
b31d0000-b31d2000 r--s 00004000 08:01 409817     /usr/local/hadoop-2.7.1/share/hadoop/yarn/lib/stax-api-1.0-2.jar
b31d2000-b31e0000 r--s 000b1000 08:01 409803     /usr/local/hadoop-2.7.1/share/hadoop/yarn/lib/jackson-mapper-asl-1.9.13.jar
b31e0000-b31e2000 r--s 0000f000 08:01 409800     /usr/local/hadoop-2.7.1/share/hadoop/yarn/lib/jettison-1.1.jar
b31e2000-b31e7000 r--s 00036000 08:01 409812     /usr/local/hadoop-2.7.1/share/hadoop/yarn/lib/commons-compress-1.4.1.jar
b31e7000-b31ee000 r--s 0007d000 08:01 409825     /usr/local/hadoop-2.7.1/share/hadoop/yarn/lib/jetty-6.1.26.jar
b31ee000-b3200000 r--s 0009d000 08:01 409802     /usr/local/hadoop-2.7.1/share/hadoop/yarn/lib/jersey-server-1.9.jar
b3200000-b32fa000 rw-p 00000000 00:00 0 
b32fa000-b3300000 ---p 00000000 00:00 0 
b3300000-b3301000 r--s 00004000 08:01 409795     /usr/local/hadoop-2.7.1/share/hadoop/yarn/lib/jackson-jaxrs-1.9.13.jar
b3301000-b3303000 r--s 00009000 08:01 409805     /usr/local/hadoop-2.7.1/share/hadoop/yarn/lib/commons-cli-1.2.jar
b3303000-b3305000 r--s 0000e000 08:01 409820     /usr/local/hadoop-2.7.1/share/hadoop/yarn/lib/commons-logging-1.1.3.jar
b3305000-b3306000 r--s 00003000 08:01 409814     /usr/local/hadoop-2.7.1/share/hadoop/yarn/lib/jersey-guice-1.9.jar
b3306000-b3309000 r--s 00006000 08:01 409822     /usr/local/hadoop-2.7.1/share/hadoop/yarn/lib/jsr305-3.0.0.jar
b3309000-b330b000 r--s 0000d000 08:01 409804     /usr/local/hadoop-2.7.1/share/hadoop/yarn/lib/commons-codec-1.4.jar
b330b000-b332c000 r--s 00172000 08:01 409811     /usr/local/hadoop-2.7.1/share/hadoop/yarn/lib/guava-11.0.2.jar
b332c000-b3343000 r--s 0010e000 08:01 409810     /usr/local/hadoop-2.7.1/share/hadoop/yarn/lib/netty-3.6.2.Final.jar
b3343000-b3347000 r--s 00014000 08:01 409816     /usr/local/hadoop-2.7.1/share/hadoop/yarn/lib/xz-1.0.jar
b3347000-b334a000 r--s 000fd000 08:01 409828     /usr/local/hadoop-2.7.1/share/hadoop/yarn/lib/leveldbjni-all-1.8.jar
b334a000-b336e000 r--s 002f5000 08:01 409584     /usr/local/hadoop-2.7.1/share/hadoop/hdfs/hadoop-hdfs-2.7.1-tests.jar
b336e000-b33d8000 r--s 00772000 08:01 409591     /usr/local/hadoop-2.7.1/share/hadoop/hdfs/hadoop-hdfs-2.7.1.jar
b33d8000-b33db000 r--s 00017000 08:01 409585     /usr/local/hadoop-2.7.1/share/hadoop/hdfs/hadoop-hdfs-nfs-2.7.1.jar
b33db000-b33f3000 r--s 00115000 08:01 409653     /usr/local/hadoop-2.7.1/share/hadoop/hdfs/lib/xercesImpl-2.9.1.jar
b33f3000-b33fb000 r--s 0007b000 08:01 409652     /usr/local/hadoop-2.7.1/share/hadoop/hdfs/lib/protobuf-java-2.5.0.jar
b33fb000-b3400000 r--s 00041000 08:01 409662     /usr/local/hadoop-2.7.1/share/hadoop/hdfs/lib/commons-lang-2.6.jar
b3400000-b3500000 rw-p 00000000 00:00 0 
b3500000-b35fa000 rw-p 00000000 00:00 0 
b35fa000-b3600000 ---p 00000000 00:00 0 
b3600000-b3602000 r--s 0000e000 08:01 409823     /usr/local/hadoop-2.7.1/share/hadoop/yarn/lib/guice-servlet-3.0.jar
b3602000-b3603000 r--s 00003000 08:01 409666     /usr/local/hadoop-2.7.1/share/hadoop/hdfs/lib/xmlenc-0.52.jar
b3603000-b3604000 r--s 00005000 08:01 409646     /usr/local/hadoop-2.7.1/share/hadoop/hdfs/lib/commons-daemon-1.0.13.jar
b3604000-b3605000 r--s 0000a000 08:01 409658     /usr/local/hadoop-2.7.1/share/hadoop/hdfs/lib/asm-3.2.jar
b3605000-b3622000 r--s 00196000 08:01 409657     /usr/local/hadoop-2.7.1/share/hadoop/hdfs/lib/netty-all-4.0.23.Final.jar
b3622000-b362a000 r--s 00028000 08:01 409642     /usr/local/hadoop-2.7.1/share/hadoop/hdfs/lib/xml-apis-1.3.04.jar
b362a000-b3643000 r--s 00150000 08:01 409645     /usr/local/hadoop-2.7.1/share/hadoop/hdfs/lib/htrace-core-3.1.0-incubating.jar
b3643000-b3645000 r--s 00018000 08:01 409665     /usr/local/hadoop-2.7.1/share/hadoop/hdfs/lib/servlet-api-2.5.jar
b3645000-b3649000 r--s 00035000 08:01 409664     /usr/local/hadoop-2.7.1/share/hadoop/hdfs/lib/jackson-core-asl-1.9.13.jar
b3649000-b3653000 r--s 00066000 08:01 409656     /usr/local/hadoop-2.7.1/share/hadoop/hdfs/lib/jersey-core-1.9.jar
b3653000-b3657000 r--s 0002a000 08:01 409643     /usr/local/hadoop-2.7.1/share/hadoop/hdfs/lib/commons-io-2.4.jar
b3657000-b3660000 r--s 0006f000 08:01 409644     /usr/local/hadoop-2.7.1/share/hadoop/hdfs/lib/log4j-1.2.17.jar
b3660000-b3664000 r--s 00028000 08:01 409651     /usr/local/hadoop-2.7.1/share/hadoop/hdfs/lib/jetty-util-6.1.26.jar
b3664000-b3672000 r--s 000b1000 08:01 409648     /usr/local/hadoop-2.7.1/share/hadoop/hdfs/lib/jackson-mapper-asl-1.9.13.jar
b3672000-b3674000 r--s 00009000 08:01 409650     /usr/local/hadoop-2.7.1/share/hadoop/hdfs/lib/commons-cli-1.2.jar
b3674000-b3676000 r--s 0000e000 08:01 409659     /usr/local/hadoop-2.7.1/share/hadoop/hdfs/lib/commons-logging-1.1.3.jar
b3676000-b367d000 r--s 0007d000 08:01 409661     /usr/local/hadoop-2.7.1/share/hadoop/hdfs/lib/jetty-6.1.26.jar
b367d000-b3680000 r--s 00006000 08:01 409660     /usr/local/hadoop-2.7.1/share/hadoop/hdfs/lib/jsr305-3.0.0.jar
b3680000-b3692000 r--s 0009d000 08:01 409647     /usr/local/hadoop-2.7.1/share/hadoop/hdfs/lib/jersey-server-1.9.jar
b3692000-b36b3000 r--s 00172000 08:01 409655     /usr/local/hadoop-2.7.1/share/hadoop/hdfs/lib/guava-11.0.2.jar
b36b3000-b36ca000 r--s 0010e000 08:01 409654     /usr/local/hadoop-2.7.1/share/hadoop/hdfs/lib/netty-3.6.2.Final.jar
b36ca000-b3700000 r--s 00310000 08:01 409673     /usr/local/hadoop-2.7.1/share/hadoop/common/hadoop-common-2.7.1.jar
b3700000-b37fb000 rw-p 00000000 00:00 0 
b37fb000-b3800000 ---p 00000000 00:00 0 
b3800000-b3802000 r--s 0000d000 08:01 409649     /usr/local/hadoop-2.7.1/share/hadoop/hdfs/lib/commons-codec-1.4.jar
b3802000-b3805000 r--s 000fd000 08:01 409663     /usr/local/hadoop-2.7.1/share/hadoop/hdfs/lib/leveldbjni-all-1.8.jar
b3805000-b3822000 r--s 001aa000 08:01 409674     /usr/local/hadoop-2.7.1/share/hadoop/common/hadoop-common-2.7.1-tests.jar
b3822000-b3826000 r--s 00023000 08:01 409755     /usr/local/hadoop-2.7.1/share/hadoop/common/hadoop-nfs-2.7.1.jar
b3826000-b3827000 r--s 00007000 08:01 409710     /usr/local/hadoop-2.7.1/share/hadoop/common/lib/slf4j-api-1.7.10.jar
b3827000-b383a000 r--s 000c7000 08:01 409698     /usr/local/hadoop-2.7.1/share/hadoop/common/lib/jaxb-impl-2.2.3-1.jar
b383a000-b383d000 r--s 00016000 08:01 409697     /usr/local/hadoop-2.7.1/share/hadoop/common/lib/jsp-api-2.1.jar
b383d000-b3841000 r--s 00021000 08:01 409737     /usr/local/hadoop-2.7.1/share/hadoop/common/lib/jersey-json-1.9.jar
b3841000-b3842000 r--s 00003000 08:01 409754     /usr/local/hadoop-2.7.1/share/hadoop/common/lib/xmlenc-0.52.jar
b3842000-b3847000 r--s 0002a000 08:01 409726     /usr/local/hadoop-2.7.1/share/hadoop/common/lib/commons-beanutils-1.7.0.jar
b3847000-b3859000 r--s 00097000 08:01 409699     /usr/local/hadoop-2.7.1/share/hadoop/common/lib/apacheds-kerberos-codec-2.0.0-M15.jar
b3859000-b3861000 r--s 0007b000 08:01 409719     /usr/local/hadoop-2.7.1/share/hadoop/common/lib/protobuf-java-2.5.0.jar
b3861000-b3867000 r--s 00036000 08:01 409746     /usr/local/hadoop-2.7.1/share/hadoop/common/lib/junit-4.11.jar
b3867000-b386e000 r--s 00044000 08:01 409713     /usr/local/hadoop-2.7.1/share/hadoop/common/lib/avro-1.7.4.jar
b386e000-b3873000 r--s 00041000 08:01 409745     /usr/local/hadoop-2.7.1/share/hadoop/common/lib/commons-lang-2.6.jar
b3873000-b3878000 r--s 0003e000 08:01 409717     /usr/local/hadoop-2.7.1/share/hadoop/common/lib/commons-net-3.1.jar
b3878000-b3879000 r--s 0000a000 08:01 409734     /usr/local/hadoop-2.7.1/share/hadoop/common/lib/asm-3.2.jar
b3879000-b387d000 r--s 0002f000 08:01 409732     /usr/local/hadoop-2.7.1/share/hadoop/common/lib/commons-beanutils-core-1.8.0.jar
b387d000-b3896000 r--s 00150000 08:01 409704     /usr/local/hadoop-2.7.1/share/hadoop/common/lib/htrace-core-3.1.0-incubating.jar
b3896000-b38a2000 r--s 000b6000 08:01 409706     /usr/local/hadoop-2.7.1/share/hadoop/common/lib/zookeeper-3.4.6.jar
b38a2000-b38b0000 r--s 0007f000 08:01 409739     /usr/local/hadoop-2.7.1/share/hadoop/common/lib/commons-collections-3.2.1.jar
b38b0000-b38b2000 r--s 000f2000 08:01 409742     /usr/local/hadoop-2.7.1/share/hadoop/common/lib/snappy-java-1.0.4.1.jar
b38b2000-b38ba000 r--s 0003b000 08:01 409716     /usr/local/hadoop-2.7.1/share/hadoop/common/lib/curator-recipes-2.7.1.jar
b38ba000-b38bc000 r--s 00018000 08:01 409749     /usr/local/hadoop-2.7.1/share/hadoop/common/lib/servlet-api-2.5.jar
b38bc000-b38c2000 r--s 00045000 08:01 409731     /usr/local/hadoop-2.7.1/share/hadoop/common/lib/commons-httpclient-3.1.jar
b38c2000-b38c6000 r--s 00035000 08:01 409747     /usr/local/hadoop-2.7.1/share/hadoop/common/lib/jackson-core-asl-1.9.13.jar
b38c6000-b38c9000 r--s 00017000 08:01 409744     /usr/local/hadoop-2.7.1/share/hadoop/common/lib/jaxb-api-2.2.2.jar
b38c9000-b38d3000 r--s 00066000 08:01 409727     /usr/local/hadoop-2.7.1/share/hadoop/common/lib/jersey-core-1.9.jar
b38d3000-b38d7000 r--s 0002a000 08:01 409700     /usr/local/hadoop-2.7.1/share/hadoop/common/lib/commons-io-2.4.jar
b38d7000-b38e0000 r--s 0006f000 08:01 409703     /usr/local/hadoop-2.7.1/share/hadoop/common/lib/log4j-1.2.17.jar
b38e0000-b38e3000 r--s 0000f000 08:01 409707     /usr/local/hadoop-2.7.1/share/hadoop/common/lib/hadoop-auth-2.7.1.jar
b38e3000-b3900000 r--s 0016a000 08:01 409740     /usr/local/hadoop-2.7.1/share/hadoop/common/lib/commons-math3-3.1.1.jar
b3900000-b39fe000 rw-p 00000000 00:00 0 
b39fe000-b3a00000 ---p 00000000 00:00 0 
b3a00000-b3a01000 r--s 0000a000 08:01 409753     /usr/local/hadoop-2.7.1/share/hadoop/common/lib/apacheds-i18n-2.0.0-M15.jar
b3a01000-b3a02000 r--s 00006000 08:01 409735     /usr/local/hadoop-2.7.1/share/hadoop/common/lib/jackson-xc-1.9.13.jar
b3a02000-b3a0b000 r--s 00061000 08:01 409702     /usr/local/hadoop-2.7.1/share/hadoop/common/lib/httpclient-4.2.5.jar
b3a0b000-b3a0f000 r--s 00028000 08:01 409718     /usr/local/hadoop-2.7.1/share/hadoop/common/lib/jetty-util-6.1.26.jar
b3a0f000-b3a15000 r--s 00032000 08:01 409750     /usr/local/hadoop-2.7.1/share/hadoop/common/lib/httpcore-4.2.5.jar
b3a15000-b3a17000 r--s 00012000 08:01 409728     /usr/local/hadoop-2.7.1/share/hadoop/common/lib/api-util-1.0.0-M20.jar
b3a17000-b3a19000 r--s 00001000 08:01 409752     /usr/local/hadoop-2.7.1/share/hadoop/common/lib/slf4j-log4j12-1.7.10.jar
b3a19000-b3a1b000 r--s 0000e000 08:01 409695     /usr/local/hadoop-2.7.1/share/hadoop/common/lib/activation-1.1.jar
b3a1b000-b3a1c000 r--s 00004000 08:01 409696     /usr/local/hadoop-2.7.1/share/hadoop/common/lib/jackson-jaxrs-1.9.13.jar
b3a1c000-b3a1e000 r--s 00004000 08:01 409733     /usr/local/hadoop-2.7.1/share/hadoop/common/lib/stax-api-1.0-2.jar
b3a1e000-b3a24000 r--s 00043000 08:01 409692     /usr/local/hadoop-2.7.1/share/hadoop/common/lib/commons-configuration-1.6.jar
b3a24000-b3a32000 r--s 000b1000 08:01 409712     /usr/local/hadoop-2.7.1/share/hadoop/common/lib/jackson-mapper-asl-1.9.13.jar
b3a32000-b3a37000 r--s 0002a000 08:01 409694     /usr/local/hadoop-2.7.1/share/hadoop/common/lib/gson-2.2.4.jar
b3a37000-b3a39000 r--s 0000f000 08:01 409709     /usr/local/hadoop-2.7.1/share/hadoop/common/lib/jettison-1.1.jar
b3a39000-b3a3e000 r--s 00036000 08:01 409724     /usr/local/hadoop-2.7.1/share/hadoop/common/lib/commons-compress-1.4.1.jar
b3a3e000-b3a40000 r--s 00003000 08:01 409729     /usr/local/hadoop-2.7.1/share/hadoop/common/lib/api-asn1-api-1.0.0-M20.jar
b3a40000-b3a5d000 r--s 0013e000 08:01 409748     /usr/local/hadoop-2.7.1/share/hadoop/common/lib/mockito-all-1.8.5.jar
b3a5d000-b3a5f000 r--s 00009000 08:01 409715     /usr/local/hadoop-2.7.1/share/hadoop/common/lib/commons-cli-1.2.jar
b3a5f000-b3a62000 r--s 0002b000 08:01 409725     /usr/local/hadoop-2.7.1/share/hadoop/common/lib/jsch-0.1.42.jar
b3a62000-b3a69000 r--s 0007d000 08:01 409741     /usr/local/hadoop-2.7.1/share/hadoop/common/lib/jetty-6.1.26.jar
b3a69000-b3a72000 r--s 0007b000 08:01 409705     /usr/local/hadoop-2.7.1/share/hadoop/common/lib/jets3t-0.9.0.jar
b3a72000-b3a75000 r--s 00006000 08:01 409738     /usr/local/hadoop-2.7.1/share/hadoop/common/lib/jsr305-3.0.0.jar
b3a75000-b3a96000 r--s 00172000 08:01 409723     /usr/local/hadoop-2.7.1/share/hadoop/common/lib/guava-11.0.2.jar
b3a96000-b3aad000 r--s 0010e000 08:01 409721     /usr/local/hadoop-2.7.1/share/hadoop/common/lib/netty-3.6.2.Final.jar
b3aad000-b3aae000 ---p 00000000 00:00 0 
b3aae000-b3b2e000 rw-p 00000000 00:00 0          [stack:23894]
b3b2e000-b3b31000 ---p 00000000 00:00 0 
b3b31000-b3b7f000 rw-p 00000000 00:00 0          [stack:23893]
b3b7f000-b3b82000 ---p 00000000 00:00 0 
b3b82000-b3c00000 rw-p 00000000 00:00 0          [stack:23892]
b3c00000-b3e00000 r--p 00000000 08:01 8141       /usr/lib/locale/locale-archive
b3e00000-b3e2d000 rw-p 00000000 00:00 0 
b3e2d000-b3f00000 ---p 00000000 00:00 0 
b3f00000-b3f02000 r--s 0000e000 08:01 409736     /usr/local/hadoop-2.7.1/share/hadoop/common/lib/commons-logging-1.1.3.jar
b3f02000-b3f03000 r--s 00004000 08:01 409708     /usr/local/hadoop-2.7.1/share/hadoop/common/lib/java-xmlbuilder-0.4.jar
b3f03000-b3f07000 r--s 00020000 08:01 409722     /usr/local/hadoop-2.7.1/share/hadoop/common/lib/commons-digester-1.8.jar
b3f07000-b3f0d000 r--s 00028000 08:01 409751     /usr/local/hadoop-2.7.1/share/hadoop/common/lib/curator-framework-2.7.1.jar
b3f0d000-b3f10000 ---p 00000000 00:00 0 
b3f10000-b3f5e000 rw-p 00000000 00:00 0          [stack:23891]
b3f5e000-b3f61000 ---p 00000000 00:00 0 
b3f61000-b3faf000 rw-p 00000000 00:00 0          [stack:23890]
b3faf000-b3fb2000 ---p 00000000 00:00 0 
b3fb2000-b4000000 rw-p 00000000 00:00 0          [stack:23889]
b4000000-b40fc000 rw-p 00000000 00:00 0 
b40fc000-b4100000 ---p 00000000 00:00 0 
b4100000-b4102000 r--s 0000d000 08:01 409714     /usr/local/hadoop-2.7.1/share/hadoop/common/lib/commons-codec-1.4.jar
b4102000-b4114000 r--s 0009d000 08:01 409711     /usr/local/hadoop-2.7.1/share/hadoop/common/lib/jersey-server-1.9.jar
b4114000-b4116000 r--s 0000f000 08:01 409693     /usr/local/hadoop-2.7.1/share/hadoop/common/lib/curator-client-2.7.1.jar
b4116000-b4118000 r--s 00009000 08:01 409743     /usr/local/hadoop-2.7.1/share/hadoop/common/lib/hamcrest-core-1.3.jar
b4118000-b411c000 r--s 00014000 08:01 409730     /usr/local/hadoop-2.7.1/share/hadoop/common/lib/xz-1.0.jar
b411c000-b411e000 r--s 00006000 08:01 409701     /usr/local/hadoop-2.7.1/share/hadoop/common/lib/paranamer-2.3.jar
b411e000-b4120000 r--s 00003000 08:01 409720     /usr/local/hadoop-2.7.1/share/hadoop/common/lib/hadoop-annotations-2.7.1.jar
b4120000-b4124000 r--s 00034000 08:01 292901     /usr/lib/jvm/java-7-openjdk-i386/jre/lib/ext/sunjce_provider.jar
b4124000-b4128000 r--s 00085000 08:01 292899     /usr/lib/jvm/java-7-openjdk-i386/jre/lib/ext/localedata.jar
b4128000-b412c000 r--s 0003c000 08:01 292902     /usr/lib/jvm/java-7-openjdk-i386/jre/lib/ext/sunpkcs11.jar
b412c000-b412e000 r--s 00012000 08:01 292904     /usr/lib/jvm/java-7-openjdk-i386/jre/lib/ext/zipfs.jar
b412e000-b412f000 ---p 00000000 00:00 0 
b412f000-b41f8000 rw-p 00000000 00:00 0          [stack:23888]
b41f8000-b43a9000 r--s 01d29000 08:01 292839     /usr/lib/jvm/java-7-openjdk-i386/jre/lib/rt.jar
b43a9000-b43be000 rw-p 00000000 00:00 0 
b43be000-b43d7000 rw-p 00000000 00:00 0 
b43d7000-b43e9000 rw-p 00000000 00:00 0 
b43e9000-b4525000 rw-p 00000000 00:00 0 
b4525000-b452e000 rw-p 00000000 00:00 0 
b452e000-b45cb000 rw-p 00000000 00:00 0 
b45cb000-b45dd000 rw-p 00000000 00:00 0 
b45dd000-b4719000 rw-p 00000000 00:00 0 
b4719000-b4721000 rw-p 00000000 00:00 0 
b4721000-b4739000 rw-p 00000000 00:00 0 
b4739000-b474f000 rw-p 00000000 00:00 0 
b474f000-b47c5000 rw-p 00000000 00:00 0 
b47c5000-b4a15000 rwxp 00000000 00:00 0 
b4a15000-b67c5000 rw-p 00000000 00:00 0 
b67c5000-b67d0000 r-xp 00000000 08:01 918700     /lib/i386-linux-gnu/libnss_files-2.19.so
b67d0000-b67d1000 r--p 0000a000 08:01 918700     /lib/i386-linux-gnu/libnss_files-2.19.so
b67d1000-b67d2000 rw-p 0000b000 08:01 918700     /lib/i386-linux-gnu/libnss_files-2.19.so
b67d2000-b67dc000 r-xp 00000000 08:01 918710     /lib/i386-linux-gnu/libnss_nis-2.19.so
b67dc000-b67dd000 r--p 00009000 08:01 918710     /lib/i386-linux-gnu/libnss_nis-2.19.so
b67dd000-b67de000 rw-p 0000a000 08:01 918710     /lib/i386-linux-gnu/libnss_nis-2.19.so
b67de000-b67f3000 r-xp 00000000 08:01 918694     /lib/i386-linux-gnu/libnsl-2.19.so
b67f3000-b67f4000 r--p 00015000 08:01 918694     /lib/i386-linux-gnu/libnsl-2.19.so
b67f4000-b67f5000 rw-p 00016000 08:01 918694     /lib/i386-linux-gnu/libnsl-2.19.so
b67f5000-b67f7000 rw-p 00000000 00:00 0 
b67f7000-b67fe000 r-xp 00000000 08:01 918696     /lib/i386-linux-gnu/libnss_compat-2.19.so
b67fe000-b67ff000 r--p 00006000 08:01 918696     /lib/i386-linux-gnu/libnss_compat-2.19.so
b67ff000-b6800000 rw-p 00007000 08:01 918696     /lib/i386-linux-gnu/libnss_compat-2.19.so
b6800000-b68ff000 rw-p 00000000 00:00 0 
b68ff000-b6900000 ---p 00000000 00:00 0 
b6900000-b6902000 r--s 00006000 08:01 293097     /usr/share/java/java-atk-wrapper.jar
b6902000-b6905000 r--s 0000f000 08:01 292903     /usr/lib/jvm/java-7-openjdk-i386/jre/lib/ext/icedtea-sound.jar
b6905000-b690d000 r-xp 00000000 08:01 292851     /usr/lib/jvm/java-7-openjdk-i386/jre/lib/i386/libzip.so
b690d000-b690e000 r--p 00007000 08:01 292851     /usr/lib/jvm/java-7-openjdk-i386/jre/lib/i386/libzip.so
b690e000-b690f000 rw-p 00008000 08:01 292851     /usr/lib/jvm/java-7-openjdk-i386/jre/lib/i386/libzip.so
b690f000-b6917000 rw-s 00000000 08:01 922573     /tmp/hsperfdata_de-weikung/23867
b6917000-b693e000 r-xp 00000000 08:01 292891     /usr/lib/jvm/java-7-openjdk-i386/jre/lib/i386/libjava.so
b693e000-b693f000 r--p 00026000 08:01 292891     /usr/lib/jvm/java-7-openjdk-i386/jre/lib/i386/libjava.so
b693f000-b6940000 rw-p 00027000 08:01 292891     /usr/lib/jvm/java-7-openjdk-i386/jre/lib/i386/libjava.so
b6940000-b6947000 r-xp 00000000 08:01 918753     /lib/i386-linux-gnu/librt-2.19.so
b6947000-b6948000 r--p 00006000 08:01 918753     /lib/i386-linux-gnu/librt-2.19.so
b6948000-b6949000 rw-p 00007000 08:01 918753     /lib/i386-linux-gnu/librt-2.19.so
b6949000-b694c000 ---p 00000000 00:00 0 
b694c000-b699a000 rw-p 00000000 00:00 0          [stack:23887]
b699a000-b69b6000 r-xp 00000000 08:01 918652     /lib/i386-linux-gnu/libgcc_s.so.1
b69b6000-b69b7000 rw-p 0001b000 08:01 918652     /lib/i386-linux-gnu/libgcc_s.so.1
b69b7000-b69fb000 r-xp 00000000 08:01 918675     /lib/i386-linux-gnu/libm-2.19.so
b69fb000-b69fc000 r--p 00043000 08:01 918675     /lib/i386-linux-gnu/libm-2.19.so
b69fc000-b69fd000 rw-p 00044000 08:01 918675     /lib/i386-linux-gnu/libm-2.19.so
b69fd000-b6ad9000 r-xp 00000000 08:01 6725       /usr/lib/i386-linux-gnu/libstdc++.so.6.0.19
b6ad9000-b6add000 r--p 000dc000 08:01 6725       /usr/lib/i386-linux-gnu/libstdc++.so.6.0.19
b6add000-b6ade000 rw-p 000e0000 08:01 6725       /usr/lib/i386-linux-gnu/libstdc++.so.6.0.19
b6ade000-b6ae5000 rw-p 00000000 00:00 0 
b6ae5000-b7110000 r-xp 00000000 08:01 292890     /usr/lib/jvm/java-7-openjdk-i386/jre/lib/i386/client/libjvm.so
b7110000-b7126000 r--p 0062a000 08:01 292890     /usr/lib/jvm/java-7-openjdk-i386/jre/lib/i386/client/libjvm.so
b7126000-b7135000 rw-p 00640000 08:01 292890     /usr/lib/jvm/java-7-openjdk-i386/jre/lib/i386/client/libjvm.so
b7135000-b7550000 rw-p 00000000 00:00 0 
b7550000-b7568000 r-xp 00000000 08:01 918788     /lib/i386-linux-gnu/libz.so.1.2.8
b7568000-b7569000 r--p 00017000 08:01 918788     /lib/i386-linux-gnu/libz.so.1.2.8
b7569000-b756a000 rw-p 00018000 08:01 918788     /lib/i386-linux-gnu/libz.so.1.2.8
b756a000-b7582000 r-xp 00000000 08:01 918745     /lib/i386-linux-gnu/libpthread-2.19.so
b7582000-b7583000 r--p 00018000 08:01 918745     /lib/i386-linux-gnu/libpthread-2.19.so
b7583000-b7584000 rw-p 00019000 08:01 918745     /lib/i386-linux-gnu/libpthread-2.19.so
b7584000-b7586000 rw-p 00000000 00:00 0 
b7586000-b7589000 r-xp 00000000 08:01 918642     /lib/i386-linux-gnu/libdl-2.19.so
b7589000-b758a000 r--p 00002000 08:01 918642     /lib/i386-linux-gnu/libdl-2.19.so
b758a000-b758b000 rw-p 00003000 08:01 918642     /lib/i386-linux-gnu/libdl-2.19.so
b758b000-b7733000 r-xp 00000000 08:01 918625     /lib/i386-linux-gnu/libc-2.19.so
b7733000-b7735000 r--p 001a8000 08:01 918625     /lib/i386-linux-gnu/libc-2.19.so
b7735000-b7736000 rw-p 001aa000 08:01 918625     /lib/i386-linux-gnu/libc-2.19.so
b7736000-b7739000 rw-p 00000000 00:00 0 
b7739000-b773a000 r--s 00002000 08:01 292900     /usr/lib/jvm/java-7-openjdk-i386/jre/lib/ext/dnsns.jar
b773a000-b773b000 r--p 00855000 08:01 8141       /usr/lib/locale/locale-archive
b773b000-b773c000 rw-p 00000000 00:00 0 
b773c000-b773d000 ---p 00000000 00:00 0 
b773d000-b774b000 r-xp 00000000 08:01 292869     /usr/lib/jvm/java-7-openjdk-i386/jre/lib/i386/libverify.so
b774b000-b774c000 r--p 0000d000 08:01 292869     /usr/lib/jvm/java-7-openjdk-i386/jre/lib/i386/libverify.so
b774c000-b774d000 rw-p 0000e000 08:01 292869     /usr/lib/jvm/java-7-openjdk-i386/jre/lib/i386/libverify.so
b774d000-b7759000 r-xp 00000000 08:01 292854     /usr/lib/jvm/java-7-openjdk-i386/jre/lib/i386/jli/libjli.so
b7759000-b775a000 r--p 0000c000 08:01 292854     /usr/lib/jvm/java-7-openjdk-i386/jre/lib/i386/jli/libjli.so
b775a000-b775b000 rw-p 0000d000 08:01 292854     /usr/lib/jvm/java-7-openjdk-i386/jre/lib/i386/jli/libjli.so
b775b000-b775e000 rw-p 00000000 00:00 0 
b775e000-b7760000 r--p 00000000 00:00 0          [vvar]
b7760000-b7762000 r-xp 00000000 00:00 0          [vdso]
b7762000-b7782000 r-xp 00000000 08:01 918601     /lib/i386-linux-gnu/ld-2.19.so
b7782000-b7783000 r--p 0001f000 08:01 918601     /lib/i386-linux-gnu/ld-2.19.so
b7783000-b7784000 rw-p 00020000 08:01 918601     /lib/i386-linux-gnu/ld-2.19.so
bfe1f000-bfe20000 rwxp 00000000 00:00 0 
bfe51000-bfe73000 rw-p 00000000 00:00 0          [stack]

VM Arguments:
jvm_args: -Dproc_namenode -Xmx1000m -Djava.net.preferIPv4Stack=true -Dhadoop.log.dir=/usr/local/hadoop-2.7.1/logs -Dhadoop.log.file=hadoop.log -Dhadoop.home.dir=/usr/local/hadoop-2.7.1 -Dhadoop.id.str=de-weikung -Dhadoop.root.logger=INFO,console -Djava.library.path=/usr/local/hadoop-2.7.1/lib/native -Dhadoop.policy.file=hadoop-policy.xml -Djava.net.preferIPv4Stack=true -Djava.net.preferIPv4Stack=true -Djava.net.preferIPv4Stack=true -Dhadoop.log.dir=/usr/local/hadoop-2.7.1/logs -Dhadoop.log.file=hadoop-de-weikung-namenode-hadoopmaster.log -Dhadoop.home.dir=/usr/local/hadoop-2.7.1 -Dhadoop.id.str=de-weikung -Dhadoop.root.logger=INFO,RFA -Djava.library.path=/usr/local/hadoop-2.7.1/lib/native -Dhadoop.policy.file=hadoop-policy.xml -Djava.net.preferIPv4Stack=true -Dhadoop.security.logger=INFO,RFAS -Dhdfs.audit.logger=INFO,NullAppender -Dhadoop.security.logger=INFO,RFAS -Dhdfs.audit.logger=INFO,NullAppender -Dhadoop.security.logger=INFO,RFAS -Dhdfs.audit.logger=INFO,NullAppender -Dhadoop.security.logger=INFO,RFAS 
java_command: org.apache.hadoop.hdfs.server.namenode.NameNode
Launcher Type: SUN_STANDARD

Environment Variables:
JAVA_HOME=/usr/lib/jvm/java-7-openjdk-i386
CLASSPATH=/usr/local/hadoop-2.7.1/etc/hadoop:/usr/local/hadoop-2.7.1/share/hadoop/common/lib/*:/usr/local/hadoop-2.7.1/share/hadoop/common/*:/usr/local/hadoop-2.7.1/share/hadoop/hdfs:/usr/local/hadoop-2.7.1/share/hadoop/hdfs/lib/*:/usr/local/hadoop-2.7.1/share/hadoop/hdfs/*:/usr/local/hadoop-2.7.1/share/hadoop/yarn/lib/*:/usr/local/hadoop-2.7.1/share/hadoop/yarn/*:/usr/local/hadoop-2.7.1/share/hadoop/mapreduce/lib/*:/usr/local/hadoop-2.7.1/share/hadoop/mapreduce/*:/usr/local/hadoop-2.7.1/contrib/capacity-scheduler/*.jar:/usr/local/hadoop-2.7.1/contrib/capacity-scheduler/*.jar:/usr/local/hadoop-2.7.1/contrib/capacity-scheduler/*.jar
PATH=/usr/local/sbin:/usr/local/bin:/usr/sbin:/usr/bin:/sbin:/bin:/usr/games:/usr/local/games:/usr/local/hadoop-2.7.1/bin:/usr/local/hadoop-2.7.1/sbin
LD_LIBRARY_PATH=:/usr/local/hadoop-2.7.1/lib/native:/usr/local/hadoop-2.7.1/lib/native
SHELL=/bin/bash
DISPLAY=:0

Signal Handlers:
SIGSEGV: [libjvm.so+0x4e6b10], sa_mask[0]=0x7ffbfeff, sa_flags=0x10000004
SIGBUS: [libjvm.so+0x4e6b10], sa_mask[0]=0x7ffbfeff, sa_flags=0x10000004
SIGFPE: [libjvm.so+0x3c5790], sa_mask[0]=0x7ffbfeff, sa_flags=0x10000004
SIGPIPE: SIG_IGN, sa_mask[0]=0x00000000, sa_flags=0x00000000
SIGXFSZ: [libjvm.so+0x3c5790], sa_mask[0]=0x7ffbfeff, sa_flags=0x10000004
SIGILL: [libjvm.so+0x3c5790], sa_mask[0]=0x7ffbfeff, sa_flags=0x10000004
SIGUSR1: SIG_DFL, sa_mask[0]=0x00000000, sa_flags=0x00000000
SIGUSR2: [libjvm.so+0x3c5620], sa_mask[0]=0x00000000, sa_flags=0x10000004
SIGHUP: SIG_IGN, sa_mask[0]=0x00000000, sa_flags=0x00000000
SIGINT: SIG_IGN, sa_mask[0]=0x00000000, sa_flags=0x00000000
SIGTERM: [libjvm.so+0x3c5850], sa_mask[0]=0x7ffbfeff, sa_flags=0x10000004
SIGQUIT: [libjvm.so+0x3c5850], sa_mask[0]=0x7ffbfeff, sa_flags=0x10000004
SIGTRAP: SIG_DFL, sa_mask[0]=0x00000000, sa_flags=0x00000000


---------------  S Y S T E M  ---------------

OS:Ubuntu 14.04 (trusty)
uname:Linux 3.19.0-25-generic #26~14.04.1-Ubuntu SMP Fri Jul 24 21:18:00 UTC 2015 i686
libc:glibc 2.19 NPTL 2.19 
rlimit: STACK 8192k, CORE 0k, NPROC 7850, NOFILE 4096, AS infinity
load average:12.42 7.65 4.22

/proc/meminfo:
MemTotal:        1024708 kB
MemFree:           57844 kB
MemAvailable:      16128 kB
Buffers:             620 kB
Cached:            18860 kB
SwapCached:         4596 kB
Active:           305952 kB
Inactive:         271052 kB
Active(anon):     296120 kB
Inactive(anon):   261520 kB
Active(file):       9832 kB
Inactive(file):     9532 kB
Unevictable:          32 kB
Mlocked:              32 kB
HighTotal:        135048 kB
HighFree:            220 kB
LowTotal:         889660 kB
LowFree:           57624 kB
SwapTotal:       1046524 kB
SwapFree:              0 kB
Dirty:               236 kB
Writeback:            32 kB
AnonPages:        553136 kB
Mapped:            16604 kB
Shmem:                60 kB
Slab:              33432 kB
SReclaimable:      11452 kB
SUnreclaim:        21980 kB
KernelStack:        8440 kB
PageTables:        13252 kB
NFS_Unstable:          0 kB
Bounce:                0 kB
WritebackTmp:          0 kB
CommitLimit:     1558876 kB
Committed_AS:    4360752 kB
VmallocTotal:     122880 kB
VmallocUsed:       25336 kB
VmallocChunk:      71368 kB
AnonHugePages:    131072 kB
CmaTotal:              0 kB
CmaFree:               0 kB
HugePages_Total:       0
HugePages_Free:        0
HugePages_Rsvd:        0
HugePages_Surp:        0
Hugepagesize:       2048 kB
DirectMap4k:       90104 kB
DirectMap2M:      823296 kB


CPU:total 1 (1 cores per cpu, 1 threads per core) family 6 model 69 stepping 1, cmov, cx8, fxsr, mmx, sse, sse2, sse3, ssse3, sse4.1, sse4.2, popcnt, avx, avx2, aes, erms, tsc, tscinvbit

/proc/cpuinfo:
processor	: 0
vendor_id	: GenuineIntel
cpu family	: 6
model		: 69
model name	: Intel(R) Core(TM) i5-4278U CPU @ 2.60GHz
stepping	: 1
microcode	: 0x17
cpu MHz		: 2600.013
cache size	: 3072 KB
physical id	: 0
siblings	: 1
core id		: 0
cpu cores	: 1
apicid		: 0
initial apicid	: 0
fdiv_bug	: no
f00f_bug	: no
coma_bug	: no
fpu		: yes
fpu_exception	: yes
cpuid level	: 13
wp		: yes
flags		: fpu vme de pse tsc msr pae mce cx8 apic sep mtrr pge mca cmov pat pse36 clflush dts mmx fxsr sse sse2 ss nx pdpe1gb rdtscp lm constant_tsc arch_perfmon pebs bts xtopology tsc_reliable nonstop_tsc aperfmperf eagerfpu pni pclmulqdq ssse3 fma cx16 pcid sse4_1 sse4_2 x2apic movbe popcnt tsc_deadline_timer aes xsave avx f16c rdrand hypervisor lahf_lm abm ida arat epb pln pts dtherm fsgsbase tsc_adjust bmi1 avx2 smep bmi2 invpcid xsaveopt
bugs		:
bogomips	: 5200.02
clflush size	: 64
cache_alignment	: 64
address sizes	: 42 bits physical, 48 bits virtual
power management:



Memory: 4k page, physical 1024708k(57844k free), swap 1046524k(0k free)

vm_info: OpenJDK Client VM (24.79-b02) for linux-x86 JRE (1.7.0_79-b14), built on Jul 24 2015 08:28:59 by "buildd" with gcc 4.8.2

time: Sun Oct 25 21:53:33 2015
elapsed time: 203 seconds

