2015-11-23 09:26:45,871 INFO org.apache.hadoop.conf.Configuration.deprecation: user.name is deprecated. Instead, use mapreduce.job.user.name
2015-11-23 09:26:45,896 ERROR org.apache.hama.bsp.sync.ZKSyncClient: Error checking zk path /bsp/job_201511222005_0032
org.apache.zookeeper.KeeperException$SessionExpiredException: KeeperErrorCode = Session expired for /bsp/job_201511222005_0032
	at org.apache.zookeeper.KeeperException.create(KeeperException.java:127)
	at org.apache.zookeeper.KeeperException.create(KeeperException.java:51)
	at org.apache.zookeeper.ZooKeeper.exists(ZooKeeper.java:1041)
	at org.apache.zookeeper.ZooKeeper.exists(ZooKeeper.java:1069)
	at org.apache.hama.bsp.sync.ZKSyncClient.isExists(ZKSyncClient.java:108)
	at org.apache.hama.bsp.sync.ZKSyncClient.writeNode(ZKSyncClient.java:261)
	at org.apache.hama.bsp.sync.ZKSyncBSPMasterClient.createJobRoot(ZKSyncBSPMasterClient.java:84)
	at org.apache.hama.bsp.sync.ZKSyncBSPMasterClient.registerJob(ZKSyncBSPMasterClient.java:95)
	at org.apache.hama.bsp.JobInProgress.initTasks(JobInProgress.java:299)
	at org.apache.hama.bsp.QueueManager.initJob(QueueManager.java:44)
	at org.apache.hama.bsp.SimpleTaskScheduler$JobListener.jobAdded(SimpleTaskScheduler.java:112)
	at org.apache.hama.bsp.BSPMaster.addJob(BSPMaster.java:789)
	at org.apache.hama.bsp.BSPMaster.submitJob(BSPMaster.java:639)
	at sun.reflect.NativeMethodAccessorImpl.invoke0(Native Method)
	at sun.reflect.NativeMethodAccessorImpl.invoke(NativeMethodAccessorImpl.java:57)
	at sun.reflect.DelegatingMethodAccessorImpl.invoke(DelegatingMethodAccessorImpl.java:43)
	at java.lang.reflect.Method.invoke(Method.java:606)
	at org.apache.hama.ipc.RPC$Server.call(RPC.java:615)
	at org.apache.hama.ipc.Server$Handler$1.run(Server.java:1211)
	at org.apache.hama.ipc.Server$Handler$1.run(Server.java:1207)
	at java.security.AccessController.doPrivileged(Native Method)
	at javax.security.auth.Subject.doAs(Subject.java:415)
	at org.apache.hadoop.security.UserGroupInformation.doAs(UserGroupInformation.java:1657)
	at org.apache.hama.ipc.Server$Handler.run(Server.java:1206)
2015-11-23 09:26:45,899 ERROR org.apache.hama.bsp.sync.ZKSyncClient: Error creating zk path /bsp/job_201511222005_0032
org.apache.zookeeper.KeeperException$SessionExpiredException: KeeperErrorCode = Session expired for /bsp
	at org.apache.zookeeper.KeeperException.create(KeeperException.java:127)
	at org.apache.zookeeper.KeeperException.create(KeeperException.java:51)
	at org.apache.zookeeper.ZooKeeper.exists(ZooKeeper.java:1041)
	at org.apache.zookeeper.ZooKeeper.exists(ZooKeeper.java:1069)
	at org.apache.hama.bsp.sync.ZKSyncClient.createZnode(ZKSyncClient.java:135)
	at org.apache.hama.bsp.sync.ZKSyncClient.writeNode(ZKSyncClient.java:281)
	at org.apache.hama.bsp.sync.ZKSyncBSPMasterClient.createJobRoot(ZKSyncBSPMasterClient.java:84)
	at org.apache.hama.bsp.sync.ZKSyncBSPMasterClient.registerJob(ZKSyncBSPMasterClient.java:95)
	at org.apache.hama.bsp.JobInProgress.initTasks(JobInProgress.java:299)
	at org.apache.hama.bsp.QueueManager.initJob(QueueManager.java:44)
	at org.apache.hama.bsp.SimpleTaskScheduler$JobListener.jobAdded(SimpleTaskScheduler.java:112)
	at org.apache.hama.bsp.BSPMaster.addJob(BSPMaster.java:789)
	at org.apache.hama.bsp.BSPMaster.submitJob(BSPMaster.java:639)
	at sun.reflect.NativeMethodAccessorImpl.invoke0(Native Method)
	at sun.reflect.NativeMethodAccessorImpl.invoke(NativeMethodAccessorImpl.java:57)
	at sun.reflect.DelegatingMethodAccessorImpl.invoke(DelegatingMethodAccessorImpl.java:43)
	at java.lang.reflect.Method.invoke(Method.java:606)
	at org.apache.hama.ipc.RPC$Server.call(RPC.java:615)
	at org.apache.hama.ipc.Server$Handler$1.run(Server.java:1211)
	at org.apache.hama.ipc.Server$Handler$1.run(Server.java:1207)
	at java.security.AccessController.doPrivileged(Native Method)
	at javax.security.auth.Subject.doAs(Subject.java:415)
	at org.apache.hadoop.security.UserGroupInformation.doAs(UserGroupInformation.java:1657)
	at org.apache.hama.ipc.Server$Handler.run(Server.java:1206)
2015-11-23 09:26:45,900 INFO org.apache.hama.bsp.JobInProgress: Job is initialized.
2015-11-23 09:26:51,407 INFO org.apache.hama.bsp.JobInProgress: Job successfully done.
2015-11-23 09:26:51,407 ERROR org.apache.hama.bsp.sync.ZKSyncBSPMasterClient: Error deleting job job_201511222005_0032
2015-11-23 09:28:17,862 INFO org.apache.hadoop.conf.Configuration.deprecation: user.name is deprecated. Instead, use mapreduce.job.user.name
2015-11-23 09:28:17,881 ERROR org.apache.hama.bsp.sync.ZKSyncClient: Error checking zk path /bsp/job_201511222005_0033
org.apache.zookeeper.KeeperException$SessionExpiredException: KeeperErrorCode = Session expired for /bsp/job_201511222005_0033
	at org.apache.zookeeper.KeeperException.create(KeeperException.java:127)
	at org.apache.zookeeper.KeeperException.create(KeeperException.java:51)
	at org.apache.zookeeper.ZooKeeper.exists(ZooKeeper.java:1041)
	at org.apache.zookeeper.ZooKeeper.exists(ZooKeeper.java:1069)
	at org.apache.hama.bsp.sync.ZKSyncClient.isExists(ZKSyncClient.java:108)
	at org.apache.hama.bsp.sync.ZKSyncClient.writeNode(ZKSyncClient.java:261)
	at org.apache.hama.bsp.sync.ZKSyncBSPMasterClient.createJobRoot(ZKSyncBSPMasterClient.java:84)
	at org.apache.hama.bsp.sync.ZKSyncBSPMasterClient.registerJob(ZKSyncBSPMasterClient.java:95)
	at org.apache.hama.bsp.JobInProgress.initTasks(JobInProgress.java:299)
	at org.apache.hama.bsp.QueueManager.initJob(QueueManager.java:44)
	at org.apache.hama.bsp.SimpleTaskScheduler$JobListener.jobAdded(SimpleTaskScheduler.java:112)
	at org.apache.hama.bsp.BSPMaster.addJob(BSPMaster.java:789)
	at org.apache.hama.bsp.BSPMaster.submitJob(BSPMaster.java:639)
	at sun.reflect.NativeMethodAccessorImpl.invoke0(Native Method)
	at sun.reflect.NativeMethodAccessorImpl.invoke(NativeMethodAccessorImpl.java:57)
	at sun.reflect.DelegatingMethodAccessorImpl.invoke(DelegatingMethodAccessorImpl.java:43)
	at java.lang.reflect.Method.invoke(Method.java:606)
	at org.apache.hama.ipc.RPC$Server.call(RPC.java:615)
	at org.apache.hama.ipc.Server$Handler$1.run(Server.java:1211)
	at org.apache.hama.ipc.Server$Handler$1.run(Server.java:1207)
	at java.security.AccessController.doPrivileged(Native Method)
	at javax.security.auth.Subject.doAs(Subject.java:415)
	at org.apache.hadoop.security.UserGroupInformation.doAs(UserGroupInformation.java:1657)
	at org.apache.hama.ipc.Server$Handler.run(Server.java:1206)
2015-11-23 09:28:17,882 ERROR org.apache.hama.bsp.sync.ZKSyncClient: Error creating zk path /bsp/job_201511222005_0033
org.apache.zookeeper.KeeperException$SessionExpiredException: KeeperErrorCode = Session expired for /bsp
	at org.apache.zookeeper.KeeperException.create(KeeperException.java:127)
	at org.apache.zookeeper.KeeperException.create(KeeperException.java:51)
	at org.apache.zookeeper.ZooKeeper.exists(ZooKeeper.java:1041)
	at org.apache.zookeeper.ZooKeeper.exists(ZooKeeper.java:1069)
	at org.apache.hama.bsp.sync.ZKSyncClient.createZnode(ZKSyncClient.java:135)
	at org.apache.hama.bsp.sync.ZKSyncClient.writeNode(ZKSyncClient.java:281)
	at org.apache.hama.bsp.sync.ZKSyncBSPMasterClient.createJobRoot(ZKSyncBSPMasterClient.java:84)
	at org.apache.hama.bsp.sync.ZKSyncBSPMasterClient.registerJob(ZKSyncBSPMasterClient.java:95)
	at org.apache.hama.bsp.JobInProgress.initTasks(JobInProgress.java:299)
	at org.apache.hama.bsp.QueueManager.initJob(QueueManager.java:44)
	at org.apache.hama.bsp.SimpleTaskScheduler$JobListener.jobAdded(SimpleTaskScheduler.java:112)
	at org.apache.hama.bsp.BSPMaster.addJob(BSPMaster.java:789)
	at org.apache.hama.bsp.BSPMaster.submitJob(BSPMaster.java:639)
	at sun.reflect.NativeMethodAccessorImpl.invoke0(Native Method)
	at sun.reflect.NativeMethodAccessorImpl.invoke(NativeMethodAccessorImpl.java:57)
	at sun.reflect.DelegatingMethodAccessorImpl.invoke(DelegatingMethodAccessorImpl.java:43)
	at java.lang.reflect.Method.invoke(Method.java:606)
	at org.apache.hama.ipc.RPC$Server.call(RPC.java:615)
	at org.apache.hama.ipc.Server$Handler$1.run(Server.java:1211)
	at org.apache.hama.ipc.Server$Handler$1.run(Server.java:1207)
	at java.security.AccessController.doPrivileged(Native Method)
	at javax.security.auth.Subject.doAs(Subject.java:415)
	at org.apache.hadoop.security.UserGroupInformation.doAs(UserGroupInformation.java:1657)
	at org.apache.hama.ipc.Server$Handler.run(Server.java:1206)
2015-11-23 09:28:17,882 INFO org.apache.hama.bsp.JobInProgress: Job is initialized.
2015-11-23 09:28:29,550 INFO org.apache.hama.bsp.JobInProgress: Job successfully done.
2015-11-23 09:28:29,550 ERROR org.apache.hama.bsp.sync.ZKSyncBSPMasterClient: Error deleting job job_201511222005_0033
2015-11-23 09:31:52,427 INFO org.apache.hadoop.conf.Configuration.deprecation: user.name is deprecated. Instead, use mapreduce.job.user.name
2015-11-23 09:31:52,448 ERROR org.apache.hama.bsp.sync.ZKSyncClient: Error checking zk path /bsp/job_201511222005_0034
org.apache.zookeeper.KeeperException$SessionExpiredException: KeeperErrorCode = Session expired for /bsp/job_201511222005_0034
	at org.apache.zookeeper.KeeperException.create(KeeperException.java:127)
	at org.apache.zookeeper.KeeperException.create(KeeperException.java:51)
	at org.apache.zookeeper.ZooKeeper.exists(ZooKeeper.java:1041)
	at org.apache.zookeeper.ZooKeeper.exists(ZooKeeper.java:1069)
	at org.apache.hama.bsp.sync.ZKSyncClient.isExists(ZKSyncClient.java:108)
	at org.apache.hama.bsp.sync.ZKSyncClient.writeNode(ZKSyncClient.java:261)
	at org.apache.hama.bsp.sync.ZKSyncBSPMasterClient.createJobRoot(ZKSyncBSPMasterClient.java:84)
	at org.apache.hama.bsp.sync.ZKSyncBSPMasterClient.registerJob(ZKSyncBSPMasterClient.java:95)
	at org.apache.hama.bsp.JobInProgress.initTasks(JobInProgress.java:299)
	at org.apache.hama.bsp.QueueManager.initJob(QueueManager.java:44)
	at org.apache.hama.bsp.SimpleTaskScheduler$JobListener.jobAdded(SimpleTaskScheduler.java:112)
	at org.apache.hama.bsp.BSPMaster.addJob(BSPMaster.java:789)
	at org.apache.hama.bsp.BSPMaster.submitJob(BSPMaster.java:639)
	at sun.reflect.NativeMethodAccessorImpl.invoke0(Native Method)
	at sun.reflect.NativeMethodAccessorImpl.invoke(NativeMethodAccessorImpl.java:57)
	at sun.reflect.DelegatingMethodAccessorImpl.invoke(DelegatingMethodAccessorImpl.java:43)
	at java.lang.reflect.Method.invoke(Method.java:606)
	at org.apache.hama.ipc.RPC$Server.call(RPC.java:615)
	at org.apache.hama.ipc.Server$Handler$1.run(Server.java:1211)
	at org.apache.hama.ipc.Server$Handler$1.run(Server.java:1207)
	at java.security.AccessController.doPrivileged(Native Method)
	at javax.security.auth.Subject.doAs(Subject.java:415)
	at org.apache.hadoop.security.UserGroupInformation.doAs(UserGroupInformation.java:1657)
	at org.apache.hama.ipc.Server$Handler.run(Server.java:1206)
2015-11-23 09:31:52,448 ERROR org.apache.hama.bsp.sync.ZKSyncClient: Error creating zk path /bsp/job_201511222005_0034
org.apache.zookeeper.KeeperException$SessionExpiredException: KeeperErrorCode = Session expired for /bsp
	at org.apache.zookeeper.KeeperException.create(KeeperException.java:127)
	at org.apache.zookeeper.KeeperException.create(KeeperException.java:51)
	at org.apache.zookeeper.ZooKeeper.exists(ZooKeeper.java:1041)
	at org.apache.zookeeper.ZooKeeper.exists(ZooKeeper.java:1069)
	at org.apache.hama.bsp.sync.ZKSyncClient.createZnode(ZKSyncClient.java:135)
	at org.apache.hama.bsp.sync.ZKSyncClient.writeNode(ZKSyncClient.java:281)
	at org.apache.hama.bsp.sync.ZKSyncBSPMasterClient.createJobRoot(ZKSyncBSPMasterClient.java:84)
	at org.apache.hama.bsp.sync.ZKSyncBSPMasterClient.registerJob(ZKSyncBSPMasterClient.java:95)
	at org.apache.hama.bsp.JobInProgress.initTasks(JobInProgress.java:299)
	at org.apache.hama.bsp.QueueManager.initJob(QueueManager.java:44)
	at org.apache.hama.bsp.SimpleTaskScheduler$JobListener.jobAdded(SimpleTaskScheduler.java:112)
	at org.apache.hama.bsp.BSPMaster.addJob(BSPMaster.java:789)
	at org.apache.hama.bsp.BSPMaster.submitJob(BSPMaster.java:639)
	at sun.reflect.NativeMethodAccessorImpl.invoke0(Native Method)
	at sun.reflect.NativeMethodAccessorImpl.invoke(NativeMethodAccessorImpl.java:57)
	at sun.reflect.DelegatingMethodAccessorImpl.invoke(DelegatingMethodAccessorImpl.java:43)
	at java.lang.reflect.Method.invoke(Method.java:606)
	at org.apache.hama.ipc.RPC$Server.call(RPC.java:615)
	at org.apache.hama.ipc.Server$Handler$1.run(Server.java:1211)
	at org.apache.hama.ipc.Server$Handler$1.run(Server.java:1207)
	at java.security.AccessController.doPrivileged(Native Method)
	at javax.security.auth.Subject.doAs(Subject.java:415)
	at org.apache.hadoop.security.UserGroupInformation.doAs(UserGroupInformation.java:1657)
	at org.apache.hama.ipc.Server$Handler.run(Server.java:1206)
2015-11-23 09:31:52,449 INFO org.apache.hama.bsp.JobInProgress: Job is initialized.
2015-11-23 09:31:55,821 INFO org.apache.hama.bsp.JobInProgress: Job successfully done.
2015-11-23 09:31:55,821 ERROR org.apache.hama.bsp.sync.ZKSyncBSPMasterClient: Error deleting job job_201511222005_0034
2015-11-23 09:33:14,852 INFO org.apache.hadoop.conf.Configuration.deprecation: user.name is deprecated. Instead, use mapreduce.job.user.name
2015-11-23 09:33:14,870 ERROR org.apache.hama.bsp.sync.ZKSyncClient: Error checking zk path /bsp/job_201511222005_0035
org.apache.zookeeper.KeeperException$SessionExpiredException: KeeperErrorCode = Session expired for /bsp/job_201511222005_0035
	at org.apache.zookeeper.KeeperException.create(KeeperException.java:127)
	at org.apache.zookeeper.KeeperException.create(KeeperException.java:51)
	at org.apache.zookeeper.ZooKeeper.exists(ZooKeeper.java:1041)
	at org.apache.zookeeper.ZooKeeper.exists(ZooKeeper.java:1069)
	at org.apache.hama.bsp.sync.ZKSyncClient.isExists(ZKSyncClient.java:108)
	at org.apache.hama.bsp.sync.ZKSyncClient.writeNode(ZKSyncClient.java:261)
	at org.apache.hama.bsp.sync.ZKSyncBSPMasterClient.createJobRoot(ZKSyncBSPMasterClient.java:84)
	at org.apache.hama.bsp.sync.ZKSyncBSPMasterClient.registerJob(ZKSyncBSPMasterClient.java:95)
	at org.apache.hama.bsp.JobInProgress.initTasks(JobInProgress.java:299)
	at org.apache.hama.bsp.QueueManager.initJob(QueueManager.java:44)
	at org.apache.hama.bsp.SimpleTaskScheduler$JobListener.jobAdded(SimpleTaskScheduler.java:112)
	at org.apache.hama.bsp.BSPMaster.addJob(BSPMaster.java:789)
	at org.apache.hama.bsp.BSPMaster.submitJob(BSPMaster.java:639)
	at sun.reflect.NativeMethodAccessorImpl.invoke0(Native Method)
	at sun.reflect.NativeMethodAccessorImpl.invoke(NativeMethodAccessorImpl.java:57)
	at sun.reflect.DelegatingMethodAccessorImpl.invoke(DelegatingMethodAccessorImpl.java:43)
	at java.lang.reflect.Method.invoke(Method.java:606)
	at org.apache.hama.ipc.RPC$Server.call(RPC.java:615)
	at org.apache.hama.ipc.Server$Handler$1.run(Server.java:1211)
	at org.apache.hama.ipc.Server$Handler$1.run(Server.java:1207)
	at java.security.AccessController.doPrivileged(Native Method)
	at javax.security.auth.Subject.doAs(Subject.java:415)
	at org.apache.hadoop.security.UserGroupInformation.doAs(UserGroupInformation.java:1657)
	at org.apache.hama.ipc.Server$Handler.run(Server.java:1206)
2015-11-23 09:33:14,870 ERROR org.apache.hama.bsp.sync.ZKSyncClient: Error creating zk path /bsp/job_201511222005_0035
org.apache.zookeeper.KeeperException$SessionExpiredException: KeeperErrorCode = Session expired for /bsp
	at org.apache.zookeeper.KeeperException.create(KeeperException.java:127)
	at org.apache.zookeeper.KeeperException.create(KeeperException.java:51)
	at org.apache.zookeeper.ZooKeeper.exists(ZooKeeper.java:1041)
	at org.apache.zookeeper.ZooKeeper.exists(ZooKeeper.java:1069)
	at org.apache.hama.bsp.sync.ZKSyncClient.createZnode(ZKSyncClient.java:135)
	at org.apache.hama.bsp.sync.ZKSyncClient.writeNode(ZKSyncClient.java:281)
	at org.apache.hama.bsp.sync.ZKSyncBSPMasterClient.createJobRoot(ZKSyncBSPMasterClient.java:84)
	at org.apache.hama.bsp.sync.ZKSyncBSPMasterClient.registerJob(ZKSyncBSPMasterClient.java:95)
	at org.apache.hama.bsp.JobInProgress.initTasks(JobInProgress.java:299)
	at org.apache.hama.bsp.QueueManager.initJob(QueueManager.java:44)
	at org.apache.hama.bsp.SimpleTaskScheduler$JobListener.jobAdded(SimpleTaskScheduler.java:112)
	at org.apache.hama.bsp.BSPMaster.addJob(BSPMaster.java:789)
	at org.apache.hama.bsp.BSPMaster.submitJob(BSPMaster.java:639)
	at sun.reflect.NativeMethodAccessorImpl.invoke0(Native Method)
	at sun.reflect.NativeMethodAccessorImpl.invoke(NativeMethodAccessorImpl.java:57)
	at sun.reflect.DelegatingMethodAccessorImpl.invoke(DelegatingMethodAccessorImpl.java:43)
	at java.lang.reflect.Method.invoke(Method.java:606)
	at org.apache.hama.ipc.RPC$Server.call(RPC.java:615)
	at org.apache.hama.ipc.Server$Handler$1.run(Server.java:1211)
	at org.apache.hama.ipc.Server$Handler$1.run(Server.java:1207)
	at java.security.AccessController.doPrivileged(Native Method)
	at javax.security.auth.Subject.doAs(Subject.java:415)
	at org.apache.hadoop.security.UserGroupInformation.doAs(UserGroupInformation.java:1657)
	at org.apache.hama.ipc.Server$Handler.run(Server.java:1206)
2015-11-23 09:33:14,871 INFO org.apache.hama.bsp.JobInProgress: Job is initialized.
2015-11-23 09:33:25,952 INFO org.apache.hama.bsp.JobInProgress: Job successfully done.
2015-11-23 09:33:25,952 ERROR org.apache.hama.bsp.sync.ZKSyncBSPMasterClient: Error deleting job job_201511222005_0035
2015-11-23 09:40:08,028 INFO org.apache.hadoop.conf.Configuration.deprecation: user.name is deprecated. Instead, use mapreduce.job.user.name
2015-11-23 09:40:08,050 ERROR org.apache.hama.bsp.sync.ZKSyncClient: Error checking zk path /bsp/job_201511222005_0036
org.apache.zookeeper.KeeperException$SessionExpiredException: KeeperErrorCode = Session expired for /bsp/job_201511222005_0036
	at org.apache.zookeeper.KeeperException.create(KeeperException.java:127)
	at org.apache.zookeeper.KeeperException.create(KeeperException.java:51)
	at org.apache.zookeeper.ZooKeeper.exists(ZooKeeper.java:1041)
	at org.apache.zookeeper.ZooKeeper.exists(ZooKeeper.java:1069)
	at org.apache.hama.bsp.sync.ZKSyncClient.isExists(ZKSyncClient.java:108)
	at org.apache.hama.bsp.sync.ZKSyncClient.writeNode(ZKSyncClient.java:261)
	at org.apache.hama.bsp.sync.ZKSyncBSPMasterClient.createJobRoot(ZKSyncBSPMasterClient.java:84)
	at org.apache.hama.bsp.sync.ZKSyncBSPMasterClient.registerJob(ZKSyncBSPMasterClient.java:95)
	at org.apache.hama.bsp.JobInProgress.initTasks(JobInProgress.java:299)
	at org.apache.hama.bsp.QueueManager.initJob(QueueManager.java:44)
	at org.apache.hama.bsp.SimpleTaskScheduler$JobListener.jobAdded(SimpleTaskScheduler.java:112)
	at org.apache.hama.bsp.BSPMaster.addJob(BSPMaster.java:789)
	at org.apache.hama.bsp.BSPMaster.submitJob(BSPMaster.java:639)
	at sun.reflect.NativeMethodAccessorImpl.invoke0(Native Method)
	at sun.reflect.NativeMethodAccessorImpl.invoke(NativeMethodAccessorImpl.java:57)
	at sun.reflect.DelegatingMethodAccessorImpl.invoke(DelegatingMethodAccessorImpl.java:43)
	at java.lang.reflect.Method.invoke(Method.java:606)
	at org.apache.hama.ipc.RPC$Server.call(RPC.java:615)
	at org.apache.hama.ipc.Server$Handler$1.run(Server.java:1211)
	at org.apache.hama.ipc.Server$Handler$1.run(Server.java:1207)
	at java.security.AccessController.doPrivileged(Native Method)
	at javax.security.auth.Subject.doAs(Subject.java:415)
	at org.apache.hadoop.security.UserGroupInformation.doAs(UserGroupInformation.java:1657)
	at org.apache.hama.ipc.Server$Handler.run(Server.java:1206)
2015-11-23 09:40:08,050 ERROR org.apache.hama.bsp.sync.ZKSyncClient: Error creating zk path /bsp/job_201511222005_0036
org.apache.zookeeper.KeeperException$SessionExpiredException: KeeperErrorCode = Session expired for /bsp
	at org.apache.zookeeper.KeeperException.create(KeeperException.java:127)
	at org.apache.zookeeper.KeeperException.create(KeeperException.java:51)
	at org.apache.zookeeper.ZooKeeper.exists(ZooKeeper.java:1041)
	at org.apache.zookeeper.ZooKeeper.exists(ZooKeeper.java:1069)
	at org.apache.hama.bsp.sync.ZKSyncClient.createZnode(ZKSyncClient.java:135)
	at org.apache.hama.bsp.sync.ZKSyncClient.writeNode(ZKSyncClient.java:281)
	at org.apache.hama.bsp.sync.ZKSyncBSPMasterClient.createJobRoot(ZKSyncBSPMasterClient.java:84)
	at org.apache.hama.bsp.sync.ZKSyncBSPMasterClient.registerJob(ZKSyncBSPMasterClient.java:95)
	at org.apache.hama.bsp.JobInProgress.initTasks(JobInProgress.java:299)
	at org.apache.hama.bsp.QueueManager.initJob(QueueManager.java:44)
	at org.apache.hama.bsp.SimpleTaskScheduler$JobListener.jobAdded(SimpleTaskScheduler.java:112)
	at org.apache.hama.bsp.BSPMaster.addJob(BSPMaster.java:789)
	at org.apache.hama.bsp.BSPMaster.submitJob(BSPMaster.java:639)
	at sun.reflect.NativeMethodAccessorImpl.invoke0(Native Method)
	at sun.reflect.NativeMethodAccessorImpl.invoke(NativeMethodAccessorImpl.java:57)
	at sun.reflect.DelegatingMethodAccessorImpl.invoke(DelegatingMethodAccessorImpl.java:43)
	at java.lang.reflect.Method.invoke(Method.java:606)
	at org.apache.hama.ipc.RPC$Server.call(RPC.java:615)
	at org.apache.hama.ipc.Server$Handler$1.run(Server.java:1211)
	at org.apache.hama.ipc.Server$Handler$1.run(Server.java:1207)
	at java.security.AccessController.doPrivileged(Native Method)
	at javax.security.auth.Subject.doAs(Subject.java:415)
	at org.apache.hadoop.security.UserGroupInformation.doAs(UserGroupInformation.java:1657)
	at org.apache.hama.ipc.Server$Handler.run(Server.java:1206)
2015-11-23 09:40:08,050 INFO org.apache.hama.bsp.JobInProgress: Job is initialized.
2015-11-23 09:40:12,466 INFO org.apache.hama.bsp.JobInProgress: Job successfully done.
2015-11-23 09:40:12,466 ERROR org.apache.hama.bsp.sync.ZKSyncBSPMasterClient: Error deleting job job_201511222005_0036
2015-11-23 09:40:52,650 INFO org.apache.hadoop.conf.Configuration.deprecation: user.name is deprecated. Instead, use mapreduce.job.user.name
2015-11-23 09:40:52,668 ERROR org.apache.hama.bsp.sync.ZKSyncClient: Error checking zk path /bsp/job_201511222005_0037
org.apache.zookeeper.KeeperException$SessionExpiredException: KeeperErrorCode = Session expired for /bsp/job_201511222005_0037
	at org.apache.zookeeper.KeeperException.create(KeeperException.java:127)
	at org.apache.zookeeper.KeeperException.create(KeeperException.java:51)
	at org.apache.zookeeper.ZooKeeper.exists(ZooKeeper.java:1041)
	at org.apache.zookeeper.ZooKeeper.exists(ZooKeeper.java:1069)
	at org.apache.hama.bsp.sync.ZKSyncClient.isExists(ZKSyncClient.java:108)
	at org.apache.hama.bsp.sync.ZKSyncClient.writeNode(ZKSyncClient.java:261)
	at org.apache.hama.bsp.sync.ZKSyncBSPMasterClient.createJobRoot(ZKSyncBSPMasterClient.java:84)
	at org.apache.hama.bsp.sync.ZKSyncBSPMasterClient.registerJob(ZKSyncBSPMasterClient.java:95)
	at org.apache.hama.bsp.JobInProgress.initTasks(JobInProgress.java:299)
	at org.apache.hama.bsp.QueueManager.initJob(QueueManager.java:44)
	at org.apache.hama.bsp.SimpleTaskScheduler$JobListener.jobAdded(SimpleTaskScheduler.java:112)
	at org.apache.hama.bsp.BSPMaster.addJob(BSPMaster.java:789)
	at org.apache.hama.bsp.BSPMaster.submitJob(BSPMaster.java:639)
	at sun.reflect.NativeMethodAccessorImpl.invoke0(Native Method)
	at sun.reflect.NativeMethodAccessorImpl.invoke(NativeMethodAccessorImpl.java:57)
	at sun.reflect.DelegatingMethodAccessorImpl.invoke(DelegatingMethodAccessorImpl.java:43)
	at java.lang.reflect.Method.invoke(Method.java:606)
	at org.apache.hama.ipc.RPC$Server.call(RPC.java:615)
	at org.apache.hama.ipc.Server$Handler$1.run(Server.java:1211)
	at org.apache.hama.ipc.Server$Handler$1.run(Server.java:1207)
	at java.security.AccessController.doPrivileged(Native Method)
	at javax.security.auth.Subject.doAs(Subject.java:415)
	at org.apache.hadoop.security.UserGroupInformation.doAs(UserGroupInformation.java:1657)
	at org.apache.hama.ipc.Server$Handler.run(Server.java:1206)
2015-11-23 09:40:52,668 ERROR org.apache.hama.bsp.sync.ZKSyncClient: Error creating zk path /bsp/job_201511222005_0037
org.apache.zookeeper.KeeperException$SessionExpiredException: KeeperErrorCode = Session expired for /bsp
	at org.apache.zookeeper.KeeperException.create(KeeperException.java:127)
	at org.apache.zookeeper.KeeperException.create(KeeperException.java:51)
	at org.apache.zookeeper.ZooKeeper.exists(ZooKeeper.java:1041)
	at org.apache.zookeeper.ZooKeeper.exists(ZooKeeper.java:1069)
	at org.apache.hama.bsp.sync.ZKSyncClient.createZnode(ZKSyncClient.java:135)
	at org.apache.hama.bsp.sync.ZKSyncClient.writeNode(ZKSyncClient.java:281)
	at org.apache.hama.bsp.sync.ZKSyncBSPMasterClient.createJobRoot(ZKSyncBSPMasterClient.java:84)
	at org.apache.hama.bsp.sync.ZKSyncBSPMasterClient.registerJob(ZKSyncBSPMasterClient.java:95)
	at org.apache.hama.bsp.JobInProgress.initTasks(JobInProgress.java:299)
	at org.apache.hama.bsp.QueueManager.initJob(QueueManager.java:44)
	at org.apache.hama.bsp.SimpleTaskScheduler$JobListener.jobAdded(SimpleTaskScheduler.java:112)
	at org.apache.hama.bsp.BSPMaster.addJob(BSPMaster.java:789)
	at org.apache.hama.bsp.BSPMaster.submitJob(BSPMaster.java:639)
	at sun.reflect.NativeMethodAccessorImpl.invoke0(Native Method)
	at sun.reflect.NativeMethodAccessorImpl.invoke(NativeMethodAccessorImpl.java:57)
	at sun.reflect.DelegatingMethodAccessorImpl.invoke(DelegatingMethodAccessorImpl.java:43)
	at java.lang.reflect.Method.invoke(Method.java:606)
	at org.apache.hama.ipc.RPC$Server.call(RPC.java:615)
	at org.apache.hama.ipc.Server$Handler$1.run(Server.java:1211)
	at org.apache.hama.ipc.Server$Handler$1.run(Server.java:1207)
	at java.security.AccessController.doPrivileged(Native Method)
	at javax.security.auth.Subject.doAs(Subject.java:415)
	at org.apache.hadoop.security.UserGroupInformation.doAs(UserGroupInformation.java:1657)
	at org.apache.hama.ipc.Server$Handler.run(Server.java:1206)
2015-11-23 09:40:52,668 INFO org.apache.hama.bsp.JobInProgress: Job is initialized.
2015-11-23 09:41:04,539 INFO org.apache.hama.bsp.JobInProgress: Job successfully done.
2015-11-23 09:41:04,539 ERROR org.apache.hama.bsp.sync.ZKSyncBSPMasterClient: Error deleting job job_201511222005_0037
2015-11-23 10:32:42,589 INFO org.apache.hadoop.conf.Configuration.deprecation: user.name is deprecated. Instead, use mapreduce.job.user.name
2015-11-23 10:32:42,607 ERROR org.apache.hama.bsp.sync.ZKSyncClient: Error checking zk path /bsp/job_201511222005_0038
org.apache.zookeeper.KeeperException$SessionExpiredException: KeeperErrorCode = Session expired for /bsp/job_201511222005_0038
	at org.apache.zookeeper.KeeperException.create(KeeperException.java:127)
	at org.apache.zookeeper.KeeperException.create(KeeperException.java:51)
	at org.apache.zookeeper.ZooKeeper.exists(ZooKeeper.java:1041)
	at org.apache.zookeeper.ZooKeeper.exists(ZooKeeper.java:1069)
	at org.apache.hama.bsp.sync.ZKSyncClient.isExists(ZKSyncClient.java:108)
	at org.apache.hama.bsp.sync.ZKSyncClient.writeNode(ZKSyncClient.java:261)
	at org.apache.hama.bsp.sync.ZKSyncBSPMasterClient.createJobRoot(ZKSyncBSPMasterClient.java:84)
	at org.apache.hama.bsp.sync.ZKSyncBSPMasterClient.registerJob(ZKSyncBSPMasterClient.java:95)
	at org.apache.hama.bsp.JobInProgress.initTasks(JobInProgress.java:299)
	at org.apache.hama.bsp.QueueManager.initJob(QueueManager.java:44)
	at org.apache.hama.bsp.SimpleTaskScheduler$JobListener.jobAdded(SimpleTaskScheduler.java:112)
	at org.apache.hama.bsp.BSPMaster.addJob(BSPMaster.java:789)
	at org.apache.hama.bsp.BSPMaster.submitJob(BSPMaster.java:639)
	at sun.reflect.NativeMethodAccessorImpl.invoke0(Native Method)
	at sun.reflect.NativeMethodAccessorImpl.invoke(NativeMethodAccessorImpl.java:57)
	at sun.reflect.DelegatingMethodAccessorImpl.invoke(DelegatingMethodAccessorImpl.java:43)
	at java.lang.reflect.Method.invoke(Method.java:606)
	at org.apache.hama.ipc.RPC$Server.call(RPC.java:615)
	at org.apache.hama.ipc.Server$Handler$1.run(Server.java:1211)
	at org.apache.hama.ipc.Server$Handler$1.run(Server.java:1207)
	at java.security.AccessController.doPrivileged(Native Method)
	at javax.security.auth.Subject.doAs(Subject.java:415)
	at org.apache.hadoop.security.UserGroupInformation.doAs(UserGroupInformation.java:1657)
	at org.apache.hama.ipc.Server$Handler.run(Server.java:1206)
2015-11-23 10:32:42,608 ERROR org.apache.hama.bsp.sync.ZKSyncClient: Error creating zk path /bsp/job_201511222005_0038
org.apache.zookeeper.KeeperException$SessionExpiredException: KeeperErrorCode = Session expired for /bsp
	at org.apache.zookeeper.KeeperException.create(KeeperException.java:127)
	at org.apache.zookeeper.KeeperException.create(KeeperException.java:51)
	at org.apache.zookeeper.ZooKeeper.exists(ZooKeeper.java:1041)
	at org.apache.zookeeper.ZooKeeper.exists(ZooKeeper.java:1069)
	at org.apache.hama.bsp.sync.ZKSyncClient.createZnode(ZKSyncClient.java:135)
	at org.apache.hama.bsp.sync.ZKSyncClient.writeNode(ZKSyncClient.java:281)
	at org.apache.hama.bsp.sync.ZKSyncBSPMasterClient.createJobRoot(ZKSyncBSPMasterClient.java:84)
	at org.apache.hama.bsp.sync.ZKSyncBSPMasterClient.registerJob(ZKSyncBSPMasterClient.java:95)
	at org.apache.hama.bsp.JobInProgress.initTasks(JobInProgress.java:299)
	at org.apache.hama.bsp.QueueManager.initJob(QueueManager.java:44)
	at org.apache.hama.bsp.SimpleTaskScheduler$JobListener.jobAdded(SimpleTaskScheduler.java:112)
	at org.apache.hama.bsp.BSPMaster.addJob(BSPMaster.java:789)
	at org.apache.hama.bsp.BSPMaster.submitJob(BSPMaster.java:639)
	at sun.reflect.NativeMethodAccessorImpl.invoke0(Native Method)
	at sun.reflect.NativeMethodAccessorImpl.invoke(NativeMethodAccessorImpl.java:57)
	at sun.reflect.DelegatingMethodAccessorImpl.invoke(DelegatingMethodAccessorImpl.java:43)
	at java.lang.reflect.Method.invoke(Method.java:606)
	at org.apache.hama.ipc.RPC$Server.call(RPC.java:615)
	at org.apache.hama.ipc.Server$Handler$1.run(Server.java:1211)
	at org.apache.hama.ipc.Server$Handler$1.run(Server.java:1207)
	at java.security.AccessController.doPrivileged(Native Method)
	at javax.security.auth.Subject.doAs(Subject.java:415)
	at org.apache.hadoop.security.UserGroupInformation.doAs(UserGroupInformation.java:1657)
	at org.apache.hama.ipc.Server$Handler.run(Server.java:1206)
2015-11-23 10:32:42,611 INFO org.apache.hama.bsp.JobInProgress: Job is initialized.
2015-11-23 10:32:47,888 INFO org.apache.hama.bsp.JobInProgress: Job successfully done.
2015-11-23 10:32:47,888 ERROR org.apache.hama.bsp.sync.ZKSyncBSPMasterClient: Error deleting job job_201511222005_0038
2015-11-23 10:35:02,038 INFO org.apache.hadoop.conf.Configuration.deprecation: user.name is deprecated. Instead, use mapreduce.job.user.name
2015-11-23 10:35:02,054 ERROR org.apache.hama.bsp.sync.ZKSyncClient: Error checking zk path /bsp/job_201511222005_0039
org.apache.zookeeper.KeeperException$SessionExpiredException: KeeperErrorCode = Session expired for /bsp/job_201511222005_0039
	at org.apache.zookeeper.KeeperException.create(KeeperException.java:127)
	at org.apache.zookeeper.KeeperException.create(KeeperException.java:51)
	at org.apache.zookeeper.ZooKeeper.exists(ZooKeeper.java:1041)
	at org.apache.zookeeper.ZooKeeper.exists(ZooKeeper.java:1069)
	at org.apache.hama.bsp.sync.ZKSyncClient.isExists(ZKSyncClient.java:108)
	at org.apache.hama.bsp.sync.ZKSyncClient.writeNode(ZKSyncClient.java:261)
	at org.apache.hama.bsp.sync.ZKSyncBSPMasterClient.createJobRoot(ZKSyncBSPMasterClient.java:84)
	at org.apache.hama.bsp.sync.ZKSyncBSPMasterClient.registerJob(ZKSyncBSPMasterClient.java:95)
	at org.apache.hama.bsp.JobInProgress.initTasks(JobInProgress.java:299)
	at org.apache.hama.bsp.QueueManager.initJob(QueueManager.java:44)
	at org.apache.hama.bsp.SimpleTaskScheduler$JobListener.jobAdded(SimpleTaskScheduler.java:112)
	at org.apache.hama.bsp.BSPMaster.addJob(BSPMaster.java:789)
	at org.apache.hama.bsp.BSPMaster.submitJob(BSPMaster.java:639)
	at sun.reflect.NativeMethodAccessorImpl.invoke0(Native Method)
	at sun.reflect.NativeMethodAccessorImpl.invoke(NativeMethodAccessorImpl.java:57)
	at sun.reflect.DelegatingMethodAccessorImpl.invoke(DelegatingMethodAccessorImpl.java:43)
	at java.lang.reflect.Method.invoke(Method.java:606)
	at org.apache.hama.ipc.RPC$Server.call(RPC.java:615)
	at org.apache.hama.ipc.Server$Handler$1.run(Server.java:1211)
	at org.apache.hama.ipc.Server$Handler$1.run(Server.java:1207)
	at java.security.AccessController.doPrivileged(Native Method)
	at javax.security.auth.Subject.doAs(Subject.java:415)
	at org.apache.hadoop.security.UserGroupInformation.doAs(UserGroupInformation.java:1657)
	at org.apache.hama.ipc.Server$Handler.run(Server.java:1206)
2015-11-23 10:35:02,055 ERROR org.apache.hama.bsp.sync.ZKSyncClient: Error creating zk path /bsp/job_201511222005_0039
org.apache.zookeeper.KeeperException$SessionExpiredException: KeeperErrorCode = Session expired for /bsp
	at org.apache.zookeeper.KeeperException.create(KeeperException.java:127)
	at org.apache.zookeeper.KeeperException.create(KeeperException.java:51)
	at org.apache.zookeeper.ZooKeeper.exists(ZooKeeper.java:1041)
	at org.apache.zookeeper.ZooKeeper.exists(ZooKeeper.java:1069)
	at org.apache.hama.bsp.sync.ZKSyncClient.createZnode(ZKSyncClient.java:135)
	at org.apache.hama.bsp.sync.ZKSyncClient.writeNode(ZKSyncClient.java:281)
	at org.apache.hama.bsp.sync.ZKSyncBSPMasterClient.createJobRoot(ZKSyncBSPMasterClient.java:84)
	at org.apache.hama.bsp.sync.ZKSyncBSPMasterClient.registerJob(ZKSyncBSPMasterClient.java:95)
	at org.apache.hama.bsp.JobInProgress.initTasks(JobInProgress.java:299)
	at org.apache.hama.bsp.QueueManager.initJob(QueueManager.java:44)
	at org.apache.hama.bsp.SimpleTaskScheduler$JobListener.jobAdded(SimpleTaskScheduler.java:112)
	at org.apache.hama.bsp.BSPMaster.addJob(BSPMaster.java:789)
	at org.apache.hama.bsp.BSPMaster.submitJob(BSPMaster.java:639)
	at sun.reflect.NativeMethodAccessorImpl.invoke0(Native Method)
	at sun.reflect.NativeMethodAccessorImpl.invoke(NativeMethodAccessorImpl.java:57)
	at sun.reflect.DelegatingMethodAccessorImpl.invoke(DelegatingMethodAccessorImpl.java:43)
	at java.lang.reflect.Method.invoke(Method.java:606)
	at org.apache.hama.ipc.RPC$Server.call(RPC.java:615)
	at org.apache.hama.ipc.Server$Handler$1.run(Server.java:1211)
	at org.apache.hama.ipc.Server$Handler$1.run(Server.java:1207)
	at java.security.AccessController.doPrivileged(Native Method)
	at javax.security.auth.Subject.doAs(Subject.java:415)
	at org.apache.hadoop.security.UserGroupInformation.doAs(UserGroupInformation.java:1657)
	at org.apache.hama.ipc.Server$Handler.run(Server.java:1206)
2015-11-23 10:35:02,055 INFO org.apache.hama.bsp.JobInProgress: Job is initialized.
2015-11-23 10:35:06,119 INFO org.apache.hama.bsp.JobInProgress: Job successfully done.
2015-11-23 10:35:06,119 ERROR org.apache.hama.bsp.sync.ZKSyncBSPMasterClient: Error deleting job job_201511222005_0039
2015-11-23 10:36:19,035 INFO org.apache.hadoop.conf.Configuration.deprecation: user.name is deprecated. Instead, use mapreduce.job.user.name
2015-11-23 10:36:19,053 ERROR org.apache.hama.bsp.sync.ZKSyncClient: Error checking zk path /bsp/job_201511222005_0040
org.apache.zookeeper.KeeperException$SessionExpiredException: KeeperErrorCode = Session expired for /bsp/job_201511222005_0040
	at org.apache.zookeeper.KeeperException.create(KeeperException.java:127)
	at org.apache.zookeeper.KeeperException.create(KeeperException.java:51)
	at org.apache.zookeeper.ZooKeeper.exists(ZooKeeper.java:1041)
	at org.apache.zookeeper.ZooKeeper.exists(ZooKeeper.java:1069)
	at org.apache.hama.bsp.sync.ZKSyncClient.isExists(ZKSyncClient.java:108)
	at org.apache.hama.bsp.sync.ZKSyncClient.writeNode(ZKSyncClient.java:261)
	at org.apache.hama.bsp.sync.ZKSyncBSPMasterClient.createJobRoot(ZKSyncBSPMasterClient.java:84)
	at org.apache.hama.bsp.sync.ZKSyncBSPMasterClient.registerJob(ZKSyncBSPMasterClient.java:95)
	at org.apache.hama.bsp.JobInProgress.initTasks(JobInProgress.java:299)
	at org.apache.hama.bsp.QueueManager.initJob(QueueManager.java:44)
	at org.apache.hama.bsp.SimpleTaskScheduler$JobListener.jobAdded(SimpleTaskScheduler.java:112)
	at org.apache.hama.bsp.BSPMaster.addJob(BSPMaster.java:789)
	at org.apache.hama.bsp.BSPMaster.submitJob(BSPMaster.java:639)
	at sun.reflect.GeneratedMethodAccessor29.invoke(Unknown Source)
	at sun.reflect.DelegatingMethodAccessorImpl.invoke(DelegatingMethodAccessorImpl.java:43)
	at java.lang.reflect.Method.invoke(Method.java:606)
	at org.apache.hama.ipc.RPC$Server.call(RPC.java:615)
	at org.apache.hama.ipc.Server$Handler$1.run(Server.java:1211)
	at org.apache.hama.ipc.Server$Handler$1.run(Server.java:1207)
	at java.security.AccessController.doPrivileged(Native Method)
	at javax.security.auth.Subject.doAs(Subject.java:415)
	at org.apache.hadoop.security.UserGroupInformation.doAs(UserGroupInformation.java:1657)
	at org.apache.hama.ipc.Server$Handler.run(Server.java:1206)
2015-11-23 10:36:19,054 ERROR org.apache.hama.bsp.sync.ZKSyncClient: Error creating zk path /bsp/job_201511222005_0040
org.apache.zookeeper.KeeperException$SessionExpiredException: KeeperErrorCode = Session expired for /bsp
	at org.apache.zookeeper.KeeperException.create(KeeperException.java:127)
	at org.apache.zookeeper.KeeperException.create(KeeperException.java:51)
	at org.apache.zookeeper.ZooKeeper.exists(ZooKeeper.java:1041)
	at org.apache.zookeeper.ZooKeeper.exists(ZooKeeper.java:1069)
	at org.apache.hama.bsp.sync.ZKSyncClient.createZnode(ZKSyncClient.java:135)
	at org.apache.hama.bsp.sync.ZKSyncClient.writeNode(ZKSyncClient.java:281)
	at org.apache.hama.bsp.sync.ZKSyncBSPMasterClient.createJobRoot(ZKSyncBSPMasterClient.java:84)
	at org.apache.hama.bsp.sync.ZKSyncBSPMasterClient.registerJob(ZKSyncBSPMasterClient.java:95)
	at org.apache.hama.bsp.JobInProgress.initTasks(JobInProgress.java:299)
	at org.apache.hama.bsp.QueueManager.initJob(QueueManager.java:44)
	at org.apache.hama.bsp.SimpleTaskScheduler$JobListener.jobAdded(SimpleTaskScheduler.java:112)
	at org.apache.hama.bsp.BSPMaster.addJob(BSPMaster.java:789)
	at org.apache.hama.bsp.BSPMaster.submitJob(BSPMaster.java:639)
	at sun.reflect.GeneratedMethodAccessor29.invoke(Unknown Source)
	at sun.reflect.DelegatingMethodAccessorImpl.invoke(DelegatingMethodAccessorImpl.java:43)
	at java.lang.reflect.Method.invoke(Method.java:606)
	at org.apache.hama.ipc.RPC$Server.call(RPC.java:615)
	at org.apache.hama.ipc.Server$Handler$1.run(Server.java:1211)
	at org.apache.hama.ipc.Server$Handler$1.run(Server.java:1207)
	at java.security.AccessController.doPrivileged(Native Method)
	at javax.security.auth.Subject.doAs(Subject.java:415)
	at org.apache.hadoop.security.UserGroupInformation.doAs(UserGroupInformation.java:1657)
	at org.apache.hama.ipc.Server$Handler.run(Server.java:1206)
2015-11-23 10:36:19,054 INFO org.apache.hama.bsp.JobInProgress: Job is initialized.
2015-11-23 10:36:30,240 INFO org.apache.hama.bsp.JobInProgress: Job successfully done.
2015-11-23 10:36:30,240 ERROR org.apache.hama.bsp.sync.ZKSyncBSPMasterClient: Error deleting job job_201511222005_0040
2015-11-23 11:35:08,781 INFO org.apache.hadoop.conf.Configuration.deprecation: user.name is deprecated. Instead, use mapreduce.job.user.name
2015-11-23 11:35:08,798 ERROR org.apache.hama.bsp.sync.ZKSyncClient: Error checking zk path /bsp/job_201511222005_0041
org.apache.zookeeper.KeeperException$SessionExpiredException: KeeperErrorCode = Session expired for /bsp/job_201511222005_0041
	at org.apache.zookeeper.KeeperException.create(KeeperException.java:127)
	at org.apache.zookeeper.KeeperException.create(KeeperException.java:51)
	at org.apache.zookeeper.ZooKeeper.exists(ZooKeeper.java:1041)
	at org.apache.zookeeper.ZooKeeper.exists(ZooKeeper.java:1069)
	at org.apache.hama.bsp.sync.ZKSyncClient.isExists(ZKSyncClient.java:108)
	at org.apache.hama.bsp.sync.ZKSyncClient.writeNode(ZKSyncClient.java:261)
	at org.apache.hama.bsp.sync.ZKSyncBSPMasterClient.createJobRoot(ZKSyncBSPMasterClient.java:84)
	at org.apache.hama.bsp.sync.ZKSyncBSPMasterClient.registerJob(ZKSyncBSPMasterClient.java:95)
	at org.apache.hama.bsp.JobInProgress.initTasks(JobInProgress.java:299)
	at org.apache.hama.bsp.QueueManager.initJob(QueueManager.java:44)
	at org.apache.hama.bsp.SimpleTaskScheduler$JobListener.jobAdded(SimpleTaskScheduler.java:112)
	at org.apache.hama.bsp.BSPMaster.addJob(BSPMaster.java:789)
	at org.apache.hama.bsp.BSPMaster.submitJob(BSPMaster.java:639)
	at sun.reflect.GeneratedMethodAccessor29.invoke(Unknown Source)
	at sun.reflect.DelegatingMethodAccessorImpl.invoke(DelegatingMethodAccessorImpl.java:43)
	at java.lang.reflect.Method.invoke(Method.java:606)
	at org.apache.hama.ipc.RPC$Server.call(RPC.java:615)
	at org.apache.hama.ipc.Server$Handler$1.run(Server.java:1211)
	at org.apache.hama.ipc.Server$Handler$1.run(Server.java:1207)
	at java.security.AccessController.doPrivileged(Native Method)
	at javax.security.auth.Subject.doAs(Subject.java:415)
	at org.apache.hadoop.security.UserGroupInformation.doAs(UserGroupInformation.java:1657)
	at org.apache.hama.ipc.Server$Handler.run(Server.java:1206)
2015-11-23 11:35:08,799 ERROR org.apache.hama.bsp.sync.ZKSyncClient: Error creating zk path /bsp/job_201511222005_0041
org.apache.zookeeper.KeeperException$SessionExpiredException: KeeperErrorCode = Session expired for /bsp
	at org.apache.zookeeper.KeeperException.create(KeeperException.java:127)
	at org.apache.zookeeper.KeeperException.create(KeeperException.java:51)
	at org.apache.zookeeper.ZooKeeper.exists(ZooKeeper.java:1041)
	at org.apache.zookeeper.ZooKeeper.exists(ZooKeeper.java:1069)
	at org.apache.hama.bsp.sync.ZKSyncClient.createZnode(ZKSyncClient.java:135)
	at org.apache.hama.bsp.sync.ZKSyncClient.writeNode(ZKSyncClient.java:281)
	at org.apache.hama.bsp.sync.ZKSyncBSPMasterClient.createJobRoot(ZKSyncBSPMasterClient.java:84)
	at org.apache.hama.bsp.sync.ZKSyncBSPMasterClient.registerJob(ZKSyncBSPMasterClient.java:95)
	at org.apache.hama.bsp.JobInProgress.initTasks(JobInProgress.java:299)
	at org.apache.hama.bsp.QueueManager.initJob(QueueManager.java:44)
	at org.apache.hama.bsp.SimpleTaskScheduler$JobListener.jobAdded(SimpleTaskScheduler.java:112)
	at org.apache.hama.bsp.BSPMaster.addJob(BSPMaster.java:789)
	at org.apache.hama.bsp.BSPMaster.submitJob(BSPMaster.java:639)
	at sun.reflect.GeneratedMethodAccessor29.invoke(Unknown Source)
	at sun.reflect.DelegatingMethodAccessorImpl.invoke(DelegatingMethodAccessorImpl.java:43)
	at java.lang.reflect.Method.invoke(Method.java:606)
	at org.apache.hama.ipc.RPC$Server.call(RPC.java:615)
	at org.apache.hama.ipc.Server$Handler$1.run(Server.java:1211)
	at org.apache.hama.ipc.Server$Handler$1.run(Server.java:1207)
	at java.security.AccessController.doPrivileged(Native Method)
	at javax.security.auth.Subject.doAs(Subject.java:415)
	at org.apache.hadoop.security.UserGroupInformation.doAs(UserGroupInformation.java:1657)
	at org.apache.hama.ipc.Server$Handler.run(Server.java:1206)
2015-11-23 11:35:08,800 INFO org.apache.hama.bsp.JobInProgress: Job is initialized.
2015-11-23 11:35:21,823 INFO org.apache.hama.bsp.JobInProgress: Job successfully done.
2015-11-23 11:35:21,823 ERROR org.apache.hama.bsp.sync.ZKSyncBSPMasterClient: Error deleting job job_201511222005_0041
2015-11-23 11:38:29,624 INFO org.apache.hadoop.conf.Configuration.deprecation: user.name is deprecated. Instead, use mapreduce.job.user.name
2015-11-23 11:38:29,640 ERROR org.apache.hama.bsp.sync.ZKSyncClient: Error checking zk path /bsp/job_201511222005_0042
org.apache.zookeeper.KeeperException$SessionExpiredException: KeeperErrorCode = Session expired for /bsp/job_201511222005_0042
	at org.apache.zookeeper.KeeperException.create(KeeperException.java:127)
	at org.apache.zookeeper.KeeperException.create(KeeperException.java:51)
	at org.apache.zookeeper.ZooKeeper.exists(ZooKeeper.java:1041)
	at org.apache.zookeeper.ZooKeeper.exists(ZooKeeper.java:1069)
	at org.apache.hama.bsp.sync.ZKSyncClient.isExists(ZKSyncClient.java:108)
	at org.apache.hama.bsp.sync.ZKSyncClient.writeNode(ZKSyncClient.java:261)
	at org.apache.hama.bsp.sync.ZKSyncBSPMasterClient.createJobRoot(ZKSyncBSPMasterClient.java:84)
	at org.apache.hama.bsp.sync.ZKSyncBSPMasterClient.registerJob(ZKSyncBSPMasterClient.java:95)
	at org.apache.hama.bsp.JobInProgress.initTasks(JobInProgress.java:299)
	at org.apache.hama.bsp.QueueManager.initJob(QueueManager.java:44)
	at org.apache.hama.bsp.SimpleTaskScheduler$JobListener.jobAdded(SimpleTaskScheduler.java:112)
	at org.apache.hama.bsp.BSPMaster.addJob(BSPMaster.java:789)
	at org.apache.hama.bsp.BSPMaster.submitJob(BSPMaster.java:639)
	at sun.reflect.GeneratedMethodAccessor29.invoke(Unknown Source)
	at sun.reflect.DelegatingMethodAccessorImpl.invoke(DelegatingMethodAccessorImpl.java:43)
	at java.lang.reflect.Method.invoke(Method.java:606)
	at org.apache.hama.ipc.RPC$Server.call(RPC.java:615)
	at org.apache.hama.ipc.Server$Handler$1.run(Server.java:1211)
	at org.apache.hama.ipc.Server$Handler$1.run(Server.java:1207)
	at java.security.AccessController.doPrivileged(Native Method)
	at javax.security.auth.Subject.doAs(Subject.java:415)
	at org.apache.hadoop.security.UserGroupInformation.doAs(UserGroupInformation.java:1657)
	at org.apache.hama.ipc.Server$Handler.run(Server.java:1206)
2015-11-23 11:38:29,640 ERROR org.apache.hama.bsp.sync.ZKSyncClient: Error creating zk path /bsp/job_201511222005_0042
org.apache.zookeeper.KeeperException$SessionExpiredException: KeeperErrorCode = Session expired for /bsp
	at org.apache.zookeeper.KeeperException.create(KeeperException.java:127)
	at org.apache.zookeeper.KeeperException.create(KeeperException.java:51)
	at org.apache.zookeeper.ZooKeeper.exists(ZooKeeper.java:1041)
	at org.apache.zookeeper.ZooKeeper.exists(ZooKeeper.java:1069)
	at org.apache.hama.bsp.sync.ZKSyncClient.createZnode(ZKSyncClient.java:135)
	at org.apache.hama.bsp.sync.ZKSyncClient.writeNode(ZKSyncClient.java:281)
	at org.apache.hama.bsp.sync.ZKSyncBSPMasterClient.createJobRoot(ZKSyncBSPMasterClient.java:84)
	at org.apache.hama.bsp.sync.ZKSyncBSPMasterClient.registerJob(ZKSyncBSPMasterClient.java:95)
	at org.apache.hama.bsp.JobInProgress.initTasks(JobInProgress.java:299)
	at org.apache.hama.bsp.QueueManager.initJob(QueueManager.java:44)
	at org.apache.hama.bsp.SimpleTaskScheduler$JobListener.jobAdded(SimpleTaskScheduler.java:112)
	at org.apache.hama.bsp.BSPMaster.addJob(BSPMaster.java:789)
	at org.apache.hama.bsp.BSPMaster.submitJob(BSPMaster.java:639)
	at sun.reflect.GeneratedMethodAccessor29.invoke(Unknown Source)
	at sun.reflect.DelegatingMethodAccessorImpl.invoke(DelegatingMethodAccessorImpl.java:43)
	at java.lang.reflect.Method.invoke(Method.java:606)
	at org.apache.hama.ipc.RPC$Server.call(RPC.java:615)
	at org.apache.hama.ipc.Server$Handler$1.run(Server.java:1211)
	at org.apache.hama.ipc.Server$Handler$1.run(Server.java:1207)
	at java.security.AccessController.doPrivileged(Native Method)
	at javax.security.auth.Subject.doAs(Subject.java:415)
	at org.apache.hadoop.security.UserGroupInformation.doAs(UserGroupInformation.java:1657)
	at org.apache.hama.ipc.Server$Handler.run(Server.java:1206)
2015-11-23 11:38:29,641 INFO org.apache.hama.bsp.JobInProgress: Job is initialized.
2015-11-23 11:38:34,020 INFO org.apache.hama.bsp.JobInProgress: Job successfully done.
2015-11-23 11:38:34,020 ERROR org.apache.hama.bsp.sync.ZKSyncBSPMasterClient: Error deleting job job_201511222005_0042
2015-11-23 11:53:18,834 INFO org.apache.hadoop.conf.Configuration.deprecation: user.name is deprecated. Instead, use mapreduce.job.user.name
2015-11-23 11:53:18,849 ERROR org.apache.hama.bsp.sync.ZKSyncClient: Error checking zk path /bsp/job_201511222005_0043
org.apache.zookeeper.KeeperException$SessionExpiredException: KeeperErrorCode = Session expired for /bsp/job_201511222005_0043
	at org.apache.zookeeper.KeeperException.create(KeeperException.java:127)
	at org.apache.zookeeper.KeeperException.create(KeeperException.java:51)
	at org.apache.zookeeper.ZooKeeper.exists(ZooKeeper.java:1041)
	at org.apache.zookeeper.ZooKeeper.exists(ZooKeeper.java:1069)
	at org.apache.hama.bsp.sync.ZKSyncClient.isExists(ZKSyncClient.java:108)
	at org.apache.hama.bsp.sync.ZKSyncClient.writeNode(ZKSyncClient.java:261)
	at org.apache.hama.bsp.sync.ZKSyncBSPMasterClient.createJobRoot(ZKSyncBSPMasterClient.java:84)
	at org.apache.hama.bsp.sync.ZKSyncBSPMasterClient.registerJob(ZKSyncBSPMasterClient.java:95)
	at org.apache.hama.bsp.JobInProgress.initTasks(JobInProgress.java:299)
	at org.apache.hama.bsp.QueueManager.initJob(QueueManager.java:44)
	at org.apache.hama.bsp.SimpleTaskScheduler$JobListener.jobAdded(SimpleTaskScheduler.java:112)
	at org.apache.hama.bsp.BSPMaster.addJob(BSPMaster.java:789)
	at org.apache.hama.bsp.BSPMaster.submitJob(BSPMaster.java:639)
	at sun.reflect.GeneratedMethodAccessor29.invoke(Unknown Source)
	at sun.reflect.DelegatingMethodAccessorImpl.invoke(DelegatingMethodAccessorImpl.java:43)
	at java.lang.reflect.Method.invoke(Method.java:606)
	at org.apache.hama.ipc.RPC$Server.call(RPC.java:615)
	at org.apache.hama.ipc.Server$Handler$1.run(Server.java:1211)
	at org.apache.hama.ipc.Server$Handler$1.run(Server.java:1207)
	at java.security.AccessController.doPrivileged(Native Method)
	at javax.security.auth.Subject.doAs(Subject.java:415)
	at org.apache.hadoop.security.UserGroupInformation.doAs(UserGroupInformation.java:1657)
	at org.apache.hama.ipc.Server$Handler.run(Server.java:1206)
2015-11-23 11:53:18,853 ERROR org.apache.hama.bsp.sync.ZKSyncClient: Error creating zk path /bsp/job_201511222005_0043
org.apache.zookeeper.KeeperException$SessionExpiredException: KeeperErrorCode = Session expired for /bsp
	at org.apache.zookeeper.KeeperException.create(KeeperException.java:127)
	at org.apache.zookeeper.KeeperException.create(KeeperException.java:51)
	at org.apache.zookeeper.ZooKeeper.exists(ZooKeeper.java:1041)
	at org.apache.zookeeper.ZooKeeper.exists(ZooKeeper.java:1069)
	at org.apache.hama.bsp.sync.ZKSyncClient.createZnode(ZKSyncClient.java:135)
	at org.apache.hama.bsp.sync.ZKSyncClient.writeNode(ZKSyncClient.java:281)
	at org.apache.hama.bsp.sync.ZKSyncBSPMasterClient.createJobRoot(ZKSyncBSPMasterClient.java:84)
	at org.apache.hama.bsp.sync.ZKSyncBSPMasterClient.registerJob(ZKSyncBSPMasterClient.java:95)
	at org.apache.hama.bsp.JobInProgress.initTasks(JobInProgress.java:299)
	at org.apache.hama.bsp.QueueManager.initJob(QueueManager.java:44)
	at org.apache.hama.bsp.SimpleTaskScheduler$JobListener.jobAdded(SimpleTaskScheduler.java:112)
	at org.apache.hama.bsp.BSPMaster.addJob(BSPMaster.java:789)
	at org.apache.hama.bsp.BSPMaster.submitJob(BSPMaster.java:639)
	at sun.reflect.GeneratedMethodAccessor29.invoke(Unknown Source)
	at sun.reflect.DelegatingMethodAccessorImpl.invoke(DelegatingMethodAccessorImpl.java:43)
	at java.lang.reflect.Method.invoke(Method.java:606)
	at org.apache.hama.ipc.RPC$Server.call(RPC.java:615)
	at org.apache.hama.ipc.Server$Handler$1.run(Server.java:1211)
	at org.apache.hama.ipc.Server$Handler$1.run(Server.java:1207)
	at java.security.AccessController.doPrivileged(Native Method)
	at javax.security.auth.Subject.doAs(Subject.java:415)
	at org.apache.hadoop.security.UserGroupInformation.doAs(UserGroupInformation.java:1657)
	at org.apache.hama.ipc.Server$Handler.run(Server.java:1206)
2015-11-23 11:53:18,854 INFO org.apache.hama.bsp.JobInProgress: Job is initialized.
2015-11-23 11:53:23,266 INFO org.apache.hama.bsp.JobInProgress: Job successfully done.
2015-11-23 11:53:23,266 ERROR org.apache.hama.bsp.sync.ZKSyncBSPMasterClient: Error deleting job job_201511222005_0043
2015-11-23 11:55:14,798 INFO org.apache.hadoop.conf.Configuration.deprecation: user.name is deprecated. Instead, use mapreduce.job.user.name
2015-11-23 11:55:14,815 ERROR org.apache.hama.bsp.sync.ZKSyncClient: Error checking zk path /bsp/job_201511222005_0044
org.apache.zookeeper.KeeperException$SessionExpiredException: KeeperErrorCode = Session expired for /bsp/job_201511222005_0044
	at org.apache.zookeeper.KeeperException.create(KeeperException.java:127)
	at org.apache.zookeeper.KeeperException.create(KeeperException.java:51)
	at org.apache.zookeeper.ZooKeeper.exists(ZooKeeper.java:1041)
	at org.apache.zookeeper.ZooKeeper.exists(ZooKeeper.java:1069)
	at org.apache.hama.bsp.sync.ZKSyncClient.isExists(ZKSyncClient.java:108)
	at org.apache.hama.bsp.sync.ZKSyncClient.writeNode(ZKSyncClient.java:261)
	at org.apache.hama.bsp.sync.ZKSyncBSPMasterClient.createJobRoot(ZKSyncBSPMasterClient.java:84)
	at org.apache.hama.bsp.sync.ZKSyncBSPMasterClient.registerJob(ZKSyncBSPMasterClient.java:95)
	at org.apache.hama.bsp.JobInProgress.initTasks(JobInProgress.java:299)
	at org.apache.hama.bsp.QueueManager.initJob(QueueManager.java:44)
	at org.apache.hama.bsp.SimpleTaskScheduler$JobListener.jobAdded(SimpleTaskScheduler.java:112)
	at org.apache.hama.bsp.BSPMaster.addJob(BSPMaster.java:789)
	at org.apache.hama.bsp.BSPMaster.submitJob(BSPMaster.java:639)
	at sun.reflect.GeneratedMethodAccessor29.invoke(Unknown Source)
	at sun.reflect.DelegatingMethodAccessorImpl.invoke(DelegatingMethodAccessorImpl.java:43)
	at java.lang.reflect.Method.invoke(Method.java:606)
	at org.apache.hama.ipc.RPC$Server.call(RPC.java:615)
	at org.apache.hama.ipc.Server$Handler$1.run(Server.java:1211)
	at org.apache.hama.ipc.Server$Handler$1.run(Server.java:1207)
	at java.security.AccessController.doPrivileged(Native Method)
	at javax.security.auth.Subject.doAs(Subject.java:415)
	at org.apache.hadoop.security.UserGroupInformation.doAs(UserGroupInformation.java:1657)
	at org.apache.hama.ipc.Server$Handler.run(Server.java:1206)
2015-11-23 11:55:14,815 ERROR org.apache.hama.bsp.sync.ZKSyncClient: Error creating zk path /bsp/job_201511222005_0044
org.apache.zookeeper.KeeperException$SessionExpiredException: KeeperErrorCode = Session expired for /bsp
	at org.apache.zookeeper.KeeperException.create(KeeperException.java:127)
	at org.apache.zookeeper.KeeperException.create(KeeperException.java:51)
	at org.apache.zookeeper.ZooKeeper.exists(ZooKeeper.java:1041)
	at org.apache.zookeeper.ZooKeeper.exists(ZooKeeper.java:1069)
	at org.apache.hama.bsp.sync.ZKSyncClient.createZnode(ZKSyncClient.java:135)
	at org.apache.hama.bsp.sync.ZKSyncClient.writeNode(ZKSyncClient.java:281)
	at org.apache.hama.bsp.sync.ZKSyncBSPMasterClient.createJobRoot(ZKSyncBSPMasterClient.java:84)
	at org.apache.hama.bsp.sync.ZKSyncBSPMasterClient.registerJob(ZKSyncBSPMasterClient.java:95)
	at org.apache.hama.bsp.JobInProgress.initTasks(JobInProgress.java:299)
	at org.apache.hama.bsp.QueueManager.initJob(QueueManager.java:44)
	at org.apache.hama.bsp.SimpleTaskScheduler$JobListener.jobAdded(SimpleTaskScheduler.java:112)
	at org.apache.hama.bsp.BSPMaster.addJob(BSPMaster.java:789)
	at org.apache.hama.bsp.BSPMaster.submitJob(BSPMaster.java:639)
	at sun.reflect.GeneratedMethodAccessor29.invoke(Unknown Source)
	at sun.reflect.DelegatingMethodAccessorImpl.invoke(DelegatingMethodAccessorImpl.java:43)
	at java.lang.reflect.Method.invoke(Method.java:606)
	at org.apache.hama.ipc.RPC$Server.call(RPC.java:615)
	at org.apache.hama.ipc.Server$Handler$1.run(Server.java:1211)
	at org.apache.hama.ipc.Server$Handler$1.run(Server.java:1207)
	at java.security.AccessController.doPrivileged(Native Method)
	at javax.security.auth.Subject.doAs(Subject.java:415)
	at org.apache.hadoop.security.UserGroupInformation.doAs(UserGroupInformation.java:1657)
	at org.apache.hama.ipc.Server$Handler.run(Server.java:1206)
2015-11-23 11:55:14,815 INFO org.apache.hama.bsp.JobInProgress: Job is initialized.
2015-11-23 11:55:27,429 INFO org.apache.hama.bsp.JobInProgress: Job successfully done.
2015-11-23 11:55:27,429 ERROR org.apache.hama.bsp.sync.ZKSyncBSPMasterClient: Error deleting job job_201511222005_0044
2015-11-23 12:10:38,818 INFO org.apache.hadoop.conf.Configuration.deprecation: user.name is deprecated. Instead, use mapreduce.job.user.name
2015-11-23 12:10:38,834 ERROR org.apache.hama.bsp.sync.ZKSyncClient: Error checking zk path /bsp/job_201511222005_0045
org.apache.zookeeper.KeeperException$SessionExpiredException: KeeperErrorCode = Session expired for /bsp/job_201511222005_0045
	at org.apache.zookeeper.KeeperException.create(KeeperException.java:127)
	at org.apache.zookeeper.KeeperException.create(KeeperException.java:51)
	at org.apache.zookeeper.ZooKeeper.exists(ZooKeeper.java:1041)
	at org.apache.zookeeper.ZooKeeper.exists(ZooKeeper.java:1069)
	at org.apache.hama.bsp.sync.ZKSyncClient.isExists(ZKSyncClient.java:108)
	at org.apache.hama.bsp.sync.ZKSyncClient.writeNode(ZKSyncClient.java:261)
	at org.apache.hama.bsp.sync.ZKSyncBSPMasterClient.createJobRoot(ZKSyncBSPMasterClient.java:84)
	at org.apache.hama.bsp.sync.ZKSyncBSPMasterClient.registerJob(ZKSyncBSPMasterClient.java:95)
	at org.apache.hama.bsp.JobInProgress.initTasks(JobInProgress.java:299)
	at org.apache.hama.bsp.QueueManager.initJob(QueueManager.java:44)
	at org.apache.hama.bsp.SimpleTaskScheduler$JobListener.jobAdded(SimpleTaskScheduler.java:112)
	at org.apache.hama.bsp.BSPMaster.addJob(BSPMaster.java:789)
	at org.apache.hama.bsp.BSPMaster.submitJob(BSPMaster.java:639)
	at sun.reflect.GeneratedMethodAccessor29.invoke(Unknown Source)
	at sun.reflect.DelegatingMethodAccessorImpl.invoke(DelegatingMethodAccessorImpl.java:43)
	at java.lang.reflect.Method.invoke(Method.java:606)
	at org.apache.hama.ipc.RPC$Server.call(RPC.java:615)
	at org.apache.hama.ipc.Server$Handler$1.run(Server.java:1211)
	at org.apache.hama.ipc.Server$Handler$1.run(Server.java:1207)
	at java.security.AccessController.doPrivileged(Native Method)
	at javax.security.auth.Subject.doAs(Subject.java:415)
	at org.apache.hadoop.security.UserGroupInformation.doAs(UserGroupInformation.java:1657)
	at org.apache.hama.ipc.Server$Handler.run(Server.java:1206)
2015-11-23 12:10:38,834 ERROR org.apache.hama.bsp.sync.ZKSyncClient: Error creating zk path /bsp/job_201511222005_0045
org.apache.zookeeper.KeeperException$SessionExpiredException: KeeperErrorCode = Session expired for /bsp
	at org.apache.zookeeper.KeeperException.create(KeeperException.java:127)
	at org.apache.zookeeper.KeeperException.create(KeeperException.java:51)
	at org.apache.zookeeper.ZooKeeper.exists(ZooKeeper.java:1041)
	at org.apache.zookeeper.ZooKeeper.exists(ZooKeeper.java:1069)
	at org.apache.hama.bsp.sync.ZKSyncClient.createZnode(ZKSyncClient.java:135)
	at org.apache.hama.bsp.sync.ZKSyncClient.writeNode(ZKSyncClient.java:281)
	at org.apache.hama.bsp.sync.ZKSyncBSPMasterClient.createJobRoot(ZKSyncBSPMasterClient.java:84)
	at org.apache.hama.bsp.sync.ZKSyncBSPMasterClient.registerJob(ZKSyncBSPMasterClient.java:95)
	at org.apache.hama.bsp.JobInProgress.initTasks(JobInProgress.java:299)
	at org.apache.hama.bsp.QueueManager.initJob(QueueManager.java:44)
	at org.apache.hama.bsp.SimpleTaskScheduler$JobListener.jobAdded(SimpleTaskScheduler.java:112)
	at org.apache.hama.bsp.BSPMaster.addJob(BSPMaster.java:789)
	at org.apache.hama.bsp.BSPMaster.submitJob(BSPMaster.java:639)
	at sun.reflect.GeneratedMethodAccessor29.invoke(Unknown Source)
	at sun.reflect.DelegatingMethodAccessorImpl.invoke(DelegatingMethodAccessorImpl.java:43)
	at java.lang.reflect.Method.invoke(Method.java:606)
	at org.apache.hama.ipc.RPC$Server.call(RPC.java:615)
	at org.apache.hama.ipc.Server$Handler$1.run(Server.java:1211)
	at org.apache.hama.ipc.Server$Handler$1.run(Server.java:1207)
	at java.security.AccessController.doPrivileged(Native Method)
	at javax.security.auth.Subject.doAs(Subject.java:415)
	at org.apache.hadoop.security.UserGroupInformation.doAs(UserGroupInformation.java:1657)
	at org.apache.hama.ipc.Server$Handler.run(Server.java:1206)
2015-11-23 12:10:38,834 INFO org.apache.hama.bsp.JobInProgress: Job is initialized.
2015-11-23 12:10:42,617 INFO org.apache.hama.bsp.JobInProgress: Job successfully done.
2015-11-23 12:10:42,618 ERROR org.apache.hama.bsp.sync.ZKSyncBSPMasterClient: Error deleting job job_201511222005_0045
2015-11-23 12:10:51,435 INFO org.apache.hadoop.conf.Configuration.deprecation: user.name is deprecated. Instead, use mapreduce.job.user.name
2015-11-23 12:10:51,451 ERROR org.apache.hama.bsp.sync.ZKSyncClient: Error checking zk path /bsp/job_201511222005_0046
org.apache.zookeeper.KeeperException$SessionExpiredException: KeeperErrorCode = Session expired for /bsp/job_201511222005_0046
	at org.apache.zookeeper.KeeperException.create(KeeperException.java:127)
	at org.apache.zookeeper.KeeperException.create(KeeperException.java:51)
	at org.apache.zookeeper.ZooKeeper.exists(ZooKeeper.java:1041)
	at org.apache.zookeeper.ZooKeeper.exists(ZooKeeper.java:1069)
	at org.apache.hama.bsp.sync.ZKSyncClient.isExists(ZKSyncClient.java:108)
	at org.apache.hama.bsp.sync.ZKSyncClient.writeNode(ZKSyncClient.java:261)
	at org.apache.hama.bsp.sync.ZKSyncBSPMasterClient.createJobRoot(ZKSyncBSPMasterClient.java:84)
	at org.apache.hama.bsp.sync.ZKSyncBSPMasterClient.registerJob(ZKSyncBSPMasterClient.java:95)
	at org.apache.hama.bsp.JobInProgress.initTasks(JobInProgress.java:299)
	at org.apache.hama.bsp.QueueManager.initJob(QueueManager.java:44)
	at org.apache.hama.bsp.SimpleTaskScheduler$JobListener.jobAdded(SimpleTaskScheduler.java:112)
	at org.apache.hama.bsp.BSPMaster.addJob(BSPMaster.java:789)
	at org.apache.hama.bsp.BSPMaster.submitJob(BSPMaster.java:639)
	at sun.reflect.GeneratedMethodAccessor29.invoke(Unknown Source)
	at sun.reflect.DelegatingMethodAccessorImpl.invoke(DelegatingMethodAccessorImpl.java:43)
	at java.lang.reflect.Method.invoke(Method.java:606)
	at org.apache.hama.ipc.RPC$Server.call(RPC.java:615)
	at org.apache.hama.ipc.Server$Handler$1.run(Server.java:1211)
	at org.apache.hama.ipc.Server$Handler$1.run(Server.java:1207)
	at java.security.AccessController.doPrivileged(Native Method)
	at javax.security.auth.Subject.doAs(Subject.java:415)
	at org.apache.hadoop.security.UserGroupInformation.doAs(UserGroupInformation.java:1657)
	at org.apache.hama.ipc.Server$Handler.run(Server.java:1206)
2015-11-23 12:10:51,451 ERROR org.apache.hama.bsp.sync.ZKSyncClient: Error creating zk path /bsp/job_201511222005_0046
org.apache.zookeeper.KeeperException$SessionExpiredException: KeeperErrorCode = Session expired for /bsp
	at org.apache.zookeeper.KeeperException.create(KeeperException.java:127)
	at org.apache.zookeeper.KeeperException.create(KeeperException.java:51)
	at org.apache.zookeeper.ZooKeeper.exists(ZooKeeper.java:1041)
	at org.apache.zookeeper.ZooKeeper.exists(ZooKeeper.java:1069)
	at org.apache.hama.bsp.sync.ZKSyncClient.createZnode(ZKSyncClient.java:135)
	at org.apache.hama.bsp.sync.ZKSyncClient.writeNode(ZKSyncClient.java:281)
	at org.apache.hama.bsp.sync.ZKSyncBSPMasterClient.createJobRoot(ZKSyncBSPMasterClient.java:84)
	at org.apache.hama.bsp.sync.ZKSyncBSPMasterClient.registerJob(ZKSyncBSPMasterClient.java:95)
	at org.apache.hama.bsp.JobInProgress.initTasks(JobInProgress.java:299)
	at org.apache.hama.bsp.QueueManager.initJob(QueueManager.java:44)
	at org.apache.hama.bsp.SimpleTaskScheduler$JobListener.jobAdded(SimpleTaskScheduler.java:112)
	at org.apache.hama.bsp.BSPMaster.addJob(BSPMaster.java:789)
	at org.apache.hama.bsp.BSPMaster.submitJob(BSPMaster.java:639)
	at sun.reflect.GeneratedMethodAccessor29.invoke(Unknown Source)
	at sun.reflect.DelegatingMethodAccessorImpl.invoke(DelegatingMethodAccessorImpl.java:43)
	at java.lang.reflect.Method.invoke(Method.java:606)
	at org.apache.hama.ipc.RPC$Server.call(RPC.java:615)
	at org.apache.hama.ipc.Server$Handler$1.run(Server.java:1211)
	at org.apache.hama.ipc.Server$Handler$1.run(Server.java:1207)
	at java.security.AccessController.doPrivileged(Native Method)
	at javax.security.auth.Subject.doAs(Subject.java:415)
	at org.apache.hadoop.security.UserGroupInformation.doAs(UserGroupInformation.java:1657)
	at org.apache.hama.ipc.Server$Handler.run(Server.java:1206)
2015-11-23 12:10:51,451 INFO org.apache.hama.bsp.JobInProgress: Job is initialized.
2015-11-23 12:11:02,648 INFO org.apache.hama.bsp.JobInProgress: Job successfully done.
2015-11-23 12:11:02,648 ERROR org.apache.hama.bsp.sync.ZKSyncBSPMasterClient: Error deleting job job_201511222005_0046
2015-11-23 12:21:54,200 INFO org.apache.hadoop.conf.Configuration.deprecation: user.name is deprecated. Instead, use mapreduce.job.user.name
2015-11-23 12:21:54,217 ERROR org.apache.hama.bsp.sync.ZKSyncClient: Error checking zk path /bsp/job_201511222005_0047
org.apache.zookeeper.KeeperException$SessionExpiredException: KeeperErrorCode = Session expired for /bsp/job_201511222005_0047
	at org.apache.zookeeper.KeeperException.create(KeeperException.java:127)
	at org.apache.zookeeper.KeeperException.create(KeeperException.java:51)
	at org.apache.zookeeper.ZooKeeper.exists(ZooKeeper.java:1041)
	at org.apache.zookeeper.ZooKeeper.exists(ZooKeeper.java:1069)
	at org.apache.hama.bsp.sync.ZKSyncClient.isExists(ZKSyncClient.java:108)
	at org.apache.hama.bsp.sync.ZKSyncClient.writeNode(ZKSyncClient.java:261)
	at org.apache.hama.bsp.sync.ZKSyncBSPMasterClient.createJobRoot(ZKSyncBSPMasterClient.java:84)
	at org.apache.hama.bsp.sync.ZKSyncBSPMasterClient.registerJob(ZKSyncBSPMasterClient.java:95)
	at org.apache.hama.bsp.JobInProgress.initTasks(JobInProgress.java:299)
	at org.apache.hama.bsp.QueueManager.initJob(QueueManager.java:44)
	at org.apache.hama.bsp.SimpleTaskScheduler$JobListener.jobAdded(SimpleTaskScheduler.java:112)
	at org.apache.hama.bsp.BSPMaster.addJob(BSPMaster.java:789)
	at org.apache.hama.bsp.BSPMaster.submitJob(BSPMaster.java:639)
	at sun.reflect.GeneratedMethodAccessor29.invoke(Unknown Source)
	at sun.reflect.DelegatingMethodAccessorImpl.invoke(DelegatingMethodAccessorImpl.java:43)
	at java.lang.reflect.Method.invoke(Method.java:606)
	at org.apache.hama.ipc.RPC$Server.call(RPC.java:615)
	at org.apache.hama.ipc.Server$Handler$1.run(Server.java:1211)
	at org.apache.hama.ipc.Server$Handler$1.run(Server.java:1207)
	at java.security.AccessController.doPrivileged(Native Method)
	at javax.security.auth.Subject.doAs(Subject.java:415)
	at org.apache.hadoop.security.UserGroupInformation.doAs(UserGroupInformation.java:1657)
	at org.apache.hama.ipc.Server$Handler.run(Server.java:1206)
2015-11-23 12:21:54,217 ERROR org.apache.hama.bsp.sync.ZKSyncClient: Error creating zk path /bsp/job_201511222005_0047
org.apache.zookeeper.KeeperException$SessionExpiredException: KeeperErrorCode = Session expired for /bsp
	at org.apache.zookeeper.KeeperException.create(KeeperException.java:127)
	at org.apache.zookeeper.KeeperException.create(KeeperException.java:51)
	at org.apache.zookeeper.ZooKeeper.exists(ZooKeeper.java:1041)
	at org.apache.zookeeper.ZooKeeper.exists(ZooKeeper.java:1069)
	at org.apache.hama.bsp.sync.ZKSyncClient.createZnode(ZKSyncClient.java:135)
	at org.apache.hama.bsp.sync.ZKSyncClient.writeNode(ZKSyncClient.java:281)
	at org.apache.hama.bsp.sync.ZKSyncBSPMasterClient.createJobRoot(ZKSyncBSPMasterClient.java:84)
	at org.apache.hama.bsp.sync.ZKSyncBSPMasterClient.registerJob(ZKSyncBSPMasterClient.java:95)
	at org.apache.hama.bsp.JobInProgress.initTasks(JobInProgress.java:299)
	at org.apache.hama.bsp.QueueManager.initJob(QueueManager.java:44)
	at org.apache.hama.bsp.SimpleTaskScheduler$JobListener.jobAdded(SimpleTaskScheduler.java:112)
	at org.apache.hama.bsp.BSPMaster.addJob(BSPMaster.java:789)
	at org.apache.hama.bsp.BSPMaster.submitJob(BSPMaster.java:639)
	at sun.reflect.GeneratedMethodAccessor29.invoke(Unknown Source)
	at sun.reflect.DelegatingMethodAccessorImpl.invoke(DelegatingMethodAccessorImpl.java:43)
	at java.lang.reflect.Method.invoke(Method.java:606)
	at org.apache.hama.ipc.RPC$Server.call(RPC.java:615)
	at org.apache.hama.ipc.Server$Handler$1.run(Server.java:1211)
	at org.apache.hama.ipc.Server$Handler$1.run(Server.java:1207)
	at java.security.AccessController.doPrivileged(Native Method)
	at javax.security.auth.Subject.doAs(Subject.java:415)
	at org.apache.hadoop.security.UserGroupInformation.doAs(UserGroupInformation.java:1657)
	at org.apache.hama.ipc.Server$Handler.run(Server.java:1206)
2015-11-23 12:21:54,218 INFO org.apache.hama.bsp.JobInProgress: Job is initialized.
2015-11-23 12:21:57,960 INFO org.apache.hama.bsp.JobInProgress: Job successfully done.
2015-11-23 12:21:57,961 ERROR org.apache.hama.bsp.sync.ZKSyncBSPMasterClient: Error deleting job job_201511222005_0047
2015-11-23 12:23:45,172 INFO org.apache.hadoop.conf.Configuration.deprecation: user.name is deprecated. Instead, use mapreduce.job.user.name
2015-11-23 12:23:45,189 ERROR org.apache.hama.bsp.sync.ZKSyncClient: Error checking zk path /bsp/job_201511222005_0048
org.apache.zookeeper.KeeperException$SessionExpiredException: KeeperErrorCode = Session expired for /bsp/job_201511222005_0048
	at org.apache.zookeeper.KeeperException.create(KeeperException.java:127)
	at org.apache.zookeeper.KeeperException.create(KeeperException.java:51)
	at org.apache.zookeeper.ZooKeeper.exists(ZooKeeper.java:1041)
	at org.apache.zookeeper.ZooKeeper.exists(ZooKeeper.java:1069)
	at org.apache.hama.bsp.sync.ZKSyncClient.isExists(ZKSyncClient.java:108)
	at org.apache.hama.bsp.sync.ZKSyncClient.writeNode(ZKSyncClient.java:261)
	at org.apache.hama.bsp.sync.ZKSyncBSPMasterClient.createJobRoot(ZKSyncBSPMasterClient.java:84)
	at org.apache.hama.bsp.sync.ZKSyncBSPMasterClient.registerJob(ZKSyncBSPMasterClient.java:95)
	at org.apache.hama.bsp.JobInProgress.initTasks(JobInProgress.java:299)
	at org.apache.hama.bsp.QueueManager.initJob(QueueManager.java:44)
	at org.apache.hama.bsp.SimpleTaskScheduler$JobListener.jobAdded(SimpleTaskScheduler.java:112)
	at org.apache.hama.bsp.BSPMaster.addJob(BSPMaster.java:789)
	at org.apache.hama.bsp.BSPMaster.submitJob(BSPMaster.java:639)
	at sun.reflect.GeneratedMethodAccessor29.invoke(Unknown Source)
	at sun.reflect.DelegatingMethodAccessorImpl.invoke(DelegatingMethodAccessorImpl.java:43)
	at java.lang.reflect.Method.invoke(Method.java:606)
	at org.apache.hama.ipc.RPC$Server.call(RPC.java:615)
	at org.apache.hama.ipc.Server$Handler$1.run(Server.java:1211)
	at org.apache.hama.ipc.Server$Handler$1.run(Server.java:1207)
	at java.security.AccessController.doPrivileged(Native Method)
	at javax.security.auth.Subject.doAs(Subject.java:415)
	at org.apache.hadoop.security.UserGroupInformation.doAs(UserGroupInformation.java:1657)
	at org.apache.hama.ipc.Server$Handler.run(Server.java:1206)
2015-11-23 12:23:45,189 ERROR org.apache.hama.bsp.sync.ZKSyncClient: Error creating zk path /bsp/job_201511222005_0048
org.apache.zookeeper.KeeperException$SessionExpiredException: KeeperErrorCode = Session expired for /bsp
	at org.apache.zookeeper.KeeperException.create(KeeperException.java:127)
	at org.apache.zookeeper.KeeperException.create(KeeperException.java:51)
	at org.apache.zookeeper.ZooKeeper.exists(ZooKeeper.java:1041)
	at org.apache.zookeeper.ZooKeeper.exists(ZooKeeper.java:1069)
	at org.apache.hama.bsp.sync.ZKSyncClient.createZnode(ZKSyncClient.java:135)
	at org.apache.hama.bsp.sync.ZKSyncClient.writeNode(ZKSyncClient.java:281)
	at org.apache.hama.bsp.sync.ZKSyncBSPMasterClient.createJobRoot(ZKSyncBSPMasterClient.java:84)
	at org.apache.hama.bsp.sync.ZKSyncBSPMasterClient.registerJob(ZKSyncBSPMasterClient.java:95)
	at org.apache.hama.bsp.JobInProgress.initTasks(JobInProgress.java:299)
	at org.apache.hama.bsp.QueueManager.initJob(QueueManager.java:44)
	at org.apache.hama.bsp.SimpleTaskScheduler$JobListener.jobAdded(SimpleTaskScheduler.java:112)
	at org.apache.hama.bsp.BSPMaster.addJob(BSPMaster.java:789)
	at org.apache.hama.bsp.BSPMaster.submitJob(BSPMaster.java:639)
	at sun.reflect.GeneratedMethodAccessor29.invoke(Unknown Source)
	at sun.reflect.DelegatingMethodAccessorImpl.invoke(DelegatingMethodAccessorImpl.java:43)
	at java.lang.reflect.Method.invoke(Method.java:606)
	at org.apache.hama.ipc.RPC$Server.call(RPC.java:615)
	at org.apache.hama.ipc.Server$Handler$1.run(Server.java:1211)
	at org.apache.hama.ipc.Server$Handler$1.run(Server.java:1207)
	at java.security.AccessController.doPrivileged(Native Method)
	at javax.security.auth.Subject.doAs(Subject.java:415)
	at org.apache.hadoop.security.UserGroupInformation.doAs(UserGroupInformation.java:1657)
	at org.apache.hama.ipc.Server$Handler.run(Server.java:1206)
2015-11-23 12:23:45,190 INFO org.apache.hama.bsp.JobInProgress: Job is initialized.
2015-11-23 12:23:56,123 INFO org.apache.hama.bsp.JobInProgress: Job successfully done.
2015-11-23 12:23:56,124 ERROR org.apache.hama.bsp.sync.ZKSyncBSPMasterClient: Error deleting job job_201511222005_0048
2015-11-23 14:21:55,319 INFO org.apache.hadoop.conf.Configuration.deprecation: user.name is deprecated. Instead, use mapreduce.job.user.name
2015-11-23 14:21:55,344 ERROR org.apache.hama.bsp.sync.ZKSyncClient: Error checking zk path /bsp/job_201511222005_0049
org.apache.zookeeper.KeeperException$SessionExpiredException: KeeperErrorCode = Session expired for /bsp/job_201511222005_0049
	at org.apache.zookeeper.KeeperException.create(KeeperException.java:127)
	at org.apache.zookeeper.KeeperException.create(KeeperException.java:51)
	at org.apache.zookeeper.ZooKeeper.exists(ZooKeeper.java:1041)
	at org.apache.zookeeper.ZooKeeper.exists(ZooKeeper.java:1069)
	at org.apache.hama.bsp.sync.ZKSyncClient.isExists(ZKSyncClient.java:108)
	at org.apache.hama.bsp.sync.ZKSyncClient.writeNode(ZKSyncClient.java:261)
	at org.apache.hama.bsp.sync.ZKSyncBSPMasterClient.createJobRoot(ZKSyncBSPMasterClient.java:84)
	at org.apache.hama.bsp.sync.ZKSyncBSPMasterClient.registerJob(ZKSyncBSPMasterClient.java:95)
	at org.apache.hama.bsp.JobInProgress.initTasks(JobInProgress.java:299)
	at org.apache.hama.bsp.QueueManager.initJob(QueueManager.java:44)
	at org.apache.hama.bsp.SimpleTaskScheduler$JobListener.jobAdded(SimpleTaskScheduler.java:112)
	at org.apache.hama.bsp.BSPMaster.addJob(BSPMaster.java:789)
	at org.apache.hama.bsp.BSPMaster.submitJob(BSPMaster.java:639)
	at sun.reflect.GeneratedMethodAccessor29.invoke(Unknown Source)
	at sun.reflect.DelegatingMethodAccessorImpl.invoke(DelegatingMethodAccessorImpl.java:43)
	at java.lang.reflect.Method.invoke(Method.java:606)
	at org.apache.hama.ipc.RPC$Server.call(RPC.java:615)
	at org.apache.hama.ipc.Server$Handler$1.run(Server.java:1211)
	at org.apache.hama.ipc.Server$Handler$1.run(Server.java:1207)
	at java.security.AccessController.doPrivileged(Native Method)
	at javax.security.auth.Subject.doAs(Subject.java:415)
	at org.apache.hadoop.security.UserGroupInformation.doAs(UserGroupInformation.java:1657)
	at org.apache.hama.ipc.Server$Handler.run(Server.java:1206)
2015-11-23 14:21:55,345 ERROR org.apache.hama.bsp.sync.ZKSyncClient: Error creating zk path /bsp/job_201511222005_0049
org.apache.zookeeper.KeeperException$SessionExpiredException: KeeperErrorCode = Session expired for /bsp
	at org.apache.zookeeper.KeeperException.create(KeeperException.java:127)
	at org.apache.zookeeper.KeeperException.create(KeeperException.java:51)
	at org.apache.zookeeper.ZooKeeper.exists(ZooKeeper.java:1041)
	at org.apache.zookeeper.ZooKeeper.exists(ZooKeeper.java:1069)
	at org.apache.hama.bsp.sync.ZKSyncClient.createZnode(ZKSyncClient.java:135)
	at org.apache.hama.bsp.sync.ZKSyncClient.writeNode(ZKSyncClient.java:281)
	at org.apache.hama.bsp.sync.ZKSyncBSPMasterClient.createJobRoot(ZKSyncBSPMasterClient.java:84)
	at org.apache.hama.bsp.sync.ZKSyncBSPMasterClient.registerJob(ZKSyncBSPMasterClient.java:95)
	at org.apache.hama.bsp.JobInProgress.initTasks(JobInProgress.java:299)
	at org.apache.hama.bsp.QueueManager.initJob(QueueManager.java:44)
	at org.apache.hama.bsp.SimpleTaskScheduler$JobListener.jobAdded(SimpleTaskScheduler.java:112)
	at org.apache.hama.bsp.BSPMaster.addJob(BSPMaster.java:789)
	at org.apache.hama.bsp.BSPMaster.submitJob(BSPMaster.java:639)
	at sun.reflect.GeneratedMethodAccessor29.invoke(Unknown Source)
	at sun.reflect.DelegatingMethodAccessorImpl.invoke(DelegatingMethodAccessorImpl.java:43)
	at java.lang.reflect.Method.invoke(Method.java:606)
	at org.apache.hama.ipc.RPC$Server.call(RPC.java:615)
	at org.apache.hama.ipc.Server$Handler$1.run(Server.java:1211)
	at org.apache.hama.ipc.Server$Handler$1.run(Server.java:1207)
	at java.security.AccessController.doPrivileged(Native Method)
	at javax.security.auth.Subject.doAs(Subject.java:415)
	at org.apache.hadoop.security.UserGroupInformation.doAs(UserGroupInformation.java:1657)
	at org.apache.hama.ipc.Server$Handler.run(Server.java:1206)
2015-11-23 14:21:55,346 INFO org.apache.hama.bsp.JobInProgress: Job is initialized.
2015-11-23 14:22:05,971 INFO org.apache.hama.bsp.JobInProgress: Job successfully done.
2015-11-23 14:22:05,971 ERROR org.apache.hama.bsp.sync.ZKSyncBSPMasterClient: Error deleting job job_201511222005_0049
2015-11-23 14:42:14,641 INFO org.apache.hadoop.conf.Configuration.deprecation: user.name is deprecated. Instead, use mapreduce.job.user.name
2015-11-23 14:42:14,658 ERROR org.apache.hama.bsp.sync.ZKSyncClient: Error checking zk path /bsp/job_201511222005_0050
org.apache.zookeeper.KeeperException$SessionExpiredException: KeeperErrorCode = Session expired for /bsp/job_201511222005_0050
	at org.apache.zookeeper.KeeperException.create(KeeperException.java:127)
	at org.apache.zookeeper.KeeperException.create(KeeperException.java:51)
	at org.apache.zookeeper.ZooKeeper.exists(ZooKeeper.java:1041)
	at org.apache.zookeeper.ZooKeeper.exists(ZooKeeper.java:1069)
	at org.apache.hama.bsp.sync.ZKSyncClient.isExists(ZKSyncClient.java:108)
	at org.apache.hama.bsp.sync.ZKSyncClient.writeNode(ZKSyncClient.java:261)
	at org.apache.hama.bsp.sync.ZKSyncBSPMasterClient.createJobRoot(ZKSyncBSPMasterClient.java:84)
	at org.apache.hama.bsp.sync.ZKSyncBSPMasterClient.registerJob(ZKSyncBSPMasterClient.java:95)
	at org.apache.hama.bsp.JobInProgress.initTasks(JobInProgress.java:299)
	at org.apache.hama.bsp.QueueManager.initJob(QueueManager.java:44)
	at org.apache.hama.bsp.SimpleTaskScheduler$JobListener.jobAdded(SimpleTaskScheduler.java:112)
	at org.apache.hama.bsp.BSPMaster.addJob(BSPMaster.java:789)
	at org.apache.hama.bsp.BSPMaster.submitJob(BSPMaster.java:639)
	at sun.reflect.GeneratedMethodAccessor29.invoke(Unknown Source)
	at sun.reflect.DelegatingMethodAccessorImpl.invoke(DelegatingMethodAccessorImpl.java:43)
	at java.lang.reflect.Method.invoke(Method.java:606)
	at org.apache.hama.ipc.RPC$Server.call(RPC.java:615)
	at org.apache.hama.ipc.Server$Handler$1.run(Server.java:1211)
	at org.apache.hama.ipc.Server$Handler$1.run(Server.java:1207)
	at java.security.AccessController.doPrivileged(Native Method)
	at javax.security.auth.Subject.doAs(Subject.java:415)
	at org.apache.hadoop.security.UserGroupInformation.doAs(UserGroupInformation.java:1657)
	at org.apache.hama.ipc.Server$Handler.run(Server.java:1206)
2015-11-23 14:42:14,658 ERROR org.apache.hama.bsp.sync.ZKSyncClient: Error creating zk path /bsp/job_201511222005_0050
org.apache.zookeeper.KeeperException$SessionExpiredException: KeeperErrorCode = Session expired for /bsp
	at org.apache.zookeeper.KeeperException.create(KeeperException.java:127)
	at org.apache.zookeeper.KeeperException.create(KeeperException.java:51)
	at org.apache.zookeeper.ZooKeeper.exists(ZooKeeper.java:1041)
	at org.apache.zookeeper.ZooKeeper.exists(ZooKeeper.java:1069)
	at org.apache.hama.bsp.sync.ZKSyncClient.createZnode(ZKSyncClient.java:135)
	at org.apache.hama.bsp.sync.ZKSyncClient.writeNode(ZKSyncClient.java:281)
	at org.apache.hama.bsp.sync.ZKSyncBSPMasterClient.createJobRoot(ZKSyncBSPMasterClient.java:84)
	at org.apache.hama.bsp.sync.ZKSyncBSPMasterClient.registerJob(ZKSyncBSPMasterClient.java:95)
	at org.apache.hama.bsp.JobInProgress.initTasks(JobInProgress.java:299)
	at org.apache.hama.bsp.QueueManager.initJob(QueueManager.java:44)
	at org.apache.hama.bsp.SimpleTaskScheduler$JobListener.jobAdded(SimpleTaskScheduler.java:112)
	at org.apache.hama.bsp.BSPMaster.addJob(BSPMaster.java:789)
	at org.apache.hama.bsp.BSPMaster.submitJob(BSPMaster.java:639)
	at sun.reflect.GeneratedMethodAccessor29.invoke(Unknown Source)
	at sun.reflect.DelegatingMethodAccessorImpl.invoke(DelegatingMethodAccessorImpl.java:43)
	at java.lang.reflect.Method.invoke(Method.java:606)
	at org.apache.hama.ipc.RPC$Server.call(RPC.java:615)
	at org.apache.hama.ipc.Server$Handler$1.run(Server.java:1211)
	at org.apache.hama.ipc.Server$Handler$1.run(Server.java:1207)
	at java.security.AccessController.doPrivileged(Native Method)
	at javax.security.auth.Subject.doAs(Subject.java:415)
	at org.apache.hadoop.security.UserGroupInformation.doAs(UserGroupInformation.java:1657)
	at org.apache.hama.ipc.Server$Handler.run(Server.java:1206)
2015-11-23 14:42:14,659 INFO org.apache.hama.bsp.JobInProgress: Job is initialized.
2015-11-23 14:42:19,556 INFO org.apache.hama.bsp.JobInProgress: Job successfully done.
2015-11-23 14:42:19,556 ERROR org.apache.hama.bsp.sync.ZKSyncBSPMasterClient: Error deleting job job_201511222005_0050
2015-11-23 15:12:34,378 INFO org.apache.hadoop.conf.Configuration.deprecation: user.name is deprecated. Instead, use mapreduce.job.user.name
2015-11-23 15:12:34,393 ERROR org.apache.hama.bsp.sync.ZKSyncClient: Error checking zk path /bsp/job_201511222005_0051
org.apache.zookeeper.KeeperException$SessionExpiredException: KeeperErrorCode = Session expired for /bsp/job_201511222005_0051
	at org.apache.zookeeper.KeeperException.create(KeeperException.java:127)
	at org.apache.zookeeper.KeeperException.create(KeeperException.java:51)
	at org.apache.zookeeper.ZooKeeper.exists(ZooKeeper.java:1041)
	at org.apache.zookeeper.ZooKeeper.exists(ZooKeeper.java:1069)
	at org.apache.hama.bsp.sync.ZKSyncClient.isExists(ZKSyncClient.java:108)
	at org.apache.hama.bsp.sync.ZKSyncClient.writeNode(ZKSyncClient.java:261)
	at org.apache.hama.bsp.sync.ZKSyncBSPMasterClient.createJobRoot(ZKSyncBSPMasterClient.java:84)
	at org.apache.hama.bsp.sync.ZKSyncBSPMasterClient.registerJob(ZKSyncBSPMasterClient.java:95)
	at org.apache.hama.bsp.JobInProgress.initTasks(JobInProgress.java:299)
	at org.apache.hama.bsp.QueueManager.initJob(QueueManager.java:44)
	at org.apache.hama.bsp.SimpleTaskScheduler$JobListener.jobAdded(SimpleTaskScheduler.java:112)
	at org.apache.hama.bsp.BSPMaster.addJob(BSPMaster.java:789)
	at org.apache.hama.bsp.BSPMaster.submitJob(BSPMaster.java:639)
	at sun.reflect.GeneratedMethodAccessor29.invoke(Unknown Source)
	at sun.reflect.DelegatingMethodAccessorImpl.invoke(DelegatingMethodAccessorImpl.java:43)
	at java.lang.reflect.Method.invoke(Method.java:606)
	at org.apache.hama.ipc.RPC$Server.call(RPC.java:615)
	at org.apache.hama.ipc.Server$Handler$1.run(Server.java:1211)
	at org.apache.hama.ipc.Server$Handler$1.run(Server.java:1207)
	at java.security.AccessController.doPrivileged(Native Method)
	at javax.security.auth.Subject.doAs(Subject.java:415)
	at org.apache.hadoop.security.UserGroupInformation.doAs(UserGroupInformation.java:1657)
	at org.apache.hama.ipc.Server$Handler.run(Server.java:1206)
2015-11-23 15:12:34,395 ERROR org.apache.hama.bsp.sync.ZKSyncClient: Error creating zk path /bsp/job_201511222005_0051
org.apache.zookeeper.KeeperException$SessionExpiredException: KeeperErrorCode = Session expired for /bsp
	at org.apache.zookeeper.KeeperException.create(KeeperException.java:127)
	at org.apache.zookeeper.KeeperException.create(KeeperException.java:51)
	at org.apache.zookeeper.ZooKeeper.exists(ZooKeeper.java:1041)
	at org.apache.zookeeper.ZooKeeper.exists(ZooKeeper.java:1069)
	at org.apache.hama.bsp.sync.ZKSyncClient.createZnode(ZKSyncClient.java:135)
	at org.apache.hama.bsp.sync.ZKSyncClient.writeNode(ZKSyncClient.java:281)
	at org.apache.hama.bsp.sync.ZKSyncBSPMasterClient.createJobRoot(ZKSyncBSPMasterClient.java:84)
	at org.apache.hama.bsp.sync.ZKSyncBSPMasterClient.registerJob(ZKSyncBSPMasterClient.java:95)
	at org.apache.hama.bsp.JobInProgress.initTasks(JobInProgress.java:299)
	at org.apache.hama.bsp.QueueManager.initJob(QueueManager.java:44)
	at org.apache.hama.bsp.SimpleTaskScheduler$JobListener.jobAdded(SimpleTaskScheduler.java:112)
	at org.apache.hama.bsp.BSPMaster.addJob(BSPMaster.java:789)
	at org.apache.hama.bsp.BSPMaster.submitJob(BSPMaster.java:639)
	at sun.reflect.GeneratedMethodAccessor29.invoke(Unknown Source)
	at sun.reflect.DelegatingMethodAccessorImpl.invoke(DelegatingMethodAccessorImpl.java:43)
	at java.lang.reflect.Method.invoke(Method.java:606)
	at org.apache.hama.ipc.RPC$Server.call(RPC.java:615)
	at org.apache.hama.ipc.Server$Handler$1.run(Server.java:1211)
	at org.apache.hama.ipc.Server$Handler$1.run(Server.java:1207)
	at java.security.AccessController.doPrivileged(Native Method)
	at javax.security.auth.Subject.doAs(Subject.java:415)
	at org.apache.hadoop.security.UserGroupInformation.doAs(UserGroupInformation.java:1657)
	at org.apache.hama.ipc.Server$Handler.run(Server.java:1206)
2015-11-23 15:12:34,395 INFO org.apache.hama.bsp.JobInProgress: Job is initialized.
2015-11-23 15:12:44,093 INFO org.apache.hama.bsp.JobInProgress: Job successfully done.
2015-11-23 15:12:44,093 ERROR org.apache.hama.bsp.sync.ZKSyncBSPMasterClient: Error deleting job job_201511222005_0051
2015-11-23 15:44:14,477 INFO org.apache.hadoop.conf.Configuration.deprecation: user.name is deprecated. Instead, use mapreduce.job.user.name
2015-11-23 15:44:14,495 ERROR org.apache.hama.bsp.sync.ZKSyncClient: Error checking zk path /bsp/job_201511222005_0052
org.apache.zookeeper.KeeperException$SessionExpiredException: KeeperErrorCode = Session expired for /bsp/job_201511222005_0052
	at org.apache.zookeeper.KeeperException.create(KeeperException.java:127)
	at org.apache.zookeeper.KeeperException.create(KeeperException.java:51)
	at org.apache.zookeeper.ZooKeeper.exists(ZooKeeper.java:1041)
	at org.apache.zookeeper.ZooKeeper.exists(ZooKeeper.java:1069)
	at org.apache.hama.bsp.sync.ZKSyncClient.isExists(ZKSyncClient.java:108)
	at org.apache.hama.bsp.sync.ZKSyncClient.writeNode(ZKSyncClient.java:261)
	at org.apache.hama.bsp.sync.ZKSyncBSPMasterClient.createJobRoot(ZKSyncBSPMasterClient.java:84)
	at org.apache.hama.bsp.sync.ZKSyncBSPMasterClient.registerJob(ZKSyncBSPMasterClient.java:95)
	at org.apache.hama.bsp.JobInProgress.initTasks(JobInProgress.java:299)
	at org.apache.hama.bsp.QueueManager.initJob(QueueManager.java:44)
	at org.apache.hama.bsp.SimpleTaskScheduler$JobListener.jobAdded(SimpleTaskScheduler.java:112)
	at org.apache.hama.bsp.BSPMaster.addJob(BSPMaster.java:789)
	at org.apache.hama.bsp.BSPMaster.submitJob(BSPMaster.java:639)
	at sun.reflect.GeneratedMethodAccessor29.invoke(Unknown Source)
	at sun.reflect.DelegatingMethodAccessorImpl.invoke(DelegatingMethodAccessorImpl.java:43)
	at java.lang.reflect.Method.invoke(Method.java:606)
	at org.apache.hama.ipc.RPC$Server.call(RPC.java:615)
	at org.apache.hama.ipc.Server$Handler$1.run(Server.java:1211)
	at org.apache.hama.ipc.Server$Handler$1.run(Server.java:1207)
	at java.security.AccessController.doPrivileged(Native Method)
	at javax.security.auth.Subject.doAs(Subject.java:415)
	at org.apache.hadoop.security.UserGroupInformation.doAs(UserGroupInformation.java:1657)
	at org.apache.hama.ipc.Server$Handler.run(Server.java:1206)
2015-11-23 15:44:14,495 ERROR org.apache.hama.bsp.sync.ZKSyncClient: Error creating zk path /bsp/job_201511222005_0052
org.apache.zookeeper.KeeperException$SessionExpiredException: KeeperErrorCode = Session expired for /bsp
	at org.apache.zookeeper.KeeperException.create(KeeperException.java:127)
	at org.apache.zookeeper.KeeperException.create(KeeperException.java:51)
	at org.apache.zookeeper.ZooKeeper.exists(ZooKeeper.java:1041)
	at org.apache.zookeeper.ZooKeeper.exists(ZooKeeper.java:1069)
	at org.apache.hama.bsp.sync.ZKSyncClient.createZnode(ZKSyncClient.java:135)
	at org.apache.hama.bsp.sync.ZKSyncClient.writeNode(ZKSyncClient.java:281)
	at org.apache.hama.bsp.sync.ZKSyncBSPMasterClient.createJobRoot(ZKSyncBSPMasterClient.java:84)
	at org.apache.hama.bsp.sync.ZKSyncBSPMasterClient.registerJob(ZKSyncBSPMasterClient.java:95)
	at org.apache.hama.bsp.JobInProgress.initTasks(JobInProgress.java:299)
	at org.apache.hama.bsp.QueueManager.initJob(QueueManager.java:44)
	at org.apache.hama.bsp.SimpleTaskScheduler$JobListener.jobAdded(SimpleTaskScheduler.java:112)
	at org.apache.hama.bsp.BSPMaster.addJob(BSPMaster.java:789)
	at org.apache.hama.bsp.BSPMaster.submitJob(BSPMaster.java:639)
	at sun.reflect.GeneratedMethodAccessor29.invoke(Unknown Source)
	at sun.reflect.DelegatingMethodAccessorImpl.invoke(DelegatingMethodAccessorImpl.java:43)
	at java.lang.reflect.Method.invoke(Method.java:606)
	at org.apache.hama.ipc.RPC$Server.call(RPC.java:615)
	at org.apache.hama.ipc.Server$Handler$1.run(Server.java:1211)
	at org.apache.hama.ipc.Server$Handler$1.run(Server.java:1207)
	at java.security.AccessController.doPrivileged(Native Method)
	at javax.security.auth.Subject.doAs(Subject.java:415)
	at org.apache.hadoop.security.UserGroupInformation.doAs(UserGroupInformation.java:1657)
	at org.apache.hama.ipc.Server$Handler.run(Server.java:1206)
2015-11-23 15:44:14,496 INFO org.apache.hama.bsp.JobInProgress: Job is initialized.
2015-11-23 15:44:56,703 INFO org.apache.hama.bsp.JobInProgress: Job successfully done.
2015-11-23 15:44:56,703 ERROR org.apache.hama.bsp.sync.ZKSyncBSPMasterClient: Error deleting job job_201511222005_0052
2015-11-23 15:46:15,399 INFO org.apache.hadoop.conf.Configuration.deprecation: user.name is deprecated. Instead, use mapreduce.job.user.name
2015-11-23 15:46:15,415 ERROR org.apache.hama.bsp.sync.ZKSyncClient: Error checking zk path /bsp/job_201511222005_0053
org.apache.zookeeper.KeeperException$SessionExpiredException: KeeperErrorCode = Session expired for /bsp/job_201511222005_0053
	at org.apache.zookeeper.KeeperException.create(KeeperException.java:127)
	at org.apache.zookeeper.KeeperException.create(KeeperException.java:51)
	at org.apache.zookeeper.ZooKeeper.exists(ZooKeeper.java:1041)
	at org.apache.zookeeper.ZooKeeper.exists(ZooKeeper.java:1069)
	at org.apache.hama.bsp.sync.ZKSyncClient.isExists(ZKSyncClient.java:108)
	at org.apache.hama.bsp.sync.ZKSyncClient.writeNode(ZKSyncClient.java:261)
	at org.apache.hama.bsp.sync.ZKSyncBSPMasterClient.createJobRoot(ZKSyncBSPMasterClient.java:84)
	at org.apache.hama.bsp.sync.ZKSyncBSPMasterClient.registerJob(ZKSyncBSPMasterClient.java:95)
	at org.apache.hama.bsp.JobInProgress.initTasks(JobInProgress.java:299)
	at org.apache.hama.bsp.QueueManager.initJob(QueueManager.java:44)
	at org.apache.hama.bsp.SimpleTaskScheduler$JobListener.jobAdded(SimpleTaskScheduler.java:112)
	at org.apache.hama.bsp.BSPMaster.addJob(BSPMaster.java:789)
	at org.apache.hama.bsp.BSPMaster.submitJob(BSPMaster.java:639)
	at sun.reflect.GeneratedMethodAccessor29.invoke(Unknown Source)
	at sun.reflect.DelegatingMethodAccessorImpl.invoke(DelegatingMethodAccessorImpl.java:43)
	at java.lang.reflect.Method.invoke(Method.java:606)
	at org.apache.hama.ipc.RPC$Server.call(RPC.java:615)
	at org.apache.hama.ipc.Server$Handler$1.run(Server.java:1211)
	at org.apache.hama.ipc.Server$Handler$1.run(Server.java:1207)
	at java.security.AccessController.doPrivileged(Native Method)
	at javax.security.auth.Subject.doAs(Subject.java:415)
	at org.apache.hadoop.security.UserGroupInformation.doAs(UserGroupInformation.java:1657)
	at org.apache.hama.ipc.Server$Handler.run(Server.java:1206)
2015-11-23 15:46:15,415 ERROR org.apache.hama.bsp.sync.ZKSyncClient: Error creating zk path /bsp/job_201511222005_0053
org.apache.zookeeper.KeeperException$SessionExpiredException: KeeperErrorCode = Session expired for /bsp
	at org.apache.zookeeper.KeeperException.create(KeeperException.java:127)
	at org.apache.zookeeper.KeeperException.create(KeeperException.java:51)
	at org.apache.zookeeper.ZooKeeper.exists(ZooKeeper.java:1041)
	at org.apache.zookeeper.ZooKeeper.exists(ZooKeeper.java:1069)
	at org.apache.hama.bsp.sync.ZKSyncClient.createZnode(ZKSyncClient.java:135)
	at org.apache.hama.bsp.sync.ZKSyncClient.writeNode(ZKSyncClient.java:281)
	at org.apache.hama.bsp.sync.ZKSyncBSPMasterClient.createJobRoot(ZKSyncBSPMasterClient.java:84)
	at org.apache.hama.bsp.sync.ZKSyncBSPMasterClient.registerJob(ZKSyncBSPMasterClient.java:95)
	at org.apache.hama.bsp.JobInProgress.initTasks(JobInProgress.java:299)
	at org.apache.hama.bsp.QueueManager.initJob(QueueManager.java:44)
	at org.apache.hama.bsp.SimpleTaskScheduler$JobListener.jobAdded(SimpleTaskScheduler.java:112)
	at org.apache.hama.bsp.BSPMaster.addJob(BSPMaster.java:789)
	at org.apache.hama.bsp.BSPMaster.submitJob(BSPMaster.java:639)
	at sun.reflect.GeneratedMethodAccessor29.invoke(Unknown Source)
	at sun.reflect.DelegatingMethodAccessorImpl.invoke(DelegatingMethodAccessorImpl.java:43)
	at java.lang.reflect.Method.invoke(Method.java:606)
	at org.apache.hama.ipc.RPC$Server.call(RPC.java:615)
	at org.apache.hama.ipc.Server$Handler$1.run(Server.java:1211)
	at org.apache.hama.ipc.Server$Handler$1.run(Server.java:1207)
	at java.security.AccessController.doPrivileged(Native Method)
	at javax.security.auth.Subject.doAs(Subject.java:415)
	at org.apache.hadoop.security.UserGroupInformation.doAs(UserGroupInformation.java:1657)
	at org.apache.hama.ipc.Server$Handler.run(Server.java:1206)
2015-11-23 15:46:15,416 INFO org.apache.hama.bsp.JobInProgress: Job is initialized.
2015-11-23 15:46:20,811 INFO org.apache.hama.bsp.JobInProgress: Job successfully done.
2015-11-23 15:46:20,811 ERROR org.apache.hama.bsp.sync.ZKSyncBSPMasterClient: Error deleting job job_201511222005_0053
